<?xml version="1.0" encoding="UTF-8" ?>
<testsuite errors="0" failures="0" hostname="ethanrae" name="source.DataBase_ConnectorTest" skipped="0" tests="5" time="11.121" timestamp="2014-05-12T05:10:11">
  <properties>
    <property name="libs.jsp-compiler.javadoc" value="" />
    <property name="netbeans.autoupdate.country" value="US" />
    <property name="libs.SimpleStringEncrypt.src" value="" />
    <property name="nb.wait.for.caches" value="true" />
    <property name="javac.test.classpath" value="lib/activation.jar:lib/derby.jar:lib/derbyclient.jar:lib/derbynet.jar:lib/javax.mail.jar:lib/jxl-2.6.jar:build/classes:lib/junit.jar" />
    <property name="libs.jsf20.maven-pom" value="" />
    <property name="libs.SimpleStringEncrypt.maven-pom" value="" />
    <property name="libs.junit.javadoc" value="/Applications/NetBeans/NetBeans 7.4.app/Contents/Resources/NetBeans/java/docs/junit-3.8.2-api.zip" />
    <property name="ant.core.lib" value="/Applications/NetBeans/NetBeans 7.4.app/Contents/Resources/NetBeans/extide/ant/lib/ant.jar" />
    <property name="javadoc.windowtitle" value="" />
    <property name="libs.jsp-compilation.javadoc" value="" />
    <property name="user.dir" value="/Users/E/Dropbox/comp350/Re_Team2/early_warning_fire_system" />
    <property name="com.apple.mrj.application.apple.menu.about.name" value="NetBeans" />
    <property name="libs.javaee-api-7.0.src" value="" />
    <property name="libs.hibernate-persistence.javadoc" value="" />
    <property name="java.vm.version" value="25.5-b02" />
    <property name="libs.MyLibrary.src" value="" />
    <property name="libs.MySQLDriver.classpath" value="/Applications/NetBeans/NetBeans 7.4.app/Contents/Resources/NetBeans/ide/modules/ext/mysql-connector-java-5.1.23-bin.jar" />
    <property name="libs.eclipselinkmodelgen.src" value="" />
    <property name="file.reference.joda-time-2.3.jar" value="lib/joda-time-2.3.jar" />
    <property name="javadoc.notree" value="false" />
    <property name="netbeans.autoupdate.version" value="1.23" />
    <property name="libs.EclipseLink-GlassFish-v3.classpath" value="/Applications/NetBeans/glassfish-4.0/glassfish/modules/org.eclipse.persistence.antlr.jar:/Applications/NetBeans/glassfish-4.0/glassfish/modules/org.eclipse.persistence.asm.jar:/Applications/NetBeans/glassfish-4.0/glassfish/modules/org.eclipse.persistence.core.jar:/Applications/NetBeans/glassfish-4.0/glassfish/modules/org.eclipse.persistence.dbws.jar:/Applications/NetBeans/glassfish-4.0/glassfish/modules/org.eclipse.persistence.jpa.jar:/Applications/NetBeans/glassfish-4.0/glassfish/modules/org.eclipse.persistence.jpa.jpql.jar:/Applications/NetBeans/glassfish-4.0/glassfish/modules/org.eclipse.persistence.jpa.modelgen.processor.jar:/Applications/NetBeans/glassfish-4.0/glassfish/modules/org.eclipse.persistence.moxy.jar:/Applications/NetBeans/glassfish-4.0/glassfish/modules/org.eclipse.persistence.oracle.jar:/Applications/NetBeans/glassfish-4.0/glassfish/modules/javax.persistence.jar" />
    <property name="libs.javaee-web-api-6.0.classpath" value="/Applications/NetBeans/NetBeans 7.4.app/Contents/Resources/NetBeans/enterprise/modules/ext/javaee-web-api-6.0.jar" />
    <property name="libs.hibernate-support.maven-pom" value="" />
    <property name="libs.hibernate-support.javadoc" value="" />
    <property name="libs.Java-EE-GlassFish-v3-Prelude.javadoc" value="/Applications/NetBeans/NetBeans 7.4.app/Contents/Resources/NetBeans/enterprise/docs/javaee-doc-api.jar" />
    <property name="javac.profile.cmd.line.arg" value="" />
    <property name="jdk.home" value="/Library/Java/JavaVirtualMachines/jdk1.8.0_05.jdk/Contents/Home" />
    <property name="libs.javac-api.src" value="" />
    <property name="javadoc.noindex" value="false" />
    <property name="sun.os.patch.level" value="unknown" />
    <property name="libs.Java-EE-GlassFish-v3-Prelude.src" value="" />
    <property name="do.archive+manifest.available" value="true" />
    <property name="java.vm.specification.name" value="Java Virtual Machine Specification" />
    <property name="nb.show.statistics.ui" value="usageStatisticsEnabled" />
    <property name="netbeans.autoupdate.variant" value="" />
    <property name="have.tests" value="true" />
    <property name="org.xml.sax.driver" value="com.sun.org.apache.xerces.internal.jaxp.SAXParserImpl$JAXPSAXParser" />
    <property name="libs.javac-api.javadoc" value="" />
    <property name="os.name" value="Mac OS X" />
    <property name="libs.beans-binding.classpath" value="/Applications/NetBeans/NetBeans 7.4.app/Contents/Resources/NetBeans/java/modules/ext/beansbinding-1.2.1.jar" />
    <property name="libs.javaee-endorsed-api-7.0.maven-pom" value="" />
    <property name="ap.proc.none.internal" value="" />
    <property name="libs.restapi.javadoc" value="" />
    <property name="libs.JWSAntTasks.maven-pom" value="" />
    <property name="libs.jstl.classpath" value="/Applications/NetBeans/NetBeans 7.4.app/Contents/Resources/NetBeans/enterprise/modules/ext/jstl-impl.jar:/Applications/NetBeans/NetBeans 7.4.app/Contents/Resources/NetBeans/enterprise/modules/ext/jstl-api.jar" />
    <property name="libs.testng.src" value="" />
    <property name="libs.spring-webmvc3.0.src" value="" />
    <property name="libs.restapi.classpath" value="/Applications/NetBeans/NetBeans 7.4.app/Contents/Resources/NetBeans/enterprise/modules/ext/jaxrs-2.0/javax.ws.rs-api-2.0.jar" />
    <property name="java.vendor.url.bug" value="http://bugreport.sun.com/bugreport/" />
    <property name="libs.jaxb.maven-pom" value="" />
    <property name="os.arch" value="x86_64" />
    <property name="libs.eclipselink.src" value="" />
    <property name="user.name" value="E" />
    <property name="libs.jsf12.javadoc" value="/Applications/NetBeans/NetBeans 7.4.app/Contents/Resources/NetBeans/enterprise/docs/javaee-doc-api.jar" />
    <property name="libs.Comet-GlassFish-v3.javadoc" value="" />
    <property name="copylibs.rebase" value="true" />
    <property name="libs.spring-webmvc3.0.maven-pom" value="" />
    <property name="libs.swing-layout.maven-pom" value="" />
    <property name="sun.java.command" value="org.apache.tools.ant.taskdefs.optional.junit.JUnitTestRunner source.DataBase_ConnectorTest filtertrace=true haltOnError=false haltOnFailure=false showoutput=true outputtoformatters=true logfailedtests=true logtestlistenerevents=true formatter=org.apache.tools.ant.taskdefs.optional.junit.BriefJUnitResultFormatter formatter=org.apache.tools.ant.taskdefs.optional.junit.XMLJUnitResultFormatter,/Users/E/Dropbox/comp350/Re_Team2/early_warning_fire_system/build/test/results/TEST-source.DataBase_ConnectorTest.xml crashfile=/Users/E/Dropbox/comp350/Re_Team2/early_warning_fire_system/build/junitvmwatcher8506025614678308060.properties propsfile=/Users/E/Dropbox/comp350/Re_Team2/early_warning_fire_system/build/junit8042427425829219579.properties" />
    <property name="build.classes.dir" value="build/classes" />
    <property name="netbeans.accept_license_class" value="org.netbeans.license.AcceptLicense" />
    <property name="build.sysclasspath" value="ignore" />
    <property name="ap.supported.internal" value="true" />
    <property name="libs.javaee-endorsed-api-7.0.javadoc" value="/Applications/NetBeans/NetBeans 7.4.app/Contents/Resources/NetBeans/enterprise/docs/javaee-doc-api.jar" />
    <property name="libs.jaxws21.javadoc" value="/Applications/NetBeans/NetBeans 7.4.app/Contents/Resources/NetBeans/java/docs/jaxws-api-doc.zip" />
    <property name="includes" value="**" />
    <property name="ant.file.type.early_warning_fire_system-impl" value="file" />
    <property name="user.country" value="US" />
    <property name="manifest.file" value="manifest.mf" />
    <property name="javadoc.encoding" value="UTF-8" />
    <property name="javac.classpath" value="lib/activation.jar:lib/derby.jar:lib/derbyclient.jar:lib/derbynet.jar:lib/javax.mail.jar:lib/jxl-2.6.jar" />
    <property name="libs.jsp-compilation-syscp.src" value="" />
    <property name="libs.JAVADB_DRIVER_LABEL.src" value="" />
    <property name="file.reference.jasypt-1.9.2.jar" value="lib/jasypt-1.9.2.jar" />
    <property name="debug-transport" value="dt_socket" />
    <property name="netbeans.home" value="/Applications/NetBeans/NetBeans 7.4.app/Contents/Resources/NetBeans/platform" />
    <property name="build.compiler.emacs" value="true" />
    <property name="libs.javaee-web-api-6.0.src" value="" />
    <property name="libs.ejb3-persistence.src" value="" />
    <property name="libs.jsp-compilation-syscp.classpath" value="/Applications/NetBeans/NetBeans 7.4.app/Contents/Resources/NetBeans/extide/ant/lib/ant.jar:/Applications/NetBeans/NetBeans 7.4.app/Contents/Resources/NetBeans/enterprise/modules/ext/servlet3.1-jsp2.3-api.jar:/Applications/NetBeans/NetBeans 7.4.app/Contents/Resources/NetBeans/enterprise/modules/ext/glassfish-jspparser-4.0.jar:/Applications/NetBeans/NetBeans 7.4.app/Contents/Resources/NetBeans/enterprise/modules/ext/jstl-impl.jar:/Applications/NetBeans/NetBeans 7.4.app/Contents/Resources/NetBeans/enterprise/modules/ext/jsf-2_2/javax.faces.jar" />
    <property name="java.endorsed.dirs" value="/Library/Java/JavaVirtualMachines/jdk1.8.0_05.jdk/Contents/Home/jre/lib/endorsed" />
    <property name="ant.file.early_warning_fire_system" value="/Users/E/Dropbox/comp350/Re_Team2/early_warning_fire_system/build.xml" />
    <property name="libs.hibernate-persistencemodelgen.classpath" value="/Applications/NetBeans/NetBeans 7.4.app/Contents/Resources/NetBeans/java/modules/ext/hibernate/hibernate-jpamodelgen-1.1.1.Final.jar" />
    <property name="libs.Comet-GlassFish-v3.maven-pom" value="" />
    <property name="netbeans.dynamic.classpath" value="/Applications/NetBeans/NetBeans 7.4.app/Contents/Resources/NetBeans/platform/core/core.jar:/Applications/NetBeans/NetBeans 7.4.app/Contents/Resources/NetBeans/platform/core/org-openide-filesystems.jar:/Applications/NetBeans/NetBeans 7.4.app/Contents/Resources/NetBeans/platform/core/locale/core_ja.jar:/Applications/NetBeans/NetBeans 7.4.app/Contents/Resources/NetBeans/platform/core/locale/core_pt_BR.jar:/Applications/NetBeans/NetBeans 7.4.app/Contents/Resources/NetBeans/platform/core/locale/core_ru.jar:/Applications/NetBeans/NetBeans 7.4.app/Contents/Resources/NetBeans/platform/core/locale/core_zh_CN.jar:/Applications/NetBeans/NetBeans 7.4.app/Contents/Resources/NetBeans/platform/core/locale/org-openide-filesystems_ja.jar:/Applications/NetBeans/NetBeans 7.4.app/Contents/Resources/NetBeans/platform/core/locale/org-openide-filesystems_pt_BR.jar:/Applications/NetBeans/NetBeans 7.4.app/Contents/Resources/NetBeans/platform/core/locale/org-openide-filesystems_ru.jar:/Applications/NetBeans/NetBeans 7.4.app/Contents/Resources/NetBeans/platform/core/locale/org-openide-filesystems_zh_CN.jar:/Applications/NetBeans/NetBeans 7.4.app/Contents/Resources/NetBeans/nb/core/org-netbeans-upgrader.jar:/Applications/NetBeans/NetBeans 7.4.app/Contents/Resources/NetBeans/nb/core/locale/core_nb.jar:/Applications/NetBeans/NetBeans 7.4.app/Contents/Resources/NetBeans/nb/core/locale/core_nb_ja.jar:/Applications/NetBeans/NetBeans 7.4.app/Contents/Resources/NetBeans/nb/core/locale/core_nb_pt_BR.jar:/Applications/NetBeans/NetBeans 7.4.app/Contents/Resources/NetBeans/nb/core/locale/core_nb_ru.jar:/Applications/NetBeans/NetBeans 7.4.app/Contents/Resources/NetBeans/nb/core/locale/core_nb_zh_CN.jar:/Applications/NetBeans/NetBeans 7.4.app/Contents/Resources/NetBeans/nb/core/locale/org-netbeans-upgrader_ja.jar:/Applications/NetBeans/NetBeans 7.4.app/Contents/Resources/NetBeans/nb/core/locale/org-netbeans-upgrader_pt_BR.jar:/Applications/NetBeans/NetBeans 7.4.app/Contents/Resources/NetBeans/nb/core/locale/org-netbeans-upgrader_ru.jar:/Applications/NetBeans/NetBeans 7.4.app/Contents/Resources/NetBeans/nb/core/locale/org-netbeans-upgrader_zh_CN.jar" />
    <property name="java.vm.specification.version" value="1.8" />
    <property name="libs.primefaces.classpath" value="/Applications/NetBeans/NetBeans 7.4.app/Contents/Resources/NetBeans/enterprise/modules/ext/primefaces/primefaces-3.5.jar:/Applications/NetBeans/NetBeans 7.4.app/Contents/Resources/NetBeans/enterprise/modules/ext/commons-fileupload-1.3.jar" />
    <property name="libs.javaee-api-6.0.classpath" value="/Applications/NetBeans/NetBeans 7.4.app/Contents/Resources/NetBeans/enterprise/modules/ext/javaee-api-6.0.jar" />
    <property name="ftp.nonProxyHosts" value="local|*.local|169.254/16|*.169.254/16" />
    <property name="netbeans.productversion" value="NetBeans IDE 7.4 (Build 201310111528)" />
    <property name="libs.hibernate-persistence.classpath" value="/Applications/NetBeans/NetBeans 7.4.app/Contents/Resources/NetBeans/java/modules/ext/hibernate/antlr-2.7.6.jar:/Applications/NetBeans/NetBeans 7.4.app/Contents/Resources/NetBeans/java/modules/ext/hibernate/cglib-2.2.jar:/Applications/NetBeans/NetBeans 7.4.app/Contents/Resources/NetBeans/java/modules/ext/hibernate/commons-collections-3.1.jar:/Applications/NetBeans/NetBeans 7.4.app/Contents/Resources/NetBeans/java/modules/ext/hibernate/dom4j-1.6.1.jar:/Applications/NetBeans/NetBeans 7.4.app/Contents/Resources/NetBeans/java/modules/ext/hibernate/jta-1.1.jar:/Applications/NetBeans/NetBeans 7.4.app/Contents/Resources/NetBeans/java/modules/ext/hibernate/hibernate-core-3.6.10.Final.jar:/Applications/NetBeans/NetBeans 7.4.app/Contents/Resources/NetBeans/java/modules/ext/hibernate/hibernate-commons-annotations-3.2.0.Final.jar:/Applications/NetBeans/NetBeans 7.4.app/Contents/Resources/NetBeans/java/modules/ext/hibernate/hibernate-entitymanager-3.6.10.Final.jar:/Applications/NetBeans/NetBeans 7.4.app/Contents/Resources/NetBeans/java/modules/ext/hibernate/hibernate-tools-3.6.0.CR1.jar:/Applications/NetBeans/NetBeans 7.4.app/Contents/Resources/NetBeans/java/modules/ext/hibernate/javassist-3.12.0.GA.jar:/Applications/NetBeans/NetBeans 7.4.app/Contents/Resources/NetBeans/java/modules/ext/hibernate/c3p0-0.9.1.jar:/Applications/NetBeans/NetBeans 7.4.app/Contents/Resources/NetBeans/java/modules/ext/hibernate/oscache-2.1.jar:/Applications/NetBeans/NetBeans 7.4.app/Contents/Resources/NetBeans/java/modules/ext/hibernate/slf4j-api-1.6.1.jar:/Applications/NetBeans/NetBeans 7.4.app/Contents/Resources/NetBeans/java/modules/ext/hibernate/slf4j-simple-1.6.1.jar:/Applications/NetBeans/NetBeans 7.4.app/Contents/Resources/NetBeans/java/modules/ext/hibernate/hibernate-jpa-2.0-api-1.0.1.Final.jar" />
    <property name="libs.jaxws21.src" value="" />
    <property name="application.title" value="early_warning_fire_system" />
    <property name="do.archive" value="true" />
    <property name="netbeans.autoupdate.language" value="en" />
    <property name="java.vendor" value="Oracle Corporation" />
    <property name="libs.javaee-api-6.0.javadoc" value="/Applications/NetBeans/NetBeans 7.4.app/Contents/Resources/NetBeans/enterprise/docs/javaee-doc-api.jar" />
    <property name="sun.font.fontmanager" value="sun.font.CFontManager" />
    <property name="jar.index.metainf" value="false" />
    <property name="javac.debug" value="true" />
    <property name="javadoc.splitindex" value="true" />
    <property name="file.separator" value="/" />
    <property name="libs.Java-EE-GlassFish-v3-Prelude.maven-pom" value="" />
    <property name="libs.junit_4.maven-pom" value="" />
    <property name="mkdist.disabled" value="false" />
    <property name="javac.test.processorpath" value="lib/activation.jar:lib/derby.jar:lib/derbyclient.jar:lib/derbynet.jar:lib/javax.mail.jar:lib/jxl-2.6.jar:build/classes:lib/junit.jar" />
    <property name="netbeans.buildnumber" value="201310111528" />
    <property name="libs.JWSAntTasks.javadoc" value="" />
    <property name="build.generated.sources.dir" value="build/generated-sources" />
    <property name="libs.eclipselinkmodelgen.classpath" value="/Applications/NetBeans/NetBeans 7.4.app/Contents/Resources/NetBeans/java/modules/ext/eclipselink/org.eclipse.persistence.jpa.modelgen_2.5.1.v20130918-f2b9fc5.jar" />
    <property name="libs.javaee-endorsed-api-7.0.src" value="" />
    <property name="sun.java.launcher" value="SUN_STANDARD" />
    <property name="libs.junit.classpath" value="/Applications/NetBeans/NetBeans 7.4.app/Contents/Resources/NetBeans/java/modules/ext/junit-3.8.2.jar" />
    <property name="libs.jaxb.javadoc" value="/Applications/NetBeans/NetBeans 7.4.app/Contents/Resources/NetBeans/ide/docs/jaxb-api-doc.zip" />
    <property name="libs.struts.classpath" value="/Applications/NetBeans/NetBeans 7.4.app/Contents/Resources/NetBeans/enterprise/modules/ext/struts/antlr-2.7.2.jar:/Applications/NetBeans/NetBeans 7.4.app/Contents/Resources/NetBeans/enterprise/modules/ext/struts/bsf-2.3.0.jar:/Applications/NetBeans/NetBeans 7.4.app/Contents/Resources/NetBeans/enterprise/modules/ext/struts/commons-beanutils-1.8.0.jar:/Applications/NetBeans/NetBeans 7.4.app/Contents/Resources/NetBeans/enterprise/modules/ext/struts/commons-chain-1.2.jar:/Applications/NetBeans/NetBeans 7.4.app/Contents/Resources/NetBeans/enterprise/modules/ext/struts/commons-digester-1.8.jar:/Applications/NetBeans/NetBeans 7.4.app/Contents/Resources/NetBeans/enterprise/modules/ext/struts/commons-fileupload-1.1.1.jar:/Applications/NetBeans/NetBeans 7.4.app/Contents/Resources/NetBeans/enterprise/modules/ext/struts/commons-io-1.1.jar:/Applications/NetBeans/NetBeans 7.4.app/Contents/Resources/NetBeans/enterprise/modules/ext/struts/commons-logging-1.0.4.jar:/Applications/NetBeans/NetBeans 7.4.app/Contents/Resources/NetBeans/enterprise/modules/ext/struts/commons-validator-1.3.1.jar:/Applications/NetBeans/NetBeans 7.4.app/Contents/Resources/NetBeans/enterprise/modules/ext/struts/jstl-1.0.2.jar:/Applications/NetBeans/NetBeans 7.4.app/Contents/Resources/NetBeans/enterprise/modules/ext/struts/oro-2.0.8.jar:/Applications/NetBeans/NetBeans 7.4.app/Contents/Resources/NetBeans/enterprise/modules/ext/struts/standard-1.0.6.jar:/Applications/NetBeans/NetBeans 7.4.app/Contents/Resources/NetBeans/enterprise/modules/ext/struts/struts-core-1.3.10.jar:/Applications/NetBeans/NetBeans 7.4.app/Contents/Resources/NetBeans/enterprise/modules/ext/struts/struts-el-1.3.10.jar:/Applications/NetBeans/NetBeans 7.4.app/Contents/Resources/NetBeans/enterprise/modules/ext/struts/struts-extras-1.3.10.jar:/Applications/NetBeans/NetBeans 7.4.app/Contents/Resources/NetBeans/enterprise/modules/ext/struts/struts-faces-1.3.10.jar:/Applications/NetBeans/NetBeans 7.4.app/Contents/Resources/NetBeans/enterprise/modules/ext/struts/struts-mailreader-dao-1.3.10.jar:/Applications/NetBeans/NetBeans 7.4.app/Contents/Resources/NetBeans/enterprise/modules/ext/struts/struts-scripting-1.3.10.jar:/Applications/NetBeans/NetBeans 7.4.app/Contents/Resources/NetBeans/enterprise/modules/ext/struts/struts-taglib-1.3.10.jar:/Applications/NetBeans/NetBeans 7.4.app/Contents/Resources/NetBeans/enterprise/modules/ext/struts/struts-tiles-1.3.10.jar" />
    <property name="ant.home" value="/Applications/NetBeans/NetBeans 7.4.app/Contents/Resources/NetBeans/extide/ant" />
    <property name="libs.junit_4.src" value="/Applications/NetBeans/NetBeans 7.4.app/Contents/Resources/NetBeans/java/docs/junit-4.10-sources.jar" />
    <property name="libs.testng.classpath" value="/Applications/NetBeans/NetBeans 7.4.app/Contents/Resources/NetBeans/platform/modules/ext/testng-6.8.1-dist.jar" />
    <property name="libs.absolutelayout.maven-pom" value="" />
    <property name="ant.java.version" value="1.8" />
    <property name="java.library.path" value="/Applications/NetBeans/NetBeans 7.4.app/Contents/Resources/NetBeans/webcommon/bin::/Users/E/Library/Java/Extensions:/Library/Java/Extensions:/Network/Library/Java/Extensions:/System/Library/Java/Extensions:/usr/lib/java:." />
    <property name="javadoc.author" value="false" />
    <property name="libs.metro.maven-pom" value="" />
    <property name="libs.EclipseLink-GlassFish-v3.src" value="" />
    <property name="java.util.logging.config.class" value="org.netbeans.core.startup.TopLogging" />
    <property name="libs.PostgreSQLDriver.src" value="" />
    <property name="sun.arch.data.model" value="64" />
    <property name="basedir" value="/Users/E/Dropbox/comp350/Re_Team2/early_warning_fire_system" />
    <property name="libs.jpa20-persistence.maven-pom" value="" />
    <property name="jar.compress" value="false" />
    <property name="libs.javaee-web-api-7.0.classpath" value="/Applications/NetBeans/NetBeans 7.4.app/Contents/Resources/NetBeans/enterprise/modules/ext/javaee-web-api-7.0.jar" />
    <property name="path.separator" value=":" />
    <property name="libs.javaee-web-api-6.0.javadoc" value="/Applications/NetBeans/NetBeans 7.4.app/Contents/Resources/NetBeans/enterprise/docs/javaee-doc-api.jar" />
    <property name="ant.junit.enabletestlistenerevents" value="true" />
    <property name="sun.io.unicode.encoding" value="UnicodeBig" />
    <property name="libs.jaxws21.classpath" value="/Applications/NetBeans/NetBeans 7.4.app/Contents/Resources/NetBeans/ide/modules/ext/jaxb/jaxb-impl.jar:/Applications/NetBeans/NetBeans 7.4.app/Contents/Resources/NetBeans/ide/modules/ext/jaxb/jaxb-xjc.jar:/Applications/NetBeans/NetBeans 7.4.app/Contents/Resources/NetBeans/java/modules/ext/jaxws22/FastInfoset.jar:/Applications/NetBeans/NetBeans 7.4.app/Contents/Resources/NetBeans/java/modules/ext/jaxws22/gmbal-api-only.jar:/Applications/NetBeans/NetBeans 7.4.app/Contents/Resources/NetBeans/java/modules/ext/jaxws22/ha-api.jar:/Applications/NetBeans/NetBeans 7.4.app/Contents/Resources/NetBeans/java/modules/ext/jaxws22/javax.mail_1.4.jar:/Applications/NetBeans/NetBeans 7.4.app/Contents/Resources/NetBeans/java/modules/ext/jaxws22/jaxws-rt.jar:/Applications/NetBeans/NetBeans 7.4.app/Contents/Resources/NetBeans/java/modules/ext/jaxws22/jaxws-tools.jar:/Applications/NetBeans/NetBeans 7.4.app/Contents/Resources/NetBeans/java/modules/ext/jaxws22/management-api.jar:/Applications/NetBeans/NetBeans 7.4.app/Contents/Resources/NetBeans/java/modules/ext/jaxws22/mimepull.jar:/Applications/NetBeans/NetBeans 7.4.app/Contents/Resources/NetBeans/java/modules/ext/jaxws22/policy.jar:/Applications/NetBeans/NetBeans 7.4.app/Contents/Resources/NetBeans/java/modules/ext/jaxws22/saaj-impl.jar:/Applications/NetBeans/NetBeans 7.4.app/Contents/Resources/NetBeans/java/modules/ext/jaxws22/stax-ex.jar:/Applications/NetBeans/NetBeans 7.4.app/Contents/Resources/NetBeans/java/modules/ext/jaxws22/stax2-api.jar:/Applications/NetBeans/NetBeans 7.4.app/Contents/Resources/NetBeans/java/modules/ext/jaxws22/streambuffer.jar:/Applications/NetBeans/NetBeans 7.4.app/Contents/Resources/NetBeans/java/modules/ext/jaxws22/woodstox-core-asl.jar:/Applications/NetBeans/NetBeans 7.4.app/Contents/Resources/NetBeans/java/modules/ext/jaxws22/api/jaxws-api.jar:/Applications/NetBeans/NetBeans 7.4.app/Contents/Resources/NetBeans/java/modules/ext/jaxws22/api/jsr181-api.jar:/Applications/NetBeans/NetBeans 7.4.app/Contents/Resources/NetBeans/java/modules/ext/jaxws22/api/javax.annotation.jar:/Applications/NetBeans/NetBeans 7.4.app/Contents/Resources/NetBeans/java/modules/ext/jaxws22/api/saaj-api.jar:/Applications/NetBeans/NetBeans 7.4.app/Contents/Resources/NetBeans/ide/modules/ext/jaxb/activation.jar:/Applications/NetBeans/NetBeans 7.4.app/Contents/Resources/NetBeans/ide/modules/ext/jaxb/api/jaxb-api.jar:/Applications/NetBeans/NetBeans 7.4.app/Contents/Resources/NetBeans/ide/modules/ext/jaxb/api/jsr173_1.0_api.jar" />
    <property name="libs.struts.src" value="" />
    <property name="compile.on.save" value="true" />
    <property name="apple.awt.graphics.UseQuartz" value="true" />
    <property name="user.language" value="en" />
    <property name="testng.mode" value="testng" />
    <property name="libs.JAXB-ENDORSED.maven-pom" value="" />
    <property name="libs.spring-framework.classpath" value="/Applications/NetBeans/NetBeans 7.4.app/Contents/Resources/NetBeans/ide/modules/org-apache-commons-logging.jar:/Applications/NetBeans/NetBeans 7.4.app/Contents/Resources/NetBeans/java/modules/ext/cglib-2.2.jar:/Applications/NetBeans/NetBeans 7.4.app/Contents/Resources/NetBeans/java/modules/ext/spring/spring-2.5.6.SEC03.jar" />
    <property name="libs.eclipselink.maven-pom" value="" />
    <property name="application.vendor" value="E" />
    <property name="test.binaryincludes" value="&lt;nothing&gt;" />
    <property name="manifest.available" value="true" />
    <property name="libs.primefaces.javadoc" value="" />
    <property name="libs.spring-framework300.maven-pom" value="" />
    <property name="run.test.classpath" value="lib/activation.jar:lib/derby.jar:lib/derbyclient.jar:lib/derbynet.jar:lib/javax.mail.jar:lib/jxl-2.6.jar:build/classes:lib/junit.jar:lib/activation.jar:lib/derby.jar:lib/derbyclient.jar:lib/derbynet.jar:lib/jasypt-1.9.2.jar:lib/javax.mail.jar:lib/joda-time-2.3.jar:lib/junit.jar:lib/jxl-2.6.jar:build/test/classes:lib/hamcrest-core-1.3.jar" />
    <property name="ant.project.invoked-targets" value="test" />
    <property name="test.binaryexcludes" value="" />
    <property name="libs.swing-layout.javadoc" value="/Applications/NetBeans/NetBeans 7.4.app/Contents/Resources/NetBeans/platform/docs/swing-layout-1.0.4-doc.zip" />
    <property name="sun.java2d.dpiaware" value="true" />
    <property name="libs.ejb3-persistence.maven-pom" value="" />
    <property name="file.reference.jxl-2.6.jar" value="lib/jxl-2.6.jar" />
    <property name="file.reference.junit.jar" value="lib/junit.jar" />
    <property name="gopherProxySet" value="false" />
    <property name="https.nonProxyHosts" value="localhost|127.0.0.1|ethanrae" />
    <property name="libs.PostgreSQLDriver.maven-pom" value="" />
    <property name="java.class.version" value="52.0" />
    <property name="libs.JAVADB_DRIVER_LABEL.classpath" value="/Applications/NetBeans/glassfish-4.0/javadb/lib/derby.jar:/Applications/NetBeans/glassfish-4.0/javadb/lib/derbyclient.jar:/Applications/NetBeans/glassfish-4.0/javadb/lib/derbynet.jar" />
    <property name="libs.javaee-endorsed-api-6.0.src" value="" />
    <property name="libs.eclipselink.javadoc" value="" />
    <property name="libs.jsp-compilation.maven-pom" value="" />
    <property name="user.properties.file" value="/Users/E/Library/Application Support/NetBeans/7.4/build.properties" />
    <property name="runtime.encoding" value="UTF-8" />
    <property name="libs.spring-framework.src" value="" />
    <property name="libs.javac-api.maven-pom" value="" />
    <property name="file.encoding.pkg" value="sun.io" />
    <property name="sun.cpu.endian" value="little" />
    <property name="libs.JAXB-ENDORSED.javadoc" value="" />
    <property name="src.EarlyWarningSRC.dir" value="EarlyWarningSRC" />
    <property name="libs.JWSAntTasks.classpath" value="/Applications/NetBeans/NetBeans 7.4.app/Contents/Resources/NetBeans/java/ant/extra/org-netbeans-modules-javawebstart-anttasks.jar" />
    <property name="libs.spring-framework300.src" value="" />
    <property name="file.reference.derbyclient.jar" value="lib/derbyclient.jar" />
    <property name="libs.jstl.src" value="" />
    <property name="empty.dir" value="/Users/E/Dropbox/comp350/Re_Team2/early_warning_fire_system/build/empty" />
    <property name="version-output" value="java version &quot;1.8" />
    <property name="test.binarytestincludes" value="" />
    <property name="javadoc.preview" value="true" />
    <property name="socksNonProxyHosts" value="local|*.local|169.254/16|*.169.254/16" />
    <property name="libs.jpa20-persistence.javadoc" value="" />
    <property name="nbplatform.default.harness.dir" value="/Applications/NetBeans/NetBeans 7.4.app/Contents/Resources/NetBeans/harness" />
    <property name="java.home" value="/Library/Java/JavaVirtualMachines/jdk1.8.0_05.jdk/Contents/Home/jre" />
    <property name="libs.jsp-compilation.src" value="" />
    <property name="libs.spring-webmvc.src" value="" />
    <property name="debug.test.classpath" value="lib/activation.jar:lib/derby.jar:lib/derbyclient.jar:lib/derbynet.jar:lib/javax.mail.jar:lib/jxl-2.6.jar:build/classes:lib/junit.jar:lib/activation.jar:lib/derby.jar:lib/derbyclient.jar:lib/derbynet.jar:lib/jasypt-1.9.2.jar:lib/javax.mail.jar:lib/joda-time-2.3.jar:lib/junit.jar:lib/jxl-2.6.jar:build/test/classes:lib/hamcrest-core-1.3.jar" />
    <property name="libs.javaee-endorsed-api-6.0.classpath" value="/Applications/NetBeans/NetBeans 7.4.app/Contents/Resources/NetBeans/enterprise/modules/ext/javaee6-endorsed/javax.annotation.jar:/Applications/NetBeans/NetBeans 7.4.app/Contents/Resources/NetBeans/enterprise/modules/ext/javaee6-endorsed/jaxb-api-osgi.jar:/Applications/NetBeans/NetBeans 7.4.app/Contents/Resources/NetBeans/enterprise/modules/ext/javaee6-endorsed/webservices-api-osgi.jar" />
    <property name="libs.javaee-api-6.0.src" value="" />
    <property name="netbeans.importclass" value="org.netbeans.upgrade.AutoUpgrade" />
    <property name="ant.project.default-target" value="default" />
    <property name="annotation.processing.run.all.processors" value="true" />
    <property name="libs.MyLibrary.classpath" value="/Users/E/Dropbox/HW6/lib/activation.jar:/Users/E/Dropbox/HW6/lib/derby.jar:/Users/E/Dropbox/HW6/lib/derbyclient.jar:/Users/E/Dropbox/HW6/lib/derbynet.jar:/Users/E/Dropbox/HW6/lib/jasypt-1.9.2.jar:/Users/E/Dropbox/HW6/lib/javax.mail.jar:/Users/E/Dropbox/HW6/lib/joda-time-2.3.jar:/Users/E/Dropbox/HW6/lib/jxl-2.6.jar" />
    <property name="libs.PostgreSQLDriver.javadoc" value="" />
    <property name="libs.restlib.classpath" value="/Applications/NetBeans/NetBeans 7.4.app/Contents/Resources/NetBeans/enterprise/modules/ext/jersey2/ext/asm-all-repackaged-2.1.88.jar:/Applications/NetBeans/NetBeans 7.4.app/Contents/Resources/NetBeans/enterprise/modules/ext/jersey2/ext/cglib-2.1.88.jar:/Applications/NetBeans/NetBeans 7.4.app/Contents/Resources/NetBeans/enterprise/modules/ext/jersey2/ext/guava-14.0.1.jar:/Applications/NetBeans/NetBeans 7.4.app/Contents/Resources/NetBeans/enterprise/modules/ext/jersey2/ext/hk2-api-2.1.88.jar:/Applications/NetBeans/NetBeans 7.4.app/Contents/Resources/NetBeans/enterprise/modules/ext/jersey2/ext/hk2-locator-2.1.88.jar:/Applications/NetBeans/NetBeans 7.4.app/Contents/Resources/NetBeans/enterprise/modules/ext/jersey2/ext/hk2-utils-2.1.88.jar:/Applications/NetBeans/NetBeans 7.4.app/Contents/Resources/NetBeans/enterprise/modules/ext/jersey2/ext/javax.annotation-api-1.2.jar:/Applications/NetBeans/NetBeans 7.4.app/Contents/Resources/NetBeans/enterprise/modules/ext/jersey2/ext/javax.inject-2.1.88.jar:/Applications/NetBeans/NetBeans 7.4.app/Contents/Resources/NetBeans/enterprise/modules/ext/jersey2/ext/javax.servlet-api-3.1.0.jar:/Applications/NetBeans/NetBeans 7.4.app/Contents/Resources/NetBeans/enterprise/modules/ext/jersey2/ext/jaxb-api-2.2.7.jar:/Applications/NetBeans/NetBeans 7.4.app/Contents/Resources/NetBeans/enterprise/modules/ext/jersey2/ext/org.osgi.core-4.2.0.jar:/Applications/NetBeans/NetBeans 7.4.app/Contents/Resources/NetBeans/enterprise/modules/ext/jersey2/ext/osgi-resource-locator-1.0.1.jar:/Applications/NetBeans/NetBeans 7.4.app/Contents/Resources/NetBeans/enterprise/modules/ext/jersey2/ext/persistence-api-1.0.jar:/Applications/NetBeans/NetBeans 7.4.app/Contents/Resources/NetBeans/enterprise/modules/ext/jersey2/ext/validation-api-1.1.0.jar:/Applications/NetBeans/NetBeans 7.4.app/Contents/Resources/NetBeans/enterprise/modules/ext/jersey2/jersey-client.jar:/Applications/NetBeans/NetBeans 7.4.app/Contents/Resources/NetBeans/enterprise/modules/ext/jersey2/jersey-common.jar:/Applications/NetBeans/NetBeans 7.4.app/Contents/Resources/NetBeans/enterprise/modules/ext/jersey2/jersey-container-servlet.jar:/Applications/NetBeans/NetBeans 7.4.app/Contents/Resources/NetBeans/enterprise/modules/ext/jersey2/jersey-container-servlet-core.jar:/Applications/NetBeans/NetBeans 7.4.app/Contents/Resources/NetBeans/enterprise/modules/ext/jersey2/jersey-server.jar:/Applications/NetBeans/NetBeans 7.4.app/Contents/Resources/NetBeans/enterprise/modules/ext/jersey2/extensions/jackson-core-asl-1.9.11.jar:/Applications/NetBeans/NetBeans 7.4.app/Contents/Resources/NetBeans/enterprise/modules/ext/jersey2/extensions/jackson-jaxrs-1.9.11.jar:/Applications/NetBeans/NetBeans 7.4.app/Contents/Resources/NetBeans/enterprise/modules/ext/jersey2/extensions/jackson-mapper-asl-1.9.11.jar:/Applications/NetBeans/NetBeans 7.4.app/Contents/Resources/NetBeans/enterprise/modules/ext/jersey2/extensions/jackson-xc-1.9.11.jar:/Applications/NetBeans/NetBeans 7.4.app/Contents/Resources/NetBeans/enterprise/modules/ext/jersey2/extensions/jersey-media-json-jackson-2.0.jar:/Applications/NetBeans/NetBeans 7.4.app/Contents/Resources/NetBeans/enterprise/modules/ext/jersey2/extensions/jersey-media-json-jettison-2.0.jar:/Applications/NetBeans/NetBeans 7.4.app/Contents/Resources/NetBeans/enterprise/modules/ext/jersey2/extensions/jettison-1.3.3.jar" />
    <property name="libs.MySQLDriver.maven-pom" value="" />
    <property name="http.nonProxyHosts" value="local|*.local|169.254/16|*.169.254/16" />
    <property name="libs.junit_4.javadoc" value="/Applications/NetBeans/NetBeans 7.4.app/Contents/Resources/NetBeans/java/docs/junit-4.10-javadoc.jar" />
    <property name="libs.spring-webmvc.javadoc" value="" />
    <property name="libs.EclipseLink-GlassFish-v3.maven-pom" value="" />
    <property name="libs.javaee-web-api-6.0.maven-pom" value="" />
    <property name="run.classpath" value="lib/activation.jar:lib/derby.jar:lib/derbyclient.jar:lib/derbynet.jar:lib/javax.mail.jar:lib/jxl-2.6.jar:build/classes" />
    <property name="libs.hibernate-support.src" value="" />
    <property name="jna.boot.library.name" value="jnidispatch-340" />
    <property name="libs.javaee-endorsed-api-6.0.javadoc" value="/Applications/NetBeans/NetBeans 7.4.app/Contents/Resources/NetBeans/enterprise/docs/javaee-doc-api.jar" />
    <property name="libs.javaee-api-7.0.classpath" value="/Applications/NetBeans/NetBeans 7.4.app/Contents/Resources/NetBeans/enterprise/modules/ext/javaee-api-7.0.jar" />
    <property name="sun.awt.datatransfer.timeout" value="1000" />
    <property name="libs.spring-webmvc3.0.javadoc" value="" />
    <property name="annotation.processing.enabled.in.editor" value="false" />
    <property name="nb.native.filechooser" value="false" />
    <property name="libs.restapi.src" value="" />
    <property name="sun.management.compiler" value="HotSpot 64-Bit Tiered Compilers" />
    <property name="javac.deprecation" value="false" />
    <property name="javadoc.use" value="true" />
    <property name="sun.java2d.noddraw" value="true" />
    <property name="libs.jsp-compiler.classpath" value="/Applications/NetBeans/NetBeans 7.4.app/Contents/Resources/NetBeans/enterprise/ant/extra/jspcompile.jar" />
    <property name="javac.processorpath" value="lib/activation.jar:lib/derby.jar:lib/derbyclient.jar:lib/derbynet.jar:lib/javax.mail.jar:lib/jxl-2.6.jar" />
    <property name="libs.spring-webmvc.classpath" value="/Applications/NetBeans/NetBeans 7.4.app/Contents/Resources/NetBeans/enterprise/modules/ext/spring/spring-webmvc-2.5.6.SEC03.jar" />
    <property name="javac.compilerargs" value="" />
    <property name="ant.file" value="/Users/E/Dropbox/comp350/Re_Team2/early_warning_fire_system/build.xml" />
    <property name="libs.beans-binding.maven-pom" value="" />
    <property name="libs.jsf12.classpath" value="/Applications/NetBeans/NetBeans 7.4.app/Contents/Resources/NetBeans/enterprise/modules/ext/jsf-1_2/commons-beanutils.jar:/Applications/NetBeans/NetBeans 7.4.app/Contents/Resources/NetBeans/enterprise/modules/ext/jsf-1_2/commons-collections.jar:/Applications/NetBeans/NetBeans 7.4.app/Contents/Resources/NetBeans/enterprise/modules/ext/jsf-1_2/commons-digester.jar:/Applications/NetBeans/NetBeans 7.4.app/Contents/Resources/NetBeans/enterprise/modules/ext/jsf-1_2/commons-logging.jar:/Applications/NetBeans/NetBeans 7.4.app/Contents/Resources/NetBeans/enterprise/modules/ext/jsf-1_2/jsf-api.jar:/Applications/NetBeans/NetBeans 7.4.app/Contents/Resources/NetBeans/enterprise/modules/ext/jsf-1_2/jsf-impl.jar" />
    <property name="ant.file.early_warning_fire_system-impl" value="/Users/E/Dropbox/comp350/Re_Team2/early_warning_fire_system/nbproject/build-impl.xml" />
    <property name="libs.Java-EE-GlassFish-v3-Prelude.classpath" value="/Applications/NetBeans/glassfish-4.0/glassfish/modules/endorsed/javax.annotation-api.jar:/Applications/NetBeans/glassfish-4.0/glassfish/modules/endorsed/jaxb-api-osgi.jar:/Applications/NetBeans/glassfish-4.0/glassfish/modules/endorsed/webservices-api-osgi.jar:/Applications/NetBeans/glassfish-4.0/glassfish/modules/bean-validator.jar:/Applications/NetBeans/glassfish-4.0/glassfish/modules/javax.batch-api.jar:/Applications/NetBeans/glassfish-4.0/glassfish/modules/javax.ejb-api.jar:/Applications/NetBeans/glassfish-4.0/glassfish/modules/javax.el.jar:/Applications/NetBeans/glassfish-4.0/glassfish/modules/javax.enterprise.concurrent-api.jar:/Applications/NetBeans/glassfish-4.0/glassfish/modules/javax.enterprise.concurrent.jar:/Applications/NetBeans/glassfish-4.0/glassfish/modules/javax.enterprise.deploy-api.jar:/Applications/NetBeans/glassfish-4.0/glassfish/modules/javax.faces.jar:/Applications/NetBeans/glassfish-4.0/glassfish/modules/javax.inject.jar:/Applications/NetBeans/glassfish-4.0/glassfish/modules/javax.interceptor-api.jar:/Applications/NetBeans/glassfish-4.0/glassfish/modules/javax.jms-api.jar:/Applications/NetBeans/glassfish-4.0/glassfish/modules/javax.json.jar:/Applications/NetBeans/glassfish-4.0/glassfish/modules/javax.mail.jar:/Applications/NetBeans/glassfish-4.0/glassfish/modules/javax.management.j2ee-api.jar:/Applications/NetBeans/glassfish-4.0/glassfish/modules/javax.persistence.jar:/Applications/NetBeans/glassfish-4.0/glassfish/modules/javax.resource-api.jar:/Applications/NetBeans/glassfish-4.0/glassfish/modules/javax.security.auth.message-api.jar:/Applications/NetBeans/glassfish-4.0/glassfish/modules/javax.security.jacc-api.jar:/Applications/NetBeans/glassfish-4.0/glassfish/modules/javax.servlet-api.jar:/Applications/NetBeans/glassfish-4.0/glassfish/modules/javax.servlet.jsp-api.jar:/Applications/NetBeans/glassfish-4.0/glassfish/modules/javax.servlet.jsp.jar:/Applications/NetBeans/glassfish-4.0/glassfish/modules/javax.servlet.jsp.jstl-api.jar:/Applications/NetBeans/glassfish-4.0/glassfish/modules/javax.servlet.jsp.jstl.jar:/Applications/NetBeans/glassfish-4.0/glassfish/modules/javax.transaction-api.jar:/Applications/NetBeans/glassfish-4.0/glassfish/modules/javax.websocket-api.jar:/Applications/NetBeans/glassfish-4.0/glassfish/modules/javax.ws.rs-api.jar:/Applications/NetBeans/glassfish-4.0/glassfish/modules/javax.xml.registry-api.jar:/Applications/NetBeans/glassfish-4.0/glassfish/modules/javax.xml.rpc-api.jar:/Applications/NetBeans/glassfish-4.0/glassfish/modules/jaxb-osgi.jar:/Applications/NetBeans/glassfish-4.0/glassfish/modules/webservices-osgi.jar:/Applications/NetBeans/glassfish-4.0/glassfish/modules/weld-osgi-bundle.jar:/Applications/NetBeans/glassfish-4.0/mq/lib/jaxm-api.jar" />
    <property name="libs.jstl.maven-pom" value="" />
    <property name="libs.restapi.maven-pom" value="" />
    <property name="libs.beans-binding.src" value="" />
    <property name="java.vm.specification.vendor" value="Oracle Corporation" />
    <property name="libs.swing-layout.src" value="/Applications/NetBeans/NetBeans 7.4.app/Contents/Resources/NetBeans/platform/docs/swing-layout-1.0.4-src.zip" />
    <property name="org.openide.major.version" value="IDE/1" />
    <property name="libs.SimpleStringEncrypt.javadoc" value="" />
    <property name="java.vm.name" value="Java HotSpot(TM) 64-Bit Server VM" />
    <property name="netbeans.user" value="/Users/E/Library/Application Support/NetBeans/7.4" />
    <property name="javadoc.additionalparam" value="" />
    <property name="file.reference.javax.mail.jar" value="lib/javax.mail.jar" />
    <property name="java.io.tmpdir" value="/var/folders/qb/0tpt189560q9lhc3v1pr_bth0000gn/T/" />
    <property name="java.vendor.url" value="http://java.oracle.com/" />
    <property name="endorsed.classpath.cmd.line.arg" value="" />
    <property name="junit.available" value="true" />
    <property name="libs.jsp-compiler.src" value="" />
    <property name="org.openide.awt.ActionReference.completion" value="org.netbeans.modules.apisupport.project.layers.PathCompletions" />
    <property name="sun.boot.library.path" value="/Library/Java/JavaVirtualMachines/jdk1.8.0_05.jdk/Contents/Home/jre/lib" />
    <property name="have.sources" value="true" />
    <property name="debug.classpath" value="lib/activation.jar:lib/derby.jar:lib/derbyclient.jar:lib/derbynet.jar:lib/javax.mail.jar:lib/jxl-2.6.jar:build/classes" />
    <property name="javadoc.private" value="false" />
    <property name="file.reference.Re_Team2-EarlyAssessmentSRC" value="/Users/ethan.rae045/Dropbox/comp350/Re_Team2/EarlyWarningSRC" />
    <property name="test.src.dir" value="test" />
    <property name="libs.MyLibrary.javadoc" value="" />
    <property name="libs.SimpleStringEncrypt.classpath" value="/Users/E/Dropbox/comp350/HW1/lib/jasypt-1.9.2/lib" />
    <property name="libs.jsf20.classpath" value="/Applications/NetBeans/NetBeans 7.4.app/Contents/Resources/NetBeans/enterprise/modules/ext/jsf-2_2/javax.faces.jar" />
    <property name="ap.processors.internal" value="" />
    <property name="meta.inf.dir" value="${src.dir}/META-INF" />
    <property name="javadoc.encoding.used" value="UTF-8" />
    <property name="dist.jar" value="dist/early_warning_fire_system.jar" />
    <property name="java.runtime.name" value="Java(TM) SE Runtime Environment" />
    <property name="ant.project.name" value="early_warning_fire_system" />
    <property name="netbeans.hash.code" value="unique=NB_JAVA_WEBCOMMON_WEBEE_GFMOD025962615-959a-4e55-abc9-4e71dee6a825_bd73b122-86e5-4db3-adbb-98211dad9a94" />
    <property name="netbeans.default_userdir_root" value="/Users/E/Library/Application Support/NetBeans" />
    <property name="libs.jsp-compilation-syscp.maven-pom" value="" />
    <property name="sun.cpu.isalist" value="" />
    <property name="libs.CopyLibs.javadoc" value="" />
    <property name="libs.hibernate-persistencemodelgen.maven-pom" value="" />
    <property name="org.openide.specification.version" value="6.2" />
    <property name="libs.hibernate-support.classpath" value="/Applications/NetBeans/NetBeans 7.4.app/Contents/Resources/NetBeans/java/modules/ext/hibernate/dom4j-1.6.1.jar:/Applications/NetBeans/NetBeans 7.4.app/Contents/Resources/NetBeans/java/modules/ext/hibernate/antlr-2.7.6.jar:/Applications/NetBeans/NetBeans 7.4.app/Contents/Resources/NetBeans/java/modules/ext/hibernate/cglib-2.2.jar:/Applications/NetBeans/NetBeans 7.4.app/Contents/Resources/NetBeans/java/modules/ext/hibernate/commons-collections-3.1.jar:/Applications/NetBeans/NetBeans 7.4.app/Contents/Resources/NetBeans/java/modules/ext/hibernate/jta-1.1.jar:/Applications/NetBeans/NetBeans 7.4.app/Contents/Resources/NetBeans/java/modules/ext/hibernate/hibernate-core-3.6.10.Final.jar:/Applications/NetBeans/NetBeans 7.4.app/Contents/Resources/NetBeans/java/modules/ext/hibernate/hibernate-commons-annotations-3.2.0.Final.jar:/Applications/NetBeans/NetBeans 7.4.app/Contents/Resources/NetBeans/java/modules/ext/hibernate/hibernate-entitymanager-3.6.10.Final.jar:/Applications/NetBeans/NetBeans 7.4.app/Contents/Resources/NetBeans/java/modules/ext/hibernate/hibernate-tools-3.6.0.CR1.jar:/Applications/NetBeans/NetBeans 7.4.app/Contents/Resources/NetBeans/java/modules/ext/hibernate/javassist-3.12.0.GA.jar:/Applications/NetBeans/NetBeans 7.4.app/Contents/Resources/NetBeans/java/modules/ext/hibernate/c3p0-0.9.1.jar:/Applications/NetBeans/NetBeans 7.4.app/Contents/Resources/NetBeans/java/modules/ext/hibernate/oscache-2.1.jar:/Applications/NetBeans/NetBeans 7.4.app/Contents/Resources/NetBeans/java/modules/ext/hibernate/slf4j-api-1.6.1.jar:/Applications/NetBeans/NetBeans 7.4.app/Contents/Resources/NetBeans/java/modules/ext/hibernate/slf4j-simple-1.6.1.jar" />
    <property name="user.home" value="/Users/E" />
    <property name="annotation.processing.processors.list" value="" />
    <property name="libs.primefaces.maven-pom" value="" />
    <property name="debug-args-line" value="-Xdebug" />
    <property name="libs.javaee-api-6.0.maven-pom" value="" />
    <property name="libs.JWSAntTasks.src" value="" />
    <property name="jar.index" value="false" />
    <property name="libs.CopyLibs.maven-pom" value="" />
    <property name="libs.spring-framework300.javadoc" value="" />
    <property name="libs.hibernate-persistence.maven-pom" value="" />
    <property name="libs.absolutelayout.javadoc" value="" />
    <property name="java.specification.name" value="Java Platform API Specification" />
    <property name="do.archive+main.class.available" value="true" />
    <property name="java.specification.vendor" value="Oracle Corporation" />
    <property name="libs.javac-api.classpath" value="/Applications/NetBeans/NetBeans 7.4.app/Contents/Resources/NetBeans/java/modules/ext/nb-javac-api.jar" />
    <property name="java.version" value="1.8.0_05" />
    <property name="run.jvmargs.ide" value="" />
    <property name="javadoc.version" value="false" />
    <property name="libs.MySQLDriver.javadoc" value="" />
    <property name="org.openide.version" value="deprecated" />
    <property name="source.encoding" value="UTF-8" />
    <property name="platform.java" value="/Library/Java/JavaVirtualMachines/jdk1.8.0_05.jdk/Contents/Home/jre/bin/java" />
    <property name="ap.cmd.line.internal" value="" />
    <property name="libs.eclipselinkmodelgen.maven-pom" value="" />
    <property name="libs.jsp-compilation-syscp.javadoc" value="" />
    <property name="libs.junit.maven-pom" value="" />
    <property name="libs.eclipselinkmodelgen.javadoc" value="" />
    <property name="libs.javaee-endorsed-api-7.0.classpath" value="/Applications/NetBeans/NetBeans 7.4.app/Contents/Resources/NetBeans/enterprise/modules/ext/javaee7-endorsed/javax.annotation-api.jar:/Applications/NetBeans/NetBeans 7.4.app/Contents/Resources/NetBeans/enterprise/modules/ext/javaee7-endorsed/javax.xml.soap-api.jar:/Applications/NetBeans/NetBeans 7.4.app/Contents/Resources/NetBeans/enterprise/modules/ext/javaee7-endorsed/jaxb-api-osgi.jar:/Applications/NetBeans/NetBeans 7.4.app/Contents/Resources/NetBeans/enterprise/modules/ext/javaee7-endorsed/jaxws-api.jar:/Applications/NetBeans/NetBeans 7.4.app/Contents/Resources/NetBeans/enterprise/modules/ext/javaee7-endorsed/jsr181-api.jar" />
    <property name="file.reference.derbynet.jar" value="lib/derbynet.jar" />
    <property name="libs.metro.javadoc" value="/Applications/NetBeans/NetBeans 7.4.app/Contents/Resources/NetBeans/enterprise/docs/metro-1.4-doc.zip" />
    <property name="libs.struts.maven-pom" value="" />
    <property name="netbeans.home+have.tests" value="true" />
    <property name="annotation.processing.processor.options" value="" />
    <property name="libs.testng.maven-pom" value="" />
    <property name="libs.jaxb.src" value="" />
    <property name="work.dir" value="/Users/E/Dropbox/comp350/Re_Team2/early_warning_fire_system" />
    <property name="libs.jaxb.classpath" value="/Applications/NetBeans/NetBeans 7.4.app/Contents/Resources/NetBeans/ide/modules/ext/jaxb/jaxb-impl.jar:/Applications/NetBeans/NetBeans 7.4.app/Contents/Resources/NetBeans/ide/modules/ext/jaxb/jaxb-xjc.jar:/Applications/NetBeans/NetBeans 7.4.app/Contents/Resources/NetBeans/ide/modules/ext/jaxb/jaxb1-impl.jar:/Applications/NetBeans/NetBeans 7.4.app/Contents/Resources/NetBeans/ide/modules/ext/jaxb/activation.jar:/Applications/NetBeans/NetBeans 7.4.app/Contents/Resources/NetBeans/ide/modules/ext/jaxb/api/jaxb-api.jar:/Applications/NetBeans/NetBeans 7.4.app/Contents/Resources/NetBeans/ide/modules/ext/jaxb/api/jsr173_1.0_api.jar" />
    <property name="do.depend" value="false" />
    <property name="dist.javadoc.dir" value="dist/javadoc" />
    <property name="libs.spring-webmvc3.0.classpath" value="/Applications/NetBeans/NetBeans 7.4.app/Contents/Resources/NetBeans/java/modules/ext/spring-3.0/spring-webmvc-3.2.3.RELEASE.jar" />
    <property name="libs.swing-layout.classpath" value="/Applications/NetBeans/NetBeans 7.4.app/Contents/Resources/NetBeans/platform/modules/ext/swing-layout-1.0.4.jar" />
    <property name="libs.javaee-web-api-7.0.maven-pom" value="" />
    <property name="libs.restlib.src" value="" />
    <property name="javac.source" value="1.7" />
    <property name="build.generated.dir" value="build/generated" />
    <property name="line.separator" value="&#xa;" />
    <property name="libs.hibernate-persistence.src" value="" />
    <property name="java.specification.version" value="1.8" />
    <property name="java.vm.info" value="mixed mode" />
    <property name="libs.jaxws21.maven-pom" value="" />
    <property name="nb.junit.batch" value="true" />
    <property name="junit.forkmode" value="perTest" />
    <property name="file.reference.hamcrest-core-1.3.jar" value="lib/hamcrest-core-1.3.jar" />
    <property name="libs.spring-framework.maven-pom" value="" />
    <property name="sun.boot.class.path" value="/Library/Java/JavaVirtualMachines/jdk1.8.0_05.jdk/Contents/Home/jre/lib/resources.jar:/Library/Java/JavaVirtualMachines/jdk1.8.0_05.jdk/Contents/Home/jre/lib/rt.jar:/Library/Java/JavaVirtualMachines/jdk1.8.0_05.jdk/Contents/Home/jre/lib/sunrsasign.jar:/Library/Java/JavaVirtualMachines/jdk1.8.0_05.jdk/Contents/Home/jre/lib/jsse.jar:/Library/Java/JavaVirtualMachines/jdk1.8.0_05.jdk/Contents/Home/jre/lib/jce.jar:/Library/Java/JavaVirtualMachines/jdk1.8.0_05.jdk/Contents/Home/jre/lib/charsets.jar:/Library/Java/JavaVirtualMachines/jdk1.8.0_05.jdk/Contents/Home/jre/lib/jfr.jar:/Library/Java/JavaVirtualMachines/jdk1.8.0_05.jdk/Contents/Home/jre/classes" />
    <property name="file.reference.Re_Team2-EarlyWarningSRC" value="../EarlyWarningSRC" />
    <property name="javac.target" value="1.7" />
    <property name="built-jar.properties" value="/Users/E/Dropbox/comp350/Re_Team2/early_warning_fire_system/build/built-jar.properties" />
    <property name="build.test.classes.dir" value="build/test/classes" />
    <property name="annotation.processing.enabled" value="true" />
    <property name="libs.jsf20.src" value="" />
    <property name="libs.jpa20-persistence.src" value="" />
    <property name="libs.jsf12.src" value="" />
    <property name="libs.JAVADB_DRIVER_LABEL.maven-pom" value="" />
    <property name="nbplatform.default.netbeans.dest.dir" value="/Applications/NetBeans/NetBeans 7.4.app/Contents/Resources/NetBeans" />
    <property name="libs.struts.javadoc" value="/Applications/NetBeans/NetBeans 7.4.app/Contents/Resources/NetBeans/enterprise/docs/struts-1.3.10-javadoc.zip" />
    <property name="ignore.failing.tests" value="true" />
    <property name="libs.Comet-GlassFish-v3.classpath" value="" />
    <property name="libs.javaee-web-api-7.0.src" value="" />
    <property name="libs.primefaces.src" value="" />
    <property name="dist.dir" value="dist" />
    <property name="testng.debug.mode" value="" />
    <property name="javac.fork" value="false" />
    <property name="java.awt.printerjob" value="sun.lwawt.macosx.CPrinterJob" />
    <property name="default.javac.source" value="1.8" />
    <property name="debug-transport-by-os" value="dt_socket" />
    <property name="sun.jnu.encoding" value="UTF-8" />
    <property name="libs.MySQLDriver.src" value="" />
    <property name="file.reference.activation.jar" value="lib/activation.jar" />
    <property name="build.test.results.dir" value="build/test/results" />
    <property name="java.runtime.version" value="1.8.0_05-b13" />
    <property name="libs.ejb3-persistence.javadoc" value="" />
    <property name="jna.platform.library.path" value="/usr/lib:/usr/lib" />
    <property name="default.javac.target" value="1.8" />
    <property name="libs.junit_4.classpath" value="/Applications/NetBeans/NetBeans 7.4.app/Contents/Resources/NetBeans/platform/modules/ext/junit-4.10.jar" />
    <property name="user.timezone" value="America/Los_Angeles" />
    <property name="nb.junit.single" value="false" />
    <property name="do.jar" value="true" />
    <property name="libs.javaee-endorsed-api-6.0.maven-pom" value="" />
    <property name="libs.JAVADB_DRIVER_LABEL.javadoc" value="" />
    <property name="netbeans.dirs" value="/Applications/NetBeans/NetBeans 7.4.app/Contents/Resources/NetBeans/nb:/Applications/NetBeans/NetBeans 7.4.app/Contents/Resources/NetBeans/ergonomics:/Applications/NetBeans/NetBeans 7.4.app/Contents/Resources/NetBeans/ide:/Applications/NetBeans/NetBeans 7.4.app/Contents/Resources/NetBeans/extide:/Applications/NetBeans/NetBeans 7.4.app/Contents/Resources/NetBeans/java:/Applications/NetBeans/NetBeans 7.4.app/Contents/Resources/NetBeans/apisupport:/Applications/NetBeans/NetBeans 7.4.app/Contents/Resources/NetBeans/webcommon:/Applications/NetBeans/NetBeans 7.4.app/Contents/Resources/NetBeans/websvccommon:/Applications/NetBeans/NetBeans 7.4.app/Contents/Resources/NetBeans/enterprise:/Applications/NetBeans/NetBeans 7.4.app/Contents/Resources/NetBeans/mobility:/Applications/NetBeans/NetBeans 7.4.app/Contents/Resources/NetBeans/profiler:/Applications/NetBeans/NetBeans 7.4.app/Contents/Resources/NetBeans/python:/Applications/NetBeans/NetBeans 7.4.app/Contents/Resources/NetBeans/php:/Applications/NetBeans/NetBeans 7.4.app/Contents/Resources/NetBeans/identity:/Applications/NetBeans/NetBeans 7.4.app/Contents/Resources/NetBeans/harness:/Applications/NetBeans/NetBeans 7.4.app/Contents/Resources/NetBeans/cnd:/Applications/NetBeans/NetBeans 7.4.app/Contents/Resources/NetBeans/dlight:/Applications/NetBeans/NetBeans 7.4.app/Contents/Resources/NetBeans/groovy:/Applications/NetBeans/NetBeans 7.4.app/Contents/Resources/NetBeans/extra:/Applications/NetBeans/NetBeans 7.4.app/Contents/Resources/NetBeans/javacard:/Applications/NetBeans/NetBeans 7.4.app/Contents/Resources/NetBeans/javafx:" />
    <property name="libs.jstl.javadoc" value="/Applications/NetBeans/NetBeans 7.4.app/Contents/Resources/NetBeans/enterprise/docs/javaee-doc-api.jar" />
    <property name="libs.jsf20.javadoc" value="/Applications/NetBeans/NetBeans 7.4.app/Contents/Resources/NetBeans/enterprise/docs/javaee-doc-api.jar" />
    <property name="java.ext.dirs" value="/Users/E/Library/Java/Extensions:/Library/Java/JavaVirtualMachines/jdk1.8.0_05.jdk/Contents/Home/jre/lib/ext:/Library/Java/Extensions:/Network/Library/Java/Extensions:/System/Library/Java/Extensions:/usr/lib/java" />
    <property name="libs.MyLibrary.maven-pom" value="" />
    <property name="libs.metro.src" value="" />
    <property name="endorsed.classpath" value="" />
    <property name="libs.absolutelayout.classpath" value="/Applications/NetBeans/NetBeans 7.4.app/Contents/Resources/NetBeans/java/modules/ext/AbsoluteLayout.jar" />
    <property name="excludes" value="" />
    <property name="libs.restlib.maven-pom" value="" />
    <property name="libs.metro.classpath" value="/Applications/NetBeans/NetBeans 7.4.app/Contents/Resources/NetBeans/ide/modules/ext/jaxb/activation.jar:/Applications/NetBeans/NetBeans 7.4.app/Contents/Resources/NetBeans/enterprise/modules/ext/metro/webservices-api.jar:/Applications/NetBeans/NetBeans 7.4.app/Contents/Resources/NetBeans/enterprise/modules/ext/metro/webservices-extra-api.jar:/Applications/NetBeans/NetBeans 7.4.app/Contents/Resources/NetBeans/enterprise/modules/ext/metro/webservices-extra.jar:/Applications/NetBeans/NetBeans 7.4.app/Contents/Resources/NetBeans/enterprise/modules/ext/metro/webservices-rt.jar:/Applications/NetBeans/NetBeans 7.4.app/Contents/Resources/NetBeans/enterprise/modules/ext/metro/webservices-tools.jar" />
    <property name="java.class.path" value="/Users/E/Dropbox/comp350/Re_Team2/early_warning_fire_system/lib/activation.jar:/Users/E/Dropbox/comp350/Re_Team2/early_warning_fire_system/lib/derby.jar:/Users/E/Dropbox/comp350/Re_Team2/early_warning_fire_system/lib/derbyclient.jar:/Users/E/Dropbox/comp350/Re_Team2/early_warning_fire_system/lib/derbynet.jar:/Users/E/Dropbox/comp350/Re_Team2/early_warning_fire_system/lib/javax.mail.jar:/Users/E/Dropbox/comp350/Re_Team2/early_warning_fire_system/lib/jxl-2.6.jar:/Users/E/Dropbox/comp350/Re_Team2/early_warning_fire_system/build/classes:/Users/E/Dropbox/comp350/Re_Team2/early_warning_fire_system/lib/junit.jar:/Users/E/Dropbox/comp350/Re_Team2/early_warning_fire_system/lib/jasypt-1.9.2.jar:/Users/E/Dropbox/comp350/Re_Team2/early_warning_fire_system/lib/joda-time-2.3.jar:/Users/E/Dropbox/comp350/Re_Team2/early_warning_fire_system/build/test/classes:/Users/E/Dropbox/comp350/Re_Team2/early_warning_fire_system/lib/hamcrest-core-1.3.jar:/Applications/NetBeans/NetBeans 7.4.app/Contents/Resources/NetBeans/extide/ant/lib/ant-launcher.jar:/Applications/NetBeans/NetBeans 7.4.app/Contents/Resources/NetBeans/extide/ant/lib/ant.jar:/Applications/NetBeans/NetBeans 7.4.app/Contents/Resources/NetBeans/extide/ant/lib/ant-junit.jar:/Applications/NetBeans/NetBeans 7.4.app/Contents/Resources/NetBeans/extide/ant/lib/ant-junit4.jar" />
    <property name="apple.laf.useScreenMenuBar" value="true" />
    <property name="do.mkdist" value="true" />
    <property name="libs.absolutelayout.src" value="" />
    <property name="libs.jpa20-persistence.classpath" value="/Applications/NetBeans/NetBeans 7.4.app/Contents/Resources/NetBeans/java/modules/ext/eclipselink/javax.persistence_2.1.0.v201304241213.jar" />
    <property name="os.version" value="10.9.2" />
    <property name="libs.hibernate-persistencemodelgen.src" value="" />
    <property name="application.args" value="" />
    <property name="libs.EclipseLink-GlassFish-v3.javadoc" value="/Applications/NetBeans/NetBeans 7.4.app/Contents/Resources/NetBeans/enterprise/docs/javaee-doc-api.jar" />
    <property name="libs.javaee-api-7.0.maven-pom" value="" />
    <property name="main.class.available" value="true" />
    <property name="sun.awt.enableExtraMouseButtons" value="true" />
    <property name="libs.Comet-GlassFish-v3.src" value="" />
    <property name="libs.restlib.javadoc" value="" />
    <property name="libs.JAXB-ENDORSED.classpath" value="/Applications/NetBeans/NetBeans 7.4.app/Contents/Resources/NetBeans/ide/modules/ext/jaxb/api/jaxb-api.jar" />
    <property name="nb.internal.action.name" value="test" />
    <property name="libs.javaee-api-7.0.javadoc" value="/Applications/NetBeans/NetBeans 7.4.app/Contents/Resources/NetBeans/enterprise/docs/javaee-doc-api.jar" />
    <property name="libs.eclipselink.classpath" value="/Applications/NetBeans/NetBeans 7.4.app/Contents/Resources/NetBeans/java/modules/ext/eclipselink/eclipselink.jar:/Applications/NetBeans/NetBeans 7.4.app/Contents/Resources/NetBeans/java/modules/ext/eclipselink/javax.persistence_2.1.0.v201304241213.jar:/Applications/NetBeans/NetBeans 7.4.app/Contents/Resources/NetBeans/java/modules/ext/eclipselink/org.eclipse.persistence.jpa.jpql_2.5.1.v20130918-f2b9fc5.jar" />
    <property name="java.awt.graphicsenv" value="sun.awt.CGraphicsEnvironment" />
    <property name="libs.beans-binding.javadoc" value="/Applications/NetBeans/NetBeans 7.4.app/Contents/Resources/NetBeans/java/docs/beansbinding-1.2.1-doc.zip" />
    <property name="java.vm.vendor" value="Oracle Corporation" />
    <property name="libs.CopyLibs.classpath" value="/Applications/NetBeans/NetBeans 7.4.app/Contents/Resources/NetBeans/java/ant/extra/org-netbeans-modules-java-j2seproject-copylibstask.jar" />
    <property name="ant.file.type.early_warning_fire_system" value="file" />
    <property name="libs.spring-framework300.classpath" value="/Applications/NetBeans/NetBeans 7.4.app/Contents/Resources/NetBeans/ide/modules/org-apache-commons-logging.jar:/Applications/NetBeans/NetBeans 7.4.app/Contents/Resources/NetBeans/java/modules/ext/cglib-2.2.jar:/Applications/NetBeans/NetBeans 7.4.app/Contents/Resources/NetBeans/java/modules/ext/spring-3.0/spring-aop-3.2.3.RELEASE.jar:/Applications/NetBeans/NetBeans 7.4.app/Contents/Resources/NetBeans/java/modules/ext/spring-3.0/spring-aspects-3.2.3.RELEASE.jar:/Applications/NetBeans/NetBeans 7.4.app/Contents/Resources/NetBeans/java/modules/ext/spring-3.0/spring-beans-3.2.3.RELEASE.jar:/Applications/NetBeans/NetBeans 7.4.app/Contents/Resources/NetBeans/java/modules/ext/spring-3.0/spring-build-src-3.2.3.RELEASE.jar:/Applications/NetBeans/NetBeans 7.4.app/Contents/Resources/NetBeans/java/modules/ext/spring-3.0/spring-context-3.2.3.RELEASE.jar:/Applications/NetBeans/NetBeans 7.4.app/Contents/Resources/NetBeans/java/modules/ext/spring-3.0/spring-context-support-3.2.3.RELEASE.jar:/Applications/NetBeans/NetBeans 7.4.app/Contents/Resources/NetBeans/java/modules/ext/spring-3.0/spring-core-3.2.3.RELEASE.jar:/Applications/NetBeans/NetBeans 7.4.app/Contents/Resources/NetBeans/java/modules/ext/spring-3.0/spring-expression-3.2.3.RELEASE.jar:/Applications/NetBeans/NetBeans 7.4.app/Contents/Resources/NetBeans/java/modules/ext/spring-3.0/spring-instrument-3.2.3.RELEASE.jar:/Applications/NetBeans/NetBeans 7.4.app/Contents/Resources/NetBeans/java/modules/ext/spring-3.0/spring-instrument-tomcat-3.2.3.RELEASE.jar:/Applications/NetBeans/NetBeans 7.4.app/Contents/Resources/NetBeans/java/modules/ext/spring-3.0/spring-jdbc-3.2.3.RELEASE.jar:/Applications/NetBeans/NetBeans 7.4.app/Contents/Resources/NetBeans/java/modules/ext/spring-3.0/spring-jms-3.2.3.RELEASE.jar:/Applications/NetBeans/NetBeans 7.4.app/Contents/Resources/NetBeans/java/modules/ext/spring-3.0/spring-orm-3.2.3.RELEASE.jar:/Applications/NetBeans/NetBeans 7.4.app/Contents/Resources/NetBeans/java/modules/ext/spring-3.0/spring-oxm-3.2.3.RELEASE.jar:/Applications/NetBeans/NetBeans 7.4.app/Contents/Resources/NetBeans/java/modules/ext/spring-3.0/spring-struts-3.2.3.RELEASE.jar:/Applications/NetBeans/NetBeans 7.4.app/Contents/Resources/NetBeans/java/modules/ext/spring-3.0/spring-test-3.2.3.RELEASE.jar:/Applications/NetBeans/NetBeans 7.4.app/Contents/Resources/NetBeans/java/modules/ext/spring-3.0/spring-tx-3.2.3.RELEASE.jar:/Applications/NetBeans/NetBeans 7.4.app/Contents/Resources/NetBeans/java/modules/ext/spring-3.0/spring-web-3.2.3.RELEASE.jar:/Applications/NetBeans/NetBeans 7.4.app/Contents/Resources/NetBeans/java/modules/ext/spring-3.0/spring-webmvc-3.2.3.RELEASE.jar:/Applications/NetBeans/NetBeans 7.4.app/Contents/Resources/NetBeans/java/modules/ext/spring-3.0/spring-webmvc-portlet-3.2.3.RELEASE.jar" />
    <property name="libs.jsp-compiler.maven-pom" value="" />
    <property name="libs.spring-webmvc.maven-pom" value="" />
    <property name="run.jvmargs" value="" />
    <property name="libs.ejb3-persistence.classpath" value="/Applications/NetBeans/NetBeans 7.4.app/Contents/Resources/NetBeans/java/modules/ext/hibernate/hibernate-jpa-2.0-api-1.0.1.Final.jar" />
    <property name="libs.hibernate-persistencemodelgen.javadoc" value="" />
    <property name="libs.JAXB-ENDORSED.src" value="" />
    <property name="libs.spring-framework.javadoc" value="" />
    <property name="dist.archive.excludes" value="" />
    <property name="libs.testng.javadoc" value="/Applications/NetBeans/NetBeans 7.4.app/Contents/Resources/NetBeans/platform/docs/testng-6.8.1-javadoc.zip" />
    <property name="libs.PostgreSQLDriver.classpath" value="/Applications/NetBeans/NetBeans 7.4.app/Contents/Resources/NetBeans/ide/modules/ext/postgresql-9.2-1002.jdbc4.jar" />
    <property name="libs.jsf12.maven-pom" value="" />
    <property name="libs.junit.src" value="" />
    <property name="annotation.processing.source.output" value="build/generated-sources/ap-source-output" />
    <property name="main.class" value="source.Main" />
    <property name="libs.CopyLibs.src" value="" />
    <property name="build.dir" value="build" />
    <property name="libs.jsp-compilation.classpath" value="/Applications/NetBeans/NetBeans 7.4.app/Contents/Resources/NetBeans/extide/ant/lib/ant.jar:/Applications/NetBeans/NetBeans 7.4.app/Contents/Resources/NetBeans/enterprise/modules/ext/servlet3.1-jsp2.3-api.jar:/Applications/NetBeans/NetBeans 7.4.app/Contents/Resources/NetBeans/enterprise/modules/ext/glassfish-jspparser-4.0.jar:/Applications/NetBeans/NetBeans 7.4.app/Contents/Resources/NetBeans/enterprise/modules/ext/jsf-2_2/javax.faces.jar:/Applications/NetBeans/NetBeans 7.4.app/Contents/Resources/NetBeans/enterprise/modules/ext/jstl-api.jar:/Applications/NetBeans/NetBeans 7.4.app/Contents/Resources/NetBeans/extide/ant/lib/ant-launcher.jar" />
    <property name="ant.version" value="Apache Ant(TM) version 1.9.1 compiled on May 15 2013" />
    <property name="file.reference.derby.jar" value="lib/derby.jar" />
    <property name="file.encoding" value="UTF-8" />
    <property name="build.classes.excludes" value="**/*.java,**/*.form" />
    <property name="jdkBug6558476" value="false" />
    <property name="javadoc.nonavbar" value="false" />
    <property name="platform.active" value="default_platform" />
    <property name="awt.toolkit" value="sun.lwawt.macosx.LWCToolkit" />
    <property name="libs.javaee-web-api-7.0.javadoc" value="/Applications/NetBeans/NetBeans 7.4.app/Contents/Resources/NetBeans/enterprise/docs/javaee-doc-api.jar" />
  </properties>
  <testcase classname="source.DataBase_ConnectorTest" name="testViewData" time="5.471" />
  <testcase classname="source.DataBase_ConnectorTest" name="testUpdateDatabase" time="2.021" />
  <testcase classname="source.DataBase_ConnectorTest" name="testInsertData" time="1.16" />
  <testcase classname="source.DataBase_ConnectorTest" name="testHostAvailabilityCheck" time="1.119" />
  <testcase classname="source.DataBase_ConnectorTest" name="testToString" time="1.116" />
  <system-out><![CDATA[Server Started
viewData

TIME=0.0	SENSORID=1	TEMP=19.9884	HUM=37.0933	LIGHT=45.08	VOLTAGE=2.69964
TIME=0.0	SENSORID=2	TEMP=19.3024	HUM=38.4629	LIGHT=45.08	VOLTAGE=2.68742
TIME=0.0	SENSORID=3	TEMP=19.1652	HUM=38.8039	LIGHT=45.08	VOLTAGE=2.68742
TIME=0.0	SENSORID=4	TEMP=19.175	HUM=38.8379	LIGHT=45.08	VOLTAGE=2.69964
TIME=0.0	SENSORID=5	TEMP=19.1456	HUM=38.9401	LIGHT=45.08	VOLTAGE=2.68742
TIME=0.0	SENSORID=6	TEMP=19.1652	HUM=38.872	LIGHT=45.08	VOLTAGE=2.68742
TIME=0.0	SENSORID=7	TEMP=19.1652	HUM=38.8039	LIGHT=45.08	VOLTAGE=2.68742
TIME=0.0	SENSORID=8	TEMP=19.1456	HUM=38.8379	LIGHT=45.08	VOLTAGE=2.69964
TIME=0.0	SENSORID=9	TEMP=19.1456	HUM=38.872	LIGHT=45.08	VOLTAGE=2.68742
TIME=0.0	SENSORID=10	TEMP=19.1456	HUM=38.9401	LIGHT=45.08	VOLTAGE=2.69964
TIME=0.0	SENSORID=11	TEMP=19.1358	HUM=38.9061	LIGHT=45.08	VOLTAGE=2.68742
TIME=0.0	SENSORID=12	TEMP=19.1162	HUM=38.8039	LIGHT=45.08	VOLTAGE=2.69964
TIME=0.0	SENSORID=13	TEMP=19.1162	HUM=38.872	LIGHT=45.08	VOLTAGE=2.69964
TIME=0.0	SENSORID=14	TEMP=19.1064	HUM=39.0082	LIGHT=45.08	VOLTAGE=2.69964
TIME=0.0	SENSORID=15	TEMP=19.1064	HUM=38.872	LIGHT=43.24	VOLTAGE=2.69964
TIME=0.0	SENSORID=16	TEMP=19.0966	HUM=38.8039	LIGHT=43.24	VOLTAGE=2.69964
TIME=0.0	SENSORID=17	TEMP=19.0966	HUM=38.7357	LIGHT=43.24	VOLTAGE=2.69964
TIME=0.0	SENSORID=18	TEMP=19.0868	HUM=38.8039	LIGHT=43.24	VOLTAGE=2.69964
TIME=0.0	SENSORID=19	TEMP=19.0672	HUM=38.9061	LIGHT=43.24	VOLTAGE=2.68742
TIME=0.0	SENSORID=20	TEMP=19.0672	HUM=38.872	LIGHT=43.24	VOLTAGE=2.69964
TIME=0.0	SENSORID=21	TEMP=19.0672	HUM=38.9061	LIGHT=43.24	VOLTAGE=2.69964
TIME=0.0	SENSORID=22	TEMP=19.0868	HUM=39.0082	LIGHT=43.24	VOLTAGE=2.69964
TIME=0.0	SENSORID=23	TEMP=19.0182	HUM=38.7357	LIGHT=43.24	VOLTAGE=2.68742
TIME=0.0	SENSORID=24	TEMP=19.0182	HUM=38.7357	LIGHT=43.24	VOLTAGE=2.69964
TIME=0.0	SENSORID=25	TEMP=19.0084	HUM=38.8039	LIGHT=43.24	VOLTAGE=2.69964
TIME=0.0	SENSORID=26	TEMP=19.0084	HUM=38.9401	LIGHT=43.24	VOLTAGE=2.68742
TIME=0.0	SENSORID=27	TEMP=19.0084	HUM=38.9401	LIGHT=43.24	VOLTAGE=2.69964
TIME=0.0	SENSORID=28	TEMP=18.9986	HUM=38.9742	LIGHT=43.24	VOLTAGE=2.68742
TIME=0.0	SENSORID=29	TEMP=19.0084	HUM=38.9742	LIGHT=43.24	VOLTAGE=2.69964
TIME=0.0	SENSORID=30	TEMP=18.9888	HUM=39.0422	LIGHT=43.24	VOLTAGE=2.68742
TIME=0.0	SENSORID=31	TEMP=18.9692	HUM=38.9401	LIGHT=43.24	VOLTAGE=2.69964
TIME=0.0	SENSORID=32	TEMP=18.979	HUM=39.0763	LIGHT=43.24	VOLTAGE=2.69964
TIME=0.0	SENSORID=33	TEMP=18.979	HUM=38.9742	LIGHT=43.24	VOLTAGE=2.68742
TIME=0.0	SENSORID=34	TEMP=18.9692	HUM=38.9401	LIGHT=43.24	VOLTAGE=2.68742
TIME=0.0	SENSORID=35	TEMP=18.9888	HUM=38.8039	LIGHT=43.24	VOLTAGE=2.69964
TIME=0.0	SENSORID=36	TEMP=18.979	HUM=38.872	LIGHT=43.24	VOLTAGE=2.68742
TIME=0.0	SENSORID=37	TEMP=18.9888	HUM=38.9061	LIGHT=43.24	VOLTAGE=2.69964
TIME=0.0	SENSORID=38	TEMP=18.9692	HUM=38.8039	LIGHT=43.24	VOLTAGE=2.69964
TIME=0.0	SENSORID=39	TEMP=18.9594	HUM=38.8039	LIGHT=43.24	VOLTAGE=2.68742
TIME=0.0	SENSORID=40	TEMP=18.9594	HUM=38.8379	LIGHT=43.24	VOLTAGE=2.68742
TIME=0.0	SENSORID=41	TEMP=18.9692	HUM=38.8039	LIGHT=43.24	VOLTAGE=2.69964
TIME=0.0	SENSORID=42	TEMP=18.9398	HUM=38.7698	LIGHT=43.24	VOLTAGE=2.68742
TIME=0.0	SENSORID=43	TEMP=18.93	HUM=38.8039	LIGHT=43.24	VOLTAGE=2.69964
TIME=0.0	SENSORID=44	TEMP=18.9202	HUM=38.872	LIGHT=43.24	VOLTAGE=2.68742
TIME=0.0	SENSORID=45	TEMP=18.9104	HUM=39.0082	LIGHT=43.24	VOLTAGE=2.69964
TIME=0.0	SENSORID=46	TEMP=18.9006	HUM=38.9061	LIGHT=43.24	VOLTAGE=2.69964
TIME=0.0	SENSORID=47	TEMP=18.9006	HUM=39.0082	LIGHT=43.24	VOLTAGE=2.69964
TIME=0.0	SENSORID=48	TEMP=18.9104	HUM=39.0082	LIGHT=43.24	VOLTAGE=2.68742
TIME=0.0	SENSORID=49	TEMP=18.9006	HUM=39.0082	LIGHT=43.24	VOLTAGE=2.69964
TIME=0.0	SENSORID=50	TEMP=18.8908	HUM=39.0763	LIGHT=43.24	VOLTAGE=2.68742
TIME=0.0	SENSORID=51	TEMP=18.9006	HUM=39.0082	LIGHT=43.24	VOLTAGE=2.69964
TIME=0.0	SENSORID=52	TEMP=18.9104	HUM=39.0082	LIGHT=43.24	VOLTAGE=2.69964
TIME=0.0	SENSORID=53	TEMP=18.8908	HUM=38.9401	LIGHT=43.24	VOLTAGE=2.68742
TIME=0.0	SENSORID=54	TEMP=18.8712	HUM=38.9742	LIGHT=43.24	VOLTAGE=2.69964
TIME=0.0	SENSORID=55	TEMP=18.8222	HUM=39.0082	LIGHT=43.24	VOLTAGE=2.68742
TIME=0.0	SENSORID=56	TEMP=18.8124	HUM=39.0082	LIGHT=43.24	VOLTAGE=2.69964
TIME=0.0	SENSORID=57	TEMP=18.8124	HUM=39.0082	LIGHT=43.24	VOLTAGE=2.68742
TIME=0.0	SENSORID=58	TEMP=18.8026	HUM=39.0082	LIGHT=43.24	VOLTAGE=2.68742
TIME=0.0	SENSORID=59	TEMP=18.7928	HUM=38.9401	LIGHT=43.24	VOLTAGE=2.68742
TIME=0.0	SENSORID=60	TEMP=18.7928	HUM=38.9401	LIGHT=43.24	VOLTAGE=2.68742
TIME=0.0	SENSORID=61	TEMP=18.7732	HUM=39.0082	LIGHT=43.24	VOLTAGE=2.68742
TIME=0.0	SENSORID=62	TEMP=18.7732	HUM=39.0082	LIGHT=43.24	VOLTAGE=2.68742
TIME=0.0	SENSORID=63	TEMP=18.7928	HUM=38.872	LIGHT=43.24	VOLTAGE=2.69964
TIME=0.0	SENSORID=64	TEMP=18.7732	HUM=38.9061	LIGHT=43.24	VOLTAGE=2.69964
TIME=0.0	SENSORID=65	TEMP=18.7536	HUM=38.8379	LIGHT=43.24	VOLTAGE=2.68742
TIME=0.0	SENSORID=66	TEMP=18.7732	HUM=38.8039	LIGHT=43.24	VOLTAGE=2.69964
TIME=0.0	SENSORID=67	TEMP=18.7634	HUM=38.872	LIGHT=43.24	VOLTAGE=2.68742
TIME=0.0	SENSORID=68	TEMP=18.7536	HUM=38.8039	LIGHT=43.24	VOLTAGE=2.69964
TIME=0.0	SENSORID=69	TEMP=18.7242	HUM=38.8039	LIGHT=43.24	VOLTAGE=2.68742
TIME=0.0	SENSORID=70	TEMP=18.734	HUM=38.8379	LIGHT=43.24	VOLTAGE=2.69964
TIME=0.0	SENSORID=71	TEMP=18.7242	HUM=38.9401	LIGHT=43.24	VOLTAGE=2.69964
TIME=0.0	SENSORID=72	TEMP=18.734	HUM=38.872	LIGHT=43.24	VOLTAGE=2.69964
TIME=0.0	SENSORID=73	TEMP=18.7242	HUM=38.9401	LIGHT=43.24	VOLTAGE=2.68742
TIME=0.0	SENSORID=74	TEMP=18.7144	HUM=38.9401	LIGHT=43.24	VOLTAGE=2.68742
TIME=0.0	SENSORID=75	TEMP=18.6948	HUM=38.9401	LIGHT=43.24	VOLTAGE=2.68742
TIME=0.0	SENSORID=76	TEMP=18.6948	HUM=38.9401	LIGHT=43.24	VOLTAGE=2.68742
TIME=0.0	SENSORID=77	TEMP=18.685	HUM=38.872	LIGHT=43.24	VOLTAGE=2.69964
TIME=0.0	SENSORID=78	TEMP=18.6654	HUM=38.872	LIGHT=43.24	VOLTAGE=2.68742
TIME=0.0	SENSORID=79	TEMP=18.6556	HUM=38.872	LIGHT=43.24	VOLTAGE=2.68742
TIME=0.0	SENSORID=80	TEMP=18.6458	HUM=38.872	LIGHT=43.24	VOLTAGE=2.68742
TIME=0.0	SENSORID=81	TEMP=18.636	HUM=38.872	LIGHT=43.24	VOLTAGE=2.69964
TIME=0.0	SENSORID=82	TEMP=18.636	HUM=38.8379	LIGHT=43.24	VOLTAGE=2.68742
TIME=0.0	SENSORID=83	TEMP=18.636	HUM=38.872	LIGHT=43.24	VOLTAGE=2.68742
TIME=0.0	SENSORID=84	TEMP=18.636	HUM=38.8039	LIGHT=43.24	VOLTAGE=2.68742
TIME=0.0	SENSORID=85	TEMP=18.6164	HUM=38.872	LIGHT=43.24	VOLTAGE=2.69964
TIME=0.0	SENSORID=86	TEMP=18.6066	HUM=38.9061	LIGHT=43.24	VOLTAGE=2.68742
TIME=0.0	SENSORID=87	TEMP=18.5478	HUM=38.9401	LIGHT=43.24	VOLTAGE=2.67532
TIME=0.0	SENSORID=88	TEMP=18.5184	HUM=38.9401	LIGHT=43.24	VOLTAGE=2.68742
TIME=0.0	SENSORID=89	TEMP=18.5086	HUM=39.0082	LIGHT=43.24	VOLTAGE=2.68742
TIME=0.0	SENSORID=90	TEMP=18.4988	HUM=39.0763	LIGHT=43.24	VOLTAGE=2.68742
TIME=0.0	SENSORID=91	TEMP=18.4988	HUM=39.0082	LIGHT=43.24	VOLTAGE=2.69964
TIME=0.0	SENSORID=92	TEMP=18.4988	HUM=39.0422	LIGHT=43.24	VOLTAGE=2.68742
TIME=0.0	SENSORID=93	TEMP=18.5086	HUM=39.0422	LIGHT=43.24	VOLTAGE=2.68742
TIME=0.0	SENSORID=94	TEMP=18.5086	HUM=38.9742	LIGHT=43.24	VOLTAGE=2.68742
TIME=0.0	SENSORID=95	TEMP=18.4694	HUM=38.9742	LIGHT=43.24	VOLTAGE=2.68742
TIME=0.0	SENSORID=96	TEMP=18.4596	HUM=38.9742	LIGHT=43.24	VOLTAGE=2.68742
TIME=0.0	SENSORID=97	TEMP=18.44	HUM=38.9401	LIGHT=43.24	VOLTAGE=2.68742
TIME=0.0	SENSORID=98	TEMP=18.4204	HUM=38.9401	LIGHT=43.24	VOLTAGE=2.68742
TIME=0.0	SENSORID=99	TEMP=18.4204	HUM=38.9401	LIGHT=43.24	VOLTAGE=2.68742
TIME=0.0	SENSORID=100	TEMP=18.4106	HUM=39.0082	LIGHT=43.24	VOLTAGE=2.68742
TIME=0.0	SENSORID=101	TEMP=18.4008	HUM=39.1443	LIGHT=43.24	VOLTAGE=2.68742
TIME=0.0	SENSORID=102	TEMP=18.4008	HUM=39.0763	LIGHT=43.24	VOLTAGE=2.67532
TIME=0.0	SENSORID=103	TEMP=18.4008	HUM=39.1443	LIGHT=43.24	VOLTAGE=2.69964
TIME=0.0	SENSORID=104	TEMP=18.4106	HUM=39.0763	LIGHT=43.24	VOLTAGE=2.68742
TIME=0.0	SENSORID=105	TEMP=18.4204	HUM=39.0422	LIGHT=43.24	VOLTAGE=2.68742
TIME=0.0	SENSORID=106	TEMP=18.4106	HUM=39.0763	LIGHT=43.24	VOLTAGE=2.68742
TIME=0.0	SENSORID=107	TEMP=18.4008	HUM=39.0763	LIGHT=43.24	VOLTAGE=2.69964
TIME=0.0	SENSORID=108	TEMP=18.4008	HUM=39.0082	LIGHT=43.24	VOLTAGE=2.68742
TIME=0.0	SENSORID=109	TEMP=18.4008	HUM=39.0082	LIGHT=43.24	VOLTAGE=2.68742
TIME=0.0	SENSORID=110	TEMP=18.3812	HUM=39.0763	LIGHT=43.24	VOLTAGE=2.69964
TIME=0.0	SENSORID=111	TEMP=18.3714	HUM=39.0082	LIGHT=43.24	VOLTAGE=2.68742
TIME=0.0	SENSORID=112	TEMP=18.3812	HUM=39.0082	LIGHT=43.24	VOLTAGE=2.68742
TIME=0.0	SENSORID=113	TEMP=18.3616	HUM=39.0082	LIGHT=43.24	VOLTAGE=2.69964
TIME=0.0	SENSORID=114	TEMP=18.342	HUM=39.0082	LIGHT=43.24	VOLTAGE=2.68742
TIME=0.0	SENSORID=115	TEMP=18.3322	HUM=39.0082	LIGHT=43.24	VOLTAGE=2.68742
TIME=0.0	SENSORID=116	TEMP=18.3322	HUM=39.0082	LIGHT=43.24	VOLTAGE=2.67532
TIME=0.0	SENSORID=117	TEMP=18.3322	HUM=39.0082	LIGHT=43.24	VOLTAGE=2.68742
TIME=0.0	SENSORID=118	TEMP=18.342	HUM=39.0763	LIGHT=43.24	VOLTAGE=2.68742
TIME=0.0	SENSORID=119	TEMP=18.3126	HUM=39.1443	LIGHT=43.24	VOLTAGE=2.68742
TIME=0.0	SENSORID=120	TEMP=18.3224	HUM=39.0763	LIGHT=43.24	VOLTAGE=2.68742
TIME=0.0	SENSORID=121	TEMP=18.3028	HUM=39.0763	LIGHT=43.24	VOLTAGE=2.68742
TIME=0.0	SENSORID=122	TEMP=18.3028	HUM=39.1103	LIGHT=43.24	VOLTAGE=2.68742
TIME=0.0	SENSORID=123	TEMP=18.293	HUM=39.1443	LIGHT=43.24	VOLTAGE=2.68742
TIME=0.0	SENSORID=124	TEMP=18.3028	HUM=39.0763	LIGHT=43.24	VOLTAGE=2.68742
TIME=0.0	SENSORID=125	TEMP=18.293	HUM=39.0763	LIGHT=43.24	VOLTAGE=2.67532
TIME=0.0	SENSORID=126	TEMP=18.2832	HUM=39.0082	LIGHT=43.24	VOLTAGE=2.68742
TIME=0.0	SENSORID=127	TEMP=18.2636	HUM=39.0763	LIGHT=43.24	VOLTAGE=2.68742
TIME=0.0	SENSORID=128	TEMP=18.2734	HUM=39.0422	LIGHT=43.24	VOLTAGE=2.68742
TIME=0.0	SENSORID=129	TEMP=18.2636	HUM=39.0763	LIGHT=43.24	VOLTAGE=2.69964
TIME=0.0	SENSORID=130	TEMP=18.2636	HUM=39.0082	LIGHT=43.24	VOLTAGE=2.68742
TIME=0.0	SENSORID=131	TEMP=18.244	HUM=38.9742	LIGHT=43.24	VOLTAGE=2.68742
TIME=0.0	SENSORID=132	TEMP=18.2048	HUM=39.1443	LIGHT=43.24	VOLTAGE=2.68742
TIME=0.0	SENSORID=133	TEMP=18.2048	HUM=39.1443	LIGHT=43.24	VOLTAGE=2.67532
TIME=0.0	SENSORID=134	TEMP=18.1852	HUM=39.1443	LIGHT=43.24	VOLTAGE=2.68742
TIME=0.0	SENSORID=135	TEMP=18.2048	HUM=39.0763	LIGHT=43.24	VOLTAGE=2.68742
TIME=0.0	SENSORID=136	TEMP=18.2048	HUM=39.1443	LIGHT=43.24	VOLTAGE=2.68742
TIME=0.0	SENSORID=137	TEMP=18.2048	HUM=39.1443	LIGHT=43.24	VOLTAGE=2.67532
TIME=0.0	SENSORID=138	TEMP=18.1852	HUM=39.0422	LIGHT=43.24	VOLTAGE=2.68742
TIME=0.0	SENSORID=139	TEMP=18.1558	HUM=39.1443	LIGHT=43.24	VOLTAGE=2.68742
TIME=0.0	SENSORID=140	TEMP=18.1656	HUM=39.1443	LIGHT=43.24	VOLTAGE=2.68742
TIME=0.0	SENSORID=141	TEMP=18.1558	HUM=39.0763	LIGHT=43.24	VOLTAGE=2.68742
TIME=0.0	SENSORID=142	TEMP=18.1558	HUM=39.0763	LIGHT=43.24	VOLTAGE=2.68742
TIME=0.0	SENSORID=143	TEMP=18.1362	HUM=39.0082	LIGHT=43.24	VOLTAGE=2.68742
TIME=0.0	SENSORID=144	TEMP=18.1264	HUM=39.0422	LIGHT=43.24	VOLTAGE=2.67532
TIME=0.0	SENSORID=145	TEMP=18.1068	HUM=39.0763	LIGHT=43.24	VOLTAGE=2.68742
TIME=0.0	SENSORID=146	TEMP=18.097	HUM=39.0422	LIGHT=43.24	VOLTAGE=2.68742
TIME=0.0	SENSORID=147	TEMP=18.0872	HUM=39.0082	LIGHT=43.24	VOLTAGE=2.68742
TIME=0.0	SENSORID=148	TEMP=18.0872	HUM=39.0763	LIGHT=43.24	VOLTAGE=2.67532
TIME=0.0	SENSORID=149	TEMP=18.0872	HUM=39.0422	LIGHT=43.24	VOLTAGE=2.69964
TIME=0.0	SENSORID=150	TEMP=18.0872	HUM=39.0763	LIGHT=43.24	VOLTAGE=2.67532
TIME=0.0	SENSORID=151	TEMP=18.0774	HUM=39.0422	LIGHT=43.24	VOLTAGE=2.68742
TIME=0.0	SENSORID=152	TEMP=18.0676	HUM=39.1103	LIGHT=43.24	VOLTAGE=2.68742
TIME=0.0	SENSORID=153	TEMP=18.0676	HUM=39.1103	LIGHT=43.24	VOLTAGE=2.67532
TIME=0.0	SENSORID=154	TEMP=18.0676	HUM=39.0763	LIGHT=43.24	VOLTAGE=2.67532
TIME=0.0	SENSORID=155	TEMP=18.0676	HUM=39.0082	LIGHT=43.24	VOLTAGE=2.68742
TIME=0.0	SENSORID=156	TEMP=18.0284	HUM=39.0422	LIGHT=43.24	VOLTAGE=2.68742
TIME=0.0	SENSORID=157	TEMP=18.0382	HUM=39.0763	LIGHT=43.24	VOLTAGE=2.68742
TIME=0.0	SENSORID=158	TEMP=18.0284	HUM=39.0082	LIGHT=43.24	VOLTAGE=2.67532
TIME=0.0	SENSORID=159	TEMP=18.0284	HUM=39.0082	LIGHT=43.24	VOLTAGE=2.68742
TIME=0.0	SENSORID=160	TEMP=18.0186	HUM=39.0082	LIGHT=43.24	VOLTAGE=2.68742
TIME=0.0	SENSORID=161	TEMP=18.0088	HUM=39.0082	LIGHT=43.24	VOLTAGE=2.68742
TIME=0.0	SENSORID=162	TEMP=18.0088	HUM=39.0082	LIGHT=43.24	VOLTAGE=2.68742
TIME=0.0	SENSORID=163	TEMP=17.9794	HUM=39.1103	LIGHT=43.24	VOLTAGE=2.67532
TIME=0.0	SENSORID=164	TEMP=17.9598	HUM=39.1443	LIGHT=43.24	VOLTAGE=2.67532
TIME=0.0	SENSORID=165	TEMP=17.9696	HUM=39.1103	LIGHT=43.24	VOLTAGE=2.68742
TIME=0.0	SENSORID=166	TEMP=17.9598	HUM=39.1443	LIGHT=43.24	VOLTAGE=2.68742
TIME=0.0	SENSORID=167	TEMP=17.9304	HUM=39.2123	LIGHT=43.24	VOLTAGE=2.67532
TIME=0.0	SENSORID=168	TEMP=17.9304	HUM=39.2123	LIGHT=43.24	VOLTAGE=2.68742
TIME=0.0	SENSORID=169	TEMP=17.9402	HUM=39.1103	LIGHT=43.24	VOLTAGE=2.67532
TIME=0.0	SENSORID=170	TEMP=17.95	HUM=39.0763	LIGHT=43.24	VOLTAGE=2.67532
TIME=0.0	SENSORID=171	TEMP=17.9402	HUM=39.0082	LIGHT=43.24	VOLTAGE=2.67532
TIME=0.0	SENSORID=172	TEMP=17.9108	HUM=39.0422	LIGHT=43.24	VOLTAGE=2.67532
TIME=0.0	SENSORID=173	TEMP=17.8814	HUM=39.0422	LIGHT=43.24	VOLTAGE=2.67532
TIME=0.0	SENSORID=174	TEMP=17.8814	HUM=39.0763	LIGHT=43.24	VOLTAGE=2.67532
TIME=0.0	SENSORID=175	TEMP=17.8716	HUM=39.1103	LIGHT=43.24	VOLTAGE=2.67532
TIME=0.0	SENSORID=176	TEMP=17.8912	HUM=39.1103	LIGHT=43.24	VOLTAGE=2.67532
TIME=0.0	SENSORID=177	TEMP=17.8814	HUM=39.1443	LIGHT=43.24	VOLTAGE=2.67532
TIME=0.0	SENSORID=178	TEMP=17.8716	HUM=39.1103	LIGHT=43.24	VOLTAGE=2.68742
TIME=0.0	SENSORID=179	TEMP=17.8814	HUM=39.0763	LIGHT=43.24	VOLTAGE=2.68742
TIME=0.0	SENSORID=180	TEMP=17.8912	HUM=39.0763	LIGHT=43.24	VOLTAGE=2.68742
TIME=0.0	SENSORID=181	TEMP=17.8814	HUM=39.0422	LIGHT=43.24	VOLTAGE=2.67532
TIME=0.0	SENSORID=182	TEMP=17.8716	HUM=39.0763	LIGHT=43.24	VOLTAGE=2.67532
TIME=0.0	SENSORID=183	TEMP=17.8716	HUM=39.0763	LIGHT=43.24	VOLTAGE=2.67532
TIME=0.0	SENSORID=184	TEMP=17.852	HUM=39.0763	LIGHT=43.24	VOLTAGE=2.68742
TIME=0.0	SENSORID=185	TEMP=17.852	HUM=39.1103	LIGHT=43.24	VOLTAGE=2.68742
TIME=0.0	SENSORID=186	TEMP=17.852	HUM=39.1103	LIGHT=43.24	VOLTAGE=2.68742
TIME=0.0	SENSORID=187	TEMP=17.8422	HUM=39.0763	LIGHT=43.24	VOLTAGE=2.67532
TIME=0.0	SENSORID=188	TEMP=17.8324	HUM=39.0422	LIGHT=43.24	VOLTAGE=2.67532
TIME=0.0	SENSORID=189	TEMP=17.8128	HUM=39.0422	LIGHT=43.24	VOLTAGE=2.67532
TIME=0.0	SENSORID=190	TEMP=17.8226	HUM=39.0422	LIGHT=43.24	VOLTAGE=2.68742
TIME=0.0	SENSORID=191	TEMP=17.8128	HUM=39.1103	LIGHT=43.24	VOLTAGE=2.67532
TIME=0.0	SENSORID=192	TEMP=17.7932	HUM=39.1443	LIGHT=43.24	VOLTAGE=2.67532
TIME=0.0	SENSORID=193	TEMP=17.7932	HUM=39.1443	LIGHT=43.24	VOLTAGE=2.68742
TIME=0.0	SENSORID=194	TEMP=17.7932	HUM=39.1443	LIGHT=43.24	VOLTAGE=2.67532
TIME=0.0	SENSORID=195	TEMP=17.7932	HUM=39.1443	LIGHT=43.24	VOLTAGE=2.67532
TIME=0.0	SENSORID=196	TEMP=17.803	HUM=39.1443	LIGHT=43.24	VOLTAGE=2.67532
TIME=0.0	SENSORID=197	TEMP=17.8128	HUM=39.1103	LIGHT=43.24	VOLTAGE=2.68742
TIME=0.0	SENSORID=198	TEMP=17.7834	HUM=39.1783	LIGHT=43.24	VOLTAGE=2.67532
TIME=0.0	SENSORID=199	TEMP=17.7736	HUM=39.1103	LIGHT=43.24	VOLTAGE=2.68742
TIME=0.0	SENSORID=200	TEMP=17.7736	HUM=39.1103	LIGHT=43.24	VOLTAGE=2.67532
TIME=0.0	SENSORID=201	TEMP=17.7736	HUM=39.1783	LIGHT=43.24	VOLTAGE=2.68742
TIME=0.0	SENSORID=202	TEMP=17.754	HUM=39.1103	LIGHT=43.24	VOLTAGE=2.67532
TIME=0.0	SENSORID=203	TEMP=17.754	HUM=39.1443	LIGHT=43.24	VOLTAGE=2.67532
TIME=0.0	SENSORID=204	TEMP=17.754	HUM=39.1103	LIGHT=43.24	VOLTAGE=2.67532
TIME=0.0	SENSORID=205	TEMP=17.7246	HUM=39.1103	LIGHT=43.24	VOLTAGE=2.67532
TIME=0.0	SENSORID=206	TEMP=17.7344	HUM=39.1443	LIGHT=43.24	VOLTAGE=2.68742
TIME=0.0	SENSORID=207	TEMP=17.7148	HUM=39.1443	LIGHT=43.24	VOLTAGE=2.66332
TIME=0.0	SENSORID=208	TEMP=17.7148	HUM=39.1443	LIGHT=43.24	VOLTAGE=2.67532
TIME=0.0	SENSORID=209	TEMP=17.7148	HUM=39.1443	LIGHT=43.24	VOLTAGE=2.68742
TIME=0.0	SENSORID=210	TEMP=17.7148	HUM=39.2123	LIGHT=43.24	VOLTAGE=2.67532
TIME=0.0	SENSORID=211	TEMP=17.6952	HUM=39.2463	LIGHT=43.24	VOLTAGE=2.67532
TIME=0.0	SENSORID=212	TEMP=17.6952	HUM=39.2123	LIGHT=43.24	VOLTAGE=2.67532
TIME=0.0	SENSORID=213	TEMP=17.6854	HUM=39.2123	LIGHT=43.24	VOLTAGE=2.67532
TIME=0.0	SENSORID=214	TEMP=17.705	HUM=39.1783	LIGHT=43.24	VOLTAGE=2.67532
TIME=0.0	SENSORID=215	TEMP=17.6952	HUM=39.1783	LIGHT=43.24	VOLTAGE=2.68742
TIME=0.0	SENSORID=216	TEMP=17.6952	HUM=39.1783	LIGHT=43.24	VOLTAGE=2.67532
TIME=0.0	SENSORID=217	TEMP=17.6952	HUM=39.1443	LIGHT=43.24	VOLTAGE=2.67532
TIME=0.0	SENSORID=218	TEMP=17.6952	HUM=39.1443	LIGHT=43.24	VOLTAGE=2.67532
TIME=0.0	SENSORID=219	TEMP=17.6854	HUM=39.1443	LIGHT=43.24	VOLTAGE=2.67532
TIME=0.0	SENSORID=220	TEMP=17.6854	HUM=39.0763	LIGHT=43.24	VOLTAGE=2.67532
TIME=0.0	SENSORID=221	TEMP=17.656	HUM=39.2123	LIGHT=43.24	VOLTAGE=2.68742
TIME=0.0	SENSORID=222	TEMP=17.656	HUM=39.2123	LIGHT=43.24	VOLTAGE=2.67532
TIME=0.0	SENSORID=223	TEMP=17.656	HUM=39.2123	LIGHT=43.24	VOLTAGE=2.67532
TIME=0.0	SENSORID=224	TEMP=17.6658	HUM=39.2123	LIGHT=43.24	VOLTAGE=2.68742
TIME=0.0	SENSORID=225	TEMP=17.6756	HUM=39.2123	LIGHT=43.24	VOLTAGE=2.67532
TIME=0.0	SENSORID=226	TEMP=17.6756	HUM=39.2123	LIGHT=43.24	VOLTAGE=2.67532
TIME=0.0	SENSORID=227	TEMP=17.6756	HUM=39.1783	LIGHT=43.24	VOLTAGE=2.67532
TIME=0.0	SENSORID=228	TEMP=17.6658	HUM=39.2123	LIGHT=43.24	VOLTAGE=2.68742
TIME=0.0	SENSORID=229	TEMP=17.6756	HUM=39.1443	LIGHT=43.24	VOLTAGE=2.67532
TIME=0.0	SENSORID=230	TEMP=17.6658	HUM=39.2123	LIGHT=43.24	VOLTAGE=2.68742
TIME=0.0	SENSORID=231	TEMP=17.656	HUM=39.2803	LIGHT=43.24	VOLTAGE=2.67532
TIME=0.0	SENSORID=232	TEMP=17.656	HUM=39.2123	LIGHT=43.24	VOLTAGE=2.67532
TIME=0.0	SENSORID=233	TEMP=17.6462	HUM=39.2463	LIGHT=43.24	VOLTAGE=2.67532
TIME=0.0	SENSORID=234	TEMP=17.6364	HUM=39.2123	LIGHT=43.24	VOLTAGE=2.68742
TIME=0.0	SENSORID=235	TEMP=17.6364	HUM=39.2463	LIGHT=43.24	VOLTAGE=2.67532
TIME=0.0	SENSORID=236	TEMP=17.6364	HUM=39.1783	LIGHT=43.24	VOLTAGE=2.67532
TIME=0.0	SENSORID=237	TEMP=17.6364	HUM=39.2123	LIGHT=43.24	VOLTAGE=2.66332
TIME=0.0	SENSORID=238	TEMP=17.6266	HUM=39.1443	LIGHT=43.24	VOLTAGE=2.67532
TIME=0.0	SENSORID=239	TEMP=17.5972	HUM=39.1443	LIGHT=43.24	VOLTAGE=2.67532
TIME=0.0	SENSORID=240	TEMP=17.607	HUM=39.1783	LIGHT=43.24	VOLTAGE=2.67532
TIME=0.0	SENSORID=241	TEMP=17.5776	HUM=39.3483	LIGHT=43.24	VOLTAGE=2.67532
TIME=0.0	SENSORID=242	TEMP=17.5678	HUM=39.3143	LIGHT=43.24	VOLTAGE=2.67532
TIME=0.0	SENSORID=243	TEMP=17.5776	HUM=39.3143	LIGHT=43.24	VOLTAGE=2.67532
TIME=0.0	SENSORID=244	TEMP=17.5776	HUM=39.2803	LIGHT=43.24	VOLTAGE=2.67532
TIME=0.0	SENSORID=245	TEMP=17.5776	HUM=39.3823	LIGHT=45.08	VOLTAGE=2.67532
TIME=0.0	SENSORID=246	TEMP=17.5776	HUM=39.2803	LIGHT=45.08	VOLTAGE=2.67532
TIME=0.0	SENSORID=247	TEMP=17.5678	HUM=39.2803	LIGHT=45.08	VOLTAGE=2.67532
TIME=0.0	SENSORID=248	TEMP=17.5776	HUM=39.3143	LIGHT=45.08	VOLTAGE=2.68742
TIME=0.0	SENSORID=249	TEMP=17.5776	HUM=39.2803	LIGHT=45.08	VOLTAGE=2.67532
TIME=0.0	SENSORID=250	TEMP=17.5776	HUM=39.2803	LIGHT=45.08	VOLTAGE=2.67532
TIME=0.0	SENSORID=251	TEMP=17.5776	HUM=39.3483	LIGHT=46.92	VOLTAGE=2.67532
TIME=0.0	SENSORID=252	TEMP=17.5776	HUM=39.2463	LIGHT=46.92	VOLTAGE=2.67532
TIME=0.0	SENSORID=253	TEMP=17.5678	HUM=39.2803	LIGHT=46.92	VOLTAGE=2.67532
TIME=0.0	SENSORID=254	TEMP=17.5678	HUM=39.2463	LIGHT=46.92	VOLTAGE=2.67532
TIME=0.0	SENSORID=255	TEMP=17.558	HUM=39.2463	LIGHT=46.92	VOLTAGE=2.67532
TIME=0.0	SENSORID=256	TEMP=17.558	HUM=39.2123	LIGHT=46.92	VOLTAGE=2.68742
TIME=0.0	SENSORID=257	TEMP=17.5482	HUM=39.2123	LIGHT=48.76	VOLTAGE=2.68742
TIME=0.0	SENSORID=258	TEMP=17.5384	HUM=39.3483	LIGHT=50.6	VOLTAGE=2.67532
TIME=0.0	SENSORID=259	TEMP=17.5482	HUM=39.4502	LIGHT=53.36	VOLTAGE=2.67532
TIME=0.0	SENSORID=260	TEMP=17.509	HUM=39.2803	LIGHT=57.04	VOLTAGE=2.67532
TIME=0.0	SENSORID=261	TEMP=17.509	HUM=39.2803	LIGHT=57.04	VOLTAGE=2.67532
TIME=0.0	SENSORID=262	TEMP=17.509	HUM=39.2803	LIGHT=57.04	VOLTAGE=2.67532
TIME=0.0	SENSORID=263	TEMP=17.509	HUM=39.2803	LIGHT=57.04	VOLTAGE=2.67532
TIME=0.0	SENSORID=264	TEMP=17.5482	HUM=39.3143	LIGHT=136.16	VOLTAGE=2.67532
TIME=0.0	SENSORID=265	TEMP=17.5874	HUM=39.2123	LIGHT=150.88	VOLTAGE=2.67532
TIME=0.0	SENSORID=266	TEMP=17.5972	HUM=39.1443	LIGHT=165.6	VOLTAGE=2.67532
TIME=0.0	SENSORID=267	TEMP=17.7442	HUM=38.872	LIGHT=235.52	VOLTAGE=2.67532
TIME=0.0	SENSORID=268	TEMP=17.754	HUM=38.8379	LIGHT=235.52	VOLTAGE=2.68742
TIME=0.0	SENSORID=269	TEMP=17.7932	HUM=38.8379	LIGHT=250.24	VOLTAGE=2.67532
TIME=0.0	SENSORID=270	TEMP=17.8324	HUM=38.7698	LIGHT=309.12	VOLTAGE=2.67532
TIME=0.0	SENSORID=271	TEMP=17.8324	HUM=38.7357	LIGHT=309.12	VOLTAGE=2.67532
TIME=0.0	SENSORID=272	TEMP=17.852	HUM=38.7357	LIGHT=323.84	VOLTAGE=2.68742
TIME=0.0	SENSORID=273	TEMP=17.8618	HUM=38.7357	LIGHT=338.56	VOLTAGE=2.68742
TIME=0.0	SENSORID=274	TEMP=17.852	HUM=38.7357	LIGHT=338.56	VOLTAGE=2.67532
TIME=0.0	SENSORID=275	TEMP=17.8618	HUM=38.7698	LIGHT=338.56	VOLTAGE=2.67532
TIME=0.0	SENSORID=276	TEMP=17.8912	HUM=38.6675	LIGHT=353.28	VOLTAGE=2.68742
TIME=0.0	SENSORID=277	TEMP=17.901	HUM=38.6675	LIGHT=353.28	VOLTAGE=2.68742
TIME=0.0	SENSORID=278	TEMP=17.95	HUM=38.6334	LIGHT=368.0	VOLTAGE=2.67532
TIME=0.0	SENSORID=279	TEMP=17.95	HUM=38.5993	LIGHT=368.0	VOLTAGE=2.67532
TIME=0.0	SENSORID=280	TEMP=17.95	HUM=38.6675	LIGHT=368.0	VOLTAGE=2.67532
TIME=0.0	SENSORID=281	TEMP=17.95	HUM=38.5993	LIGHT=368.0	VOLTAGE=2.67532
TIME=0.0	SENSORID=282	TEMP=17.9598	HUM=38.6675	LIGHT=368.0	VOLTAGE=2.67532
TIME=0.0	SENSORID=283	TEMP=17.9696	HUM=38.6334	LIGHT=368.0	VOLTAGE=2.67532
TIME=0.0	SENSORID=284	TEMP=17.9892	HUM=38.5993	LIGHT=368.0	VOLTAGE=2.67532
TIME=0.0	SENSORID=285	TEMP=18.0186	HUM=38.5311	LIGHT=368.0	VOLTAGE=2.67532
TIME=0.0	SENSORID=286	TEMP=18.0284	HUM=38.5652	LIGHT=368.0	VOLTAGE=2.67532
TIME=0.0	SENSORID=287	TEMP=18.0284	HUM=38.5311	LIGHT=368.0	VOLTAGE=2.67532
TIME=0.0	SENSORID=288	TEMP=18.0578	HUM=38.5311	LIGHT=368.0	VOLTAGE=2.67532
TIME=0.0	SENSORID=289	TEMP=18.1558	HUM=38.3946	LIGHT=368.0	VOLTAGE=2.67532
TIME=0.0	SENSORID=290	TEMP=18.1656	HUM=38.3263	LIGHT=368.0	VOLTAGE=2.68742
TIME=0.0	SENSORID=291	TEMP=18.3224	HUM=38.1897	LIGHT=382.72	VOLTAGE=2.68742
TIME=0.0	SENSORID=292	TEMP=18.3812	HUM=38.0529	LIGHT=382.72	VOLTAGE=2.67532
TIME=0.0	SENSORID=293	TEMP=18.4988	HUM=37.9161	LIGHT=382.72	VOLTAGE=2.68742
TIME=0.0	SENSORID=294	TEMP=18.5772	HUM=37.7792	LIGHT=397.44	VOLTAGE=2.68742
TIME=0.0	SENSORID=295	TEMP=18.5968	HUM=37.8477	LIGHT=397.44	VOLTAGE=2.68742
TIME=0.0	SENSORID=296	TEMP=18.636	HUM=37.7107	LIGHT=397.44	VOLTAGE=2.68742
TIME=0.0	SENSORID=297	TEMP=18.7732	HUM=37.5394	LIGHT=397.44	VOLTAGE=2.67532
TIME=0.0	SENSORID=298	TEMP=18.8516	HUM=37.4022	LIGHT=412.16	VOLTAGE=2.68742
TIME=0.0	SENSORID=299	TEMP=18.8614	HUM=37.3336	LIGHT=412.16	VOLTAGE=2.68742
TIME=0.0	SENSORID=300	TEMP=18.8908	HUM=37.2993	LIGHT=412.16	VOLTAGE=2.68742
TIME=0.0	SENSORID=301	TEMP=18.9202	HUM=37.2993	LIGHT=412.16	VOLTAGE=2.68742
TIME=0.0	SENSORID=302	TEMP=18.93	HUM=37.2307	LIGHT=412.16	VOLTAGE=2.68742
TIME=0.0	SENSORID=303	TEMP=18.9496	HUM=37.162	LIGHT=412.16	VOLTAGE=2.68742
TIME=0.0	SENSORID=304	TEMP=18.9594	HUM=37.2307	LIGHT=412.16	VOLTAGE=2.68742
TIME=0.0	SENSORID=305	TEMP=19.1652	HUM=36.7839	LIGHT=397.44	VOLTAGE=2.68742
TIME=0.0	SENSORID=306	TEMP=19.1848	HUM=36.7495	LIGHT=397.44	VOLTAGE=2.68742
TIME=0.0	SENSORID=307	TEMP=19.2142	HUM=36.7151	LIGHT=397.44	VOLTAGE=2.68742
TIME=0.0	SENSORID=308	TEMP=19.2436	HUM=36.6118	LIGHT=397.44	VOLTAGE=2.68742
TIME=0.0	SENSORID=309	TEMP=19.273	HUM=36.543	LIGHT=397.44	VOLTAGE=2.68742
TIME=0.0	SENSORID=310	TEMP=19.322	HUM=36.4741	LIGHT=397.44	VOLTAGE=2.68742
TIME=0.0	SENSORID=311	TEMP=19.3906	HUM=36.4052	LIGHT=397.44	VOLTAGE=2.69964
TIME=0.0	SENSORID=312	TEMP=19.4396	HUM=36.2673	LIGHT=397.44	VOLTAGE=2.68742
TIME=0.0	SENSORID=313	TEMP=19.4494	HUM=36.3018	LIGHT=397.44	VOLTAGE=2.69964
TIME=0.0	SENSORID=314	TEMP=19.5376	HUM=36.1983	LIGHT=397.44	VOLTAGE=2.68742
TIME=0.0	SENSORID=315	TEMP=19.5474	HUM=36.1293	LIGHT=397.44	VOLTAGE=2.69964
TIME=0.0	SENSORID=316	TEMP=19.5964	HUM=36.0603	LIGHT=397.44	VOLTAGE=2.68742
TIME=0.0	SENSORID=317	TEMP=19.665	HUM=35.9221	LIGHT=397.44	VOLTAGE=2.69964
TIME=0.0	SENSORID=318	TEMP=19.763	HUM=35.7839	LIGHT=397.44	VOLTAGE=2.69964
TIME=0.0	SENSORID=319	TEMP=19.7728	HUM=35.6802	LIGHT=397.44	VOLTAGE=2.68742
TIME=0.0	SENSORID=320	TEMP=19.7826	HUM=35.7148	LIGHT=397.44	VOLTAGE=2.69964
TIME=0.0	SENSORID=321	TEMP=19.9296	HUM=35.5764	LIGHT=397.44	VOLTAGE=2.69964
TIME=0.0	SENSORID=322	TEMP=20.0178	HUM=35.3687	LIGHT=397.44	VOLTAGE=2.69964
TIME=0.0	SENSORID=323	TEMP=20.0276	HUM=35.2995	LIGHT=397.44	VOLTAGE=2.68742
TIME=0.0	SENSORID=324	TEMP=20.0472	HUM=35.2648	LIGHT=397.44	VOLTAGE=2.69964
TIME=0.0	SENSORID=325	TEMP=20.253	HUM=34.8834	LIGHT=397.44	VOLTAGE=2.69964
TIME=0.0	SENSORID=326	TEMP=20.2824	HUM=34.8834	LIGHT=412.16	VOLTAGE=2.69964
TIME=0.0	SENSORID=327	TEMP=20.5176	HUM=34.536	LIGHT=412.16	VOLTAGE=2.69964
TIME=0.0	SENSORID=328	TEMP=20.596	HUM=34.3969	LIGHT=412.16	VOLTAGE=2.69964
TIME=0.0	SENSORID=329	TEMP=20.6058	HUM=34.3273	LIGHT=412.16	VOLTAGE=2.69964
TIME=0.0	SENSORID=330	TEMP=20.7136	HUM=34.188	LIGHT=426.88	VOLTAGE=2.69964
TIME=0.0	SENSORID=331	TEMP=20.7136	HUM=34.188	LIGHT=426.88	VOLTAGE=2.69964
TIME=0.0	SENSORID=332	TEMP=20.7626	HUM=34.1184	LIGHT=426.88	VOLTAGE=2.69964
TIME=0.0	SENSORID=333	TEMP=20.8312	HUM=34.0139	LIGHT=426.88	VOLTAGE=2.69964
TIME=0.0	SENSORID=334	TEMP=20.89	HUM=33.9093	LIGHT=426.88	VOLTAGE=2.69964
TIME=0.0	SENSORID=335	TEMP=20.988	HUM=33.8047	LIGHT=426.88	VOLTAGE=2.69964
TIME=0.0	SENSORID=336	TEMP=21.2134	HUM=33.4206	LIGHT=441.6	VOLTAGE=2.71196
TIME=0.0	SENSORID=337	TEMP=21.2428	HUM=33.4206	LIGHT=441.6	VOLTAGE=2.71196
TIME=0.0	SENSORID=338	TEMP=21.282	HUM=33.3507	LIGHT=441.6	VOLTAGE=2.71196
TIME=0.0	SENSORID=339	TEMP=21.3114	HUM=33.3158	LIGHT=441.6	VOLTAGE=2.71196
TIME=0.0	SENSORID=340	TEMP=21.3114	HUM=33.2808	LIGHT=441.6	VOLTAGE=2.71196
TIME=0.0	SENSORID=341	TEMP=21.3212	HUM=33.2808	LIGHT=441.6	VOLTAGE=2.71196
TIME=0.0	SENSORID=342	TEMP=21.3212	HUM=33.2458	LIGHT=441.6	VOLTAGE=2.71196
TIME=0.0	SENSORID=343	TEMP=21.3408	HUM=33.3507	LIGHT=441.6	VOLTAGE=2.71196
TIME=0.0	SENSORID=344	TEMP=21.3702	HUM=33.2808	LIGHT=441.6	VOLTAGE=2.71196
TIME=0.0	SENSORID=345	TEMP=21.3996	HUM=33.2808	LIGHT=441.6	VOLTAGE=2.69964
TIME=0.0	SENSORID=346	TEMP=21.4388	HUM=33.2108	LIGHT=441.6	VOLTAGE=2.71196
TIME=0.0	SENSORID=347	TEMP=21.4878	HUM=33.0709	LIGHT=441.6	VOLTAGE=2.71196
TIME=0.0	SENSORID=348	TEMP=21.5172	HUM=33.0709	LIGHT=441.6	VOLTAGE=2.71196
TIME=0.0	SENSORID=349	TEMP=21.5074	HUM=33.0009	LIGHT=441.6	VOLTAGE=2.71196
TIME=0.0	SENSORID=350	TEMP=21.527	HUM=33.0359	LIGHT=441.6	VOLTAGE=2.71196
TIME=0.0	SENSORID=351	TEMP=21.5368	HUM=33.0009	LIGHT=441.6	VOLTAGE=2.71196
TIME=0.0	SENSORID=352	TEMP=21.6544	HUM=32.8608	LIGHT=441.6	VOLTAGE=2.71196
TIME=0.0	SENSORID=353	TEMP=21.674	HUM=32.8958	LIGHT=441.6	VOLTAGE=2.71196
TIME=0.0	SENSORID=354	TEMP=21.7132	HUM=32.8608	LIGHT=441.6	VOLTAGE=2.71196
TIME=0.0	SENSORID=355	TEMP=21.7916	HUM=32.8257	LIGHT=441.6	VOLTAGE=2.71196
TIME=0.0	SENSORID=356	TEMP=21.8112	HUM=32.7557	LIGHT=441.6	VOLTAGE=2.71196
TIME=0.0	SENSORID=357	TEMP=21.8112	HUM=32.6855	LIGHT=441.6	VOLTAGE=2.7244
TIME=0.0	SENSORID=358	TEMP=21.8896	HUM=32.5803	LIGHT=456.32	VOLTAGE=2.71196
TIME=0.0	SENSORID=359	TEMP=21.8896	HUM=32.5452	LIGHT=456.32	VOLTAGE=2.7244
TIME=0.0	SENSORID=360	TEMP=21.9484	HUM=32.5102	LIGHT=456.32	VOLTAGE=2.71196
TIME=0.0	SENSORID=361	TEMP=22.017	HUM=32.44	LIGHT=456.32	VOLTAGE=2.7244
TIME=0.0	SENSORID=362	TEMP=22.0366	HUM=32.4049	LIGHT=456.32	VOLTAGE=2.7244
TIME=0.0	SENSORID=363	TEMP=22.066	HUM=32.3698	LIGHT=456.32	VOLTAGE=2.71196
TIME=0.0	SENSORID=364	TEMP=22.0856	HUM=32.3346	LIGHT=456.32	VOLTAGE=2.71196
TIME=0.0	SENSORID=365	TEMP=22.115	HUM=32.2995	LIGHT=456.32	VOLTAGE=2.7244
TIME=0.0	SENSORID=366	TEMP=22.0954	HUM=32.4049	LIGHT=456.32	VOLTAGE=2.7244
TIME=0.0	SENSORID=367	TEMP=22.0856	HUM=32.44	LIGHT=478.4	VOLTAGE=2.7244
TIME=0.0	SENSORID=368	TEMP=22.0954	HUM=32.4049	LIGHT=478.4	VOLTAGE=2.7244
TIME=0.0	SENSORID=369	TEMP=22.1346	HUM=32.3698	LIGHT=478.4	VOLTAGE=2.71196
TIME=0.0	SENSORID=370	TEMP=22.1934	HUM=32.3346	LIGHT=478.4	VOLTAGE=2.7244
TIME=0.0	SENSORID=371	TEMP=22.2228	HUM=32.2644	LIGHT=478.4	VOLTAGE=2.71196
TIME=0.0	SENSORID=372	TEMP=22.2424	HUM=32.2293	LIGHT=478.4	VOLTAGE=2.7244
TIME=0.0	SENSORID=373	TEMP=22.3012	HUM=32.1941	LIGHT=478.4	VOLTAGE=2.7244
TIME=0.0	SENSORID=374	TEMP=22.36	HUM=32.0887	LIGHT=478.4	VOLTAGE=2.7244
TIME=0.0	SENSORID=375	TEMP=22.458	HUM=31.948	LIGHT=478.4	VOLTAGE=2.71196
TIME=0.0	SENSORID=376	TEMP=22.4972	HUM=31.948	LIGHT=478.4	VOLTAGE=2.7244
TIME=0.0	SENSORID=377	TEMP=22.5168	HUM=31.8776	LIGHT=478.4	VOLTAGE=2.7244
TIME=0.0	SENSORID=378	TEMP=22.4874	HUM=32.0183	LIGHT=478.4	VOLTAGE=2.71196
TIME=0.0	SENSORID=379	TEMP=22.5952	HUM=31.8072	LIGHT=478.4	VOLTAGE=2.7244
TIME=0.0	SENSORID=380	TEMP=22.6638	HUM=31.8072	LIGHT=478.4	VOLTAGE=2.7244
TIME=0.0	SENSORID=381	TEMP=22.6834	HUM=31.7368	LIGHT=478.4	VOLTAGE=2.7244
TIME=0.0	SENSORID=382	TEMP=22.6344	HUM=31.948	LIGHT=478.4	VOLTAGE=2.73696
TIME=0.0	SENSORID=383	TEMP=22.6442	HUM=31.8072	LIGHT=478.4	VOLTAGE=2.7244
TIME=0.0	SENSORID=384	TEMP=22.7128	HUM=31.7368	LIGHT=478.4	VOLTAGE=2.71196
TIME=0.0	SENSORID=385	TEMP=22.7324	HUM=31.6664	LIGHT=478.4	VOLTAGE=2.7244
TIME=0.0	SENSORID=386	TEMP=22.7618	HUM=31.5959	LIGHT=478.4	VOLTAGE=2.7244
TIME=0.0	SENSORID=387	TEMP=22.752	HUM=31.6312	LIGHT=478.4	VOLTAGE=2.7244
TIME=0.0	SENSORID=388	TEMP=22.7324	HUM=31.6664	LIGHT=478.4	VOLTAGE=2.7244
TIME=0.0	SENSORID=389	TEMP=22.752	HUM=31.7368	LIGHT=478.4	VOLTAGE=2.7244
TIME=0.0	SENSORID=390	TEMP=22.7912	HUM=31.6664	LIGHT=478.4	VOLTAGE=2.7244
TIME=0.0	SENSORID=391	TEMP=22.7716	HUM=31.7368	LIGHT=478.4	VOLTAGE=2.7244
TIME=0.0	SENSORID=392	TEMP=22.8108	HUM=31.7016	LIGHT=478.4	VOLTAGE=2.7244
TIME=0.0	SENSORID=393	TEMP=22.8304	HUM=31.6312	LIGHT=478.4	VOLTAGE=2.73696
TIME=0.0	SENSORID=394	TEMP=22.8794	HUM=31.5254	LIGHT=478.4	VOLTAGE=2.7244
TIME=0.0	SENSORID=395	TEMP=22.8892	HUM=31.5254	LIGHT=507.84	VOLTAGE=2.7244
TIME=0.0	SENSORID=396	TEMP=22.9872	HUM=31.3844	LIGHT=507.84	VOLTAGE=2.7244
TIME=0.0	SENSORID=397	TEMP=23.0068	HUM=31.4197	LIGHT=507.84	VOLTAGE=2.7244
TIME=0.0	SENSORID=398	TEMP=23.0264	HUM=31.4549	LIGHT=507.84	VOLTAGE=2.7244
TIME=0.0	SENSORID=399	TEMP=23.0558	HUM=31.3139	LIGHT=507.84	VOLTAGE=2.73696
TIME=0.0	SENSORID=400	TEMP=23.0754	HUM=31.3139	LIGHT=507.84	VOLTAGE=2.7244
TIME=0.0	SENSORID=401	TEMP=23.0852	HUM=31.3139	LIGHT=507.84	VOLTAGE=2.73696
TIME=0.0	SENSORID=402	TEMP=23.0852	HUM=31.3844	LIGHT=507.84	VOLTAGE=2.7244
TIME=0.0	SENSORID=403	TEMP=23.1146	HUM=31.3139	LIGHT=507.84	VOLTAGE=2.7244
TIME=0.0	SENSORID=404	TEMP=23.193	HUM=31.1374	LIGHT=507.84	VOLTAGE=2.7244
TIME=0.0	SENSORID=405	TEMP=23.2616	HUM=31.1374	LIGHT=507.84	VOLTAGE=2.73696
TIME=0.0	SENSORID=406	TEMP=23.3008	HUM=31.1021	LIGHT=507.84	VOLTAGE=2.7244
TIME=0.0	SENSORID=407	TEMP=23.3596	HUM=31.0314	LIGHT=507.84	VOLTAGE=2.73696
TIME=0.0	SENSORID=408	TEMP=23.3302	HUM=31.0667	LIGHT=507.84	VOLTAGE=2.7244
TIME=0.0	SENSORID=409	TEMP=23.34	HUM=31.1727	LIGHT=507.84	VOLTAGE=2.7244
TIME=0.0	SENSORID=410	TEMP=23.4576	HUM=30.9608	LIGHT=507.84	VOLTAGE=2.73696
TIME=0.0	SENSORID=411	TEMP=23.487	HUM=30.8901	LIGHT=507.84	VOLTAGE=2.73696
TIME=0.0	SENSORID=412	TEMP=23.5262	HUM=30.8547	LIGHT=507.84	VOLTAGE=2.73696
TIME=0.0	SENSORID=413	TEMP=23.5164	HUM=30.8901	LIGHT=507.84	VOLTAGE=2.73696
TIME=0.0	SENSORID=414	TEMP=23.6046	HUM=30.7486	LIGHT=507.84	VOLTAGE=2.7244
TIME=0.0	SENSORID=415	TEMP=23.6536	HUM=30.6779	LIGHT=507.84	VOLTAGE=2.73696
TIME=0.0	SENSORID=416	TEMP=23.683	HUM=30.6779	LIGHT=507.84	VOLTAGE=2.74963
TIME=0.0	SENSORID=417	TEMP=23.6732	HUM=30.6779	LIGHT=507.84	VOLTAGE=2.73696
TIME=0.0	SENSORID=418	TEMP=23.683	HUM=30.6779	LIGHT=507.84	VOLTAGE=2.73696
TIME=0.0	SENSORID=419	TEMP=23.732	HUM=30.6071	LIGHT=507.84	VOLTAGE=2.7244
TIME=0.0	SENSORID=420	TEMP=23.732	HUM=30.6071	LIGHT=507.84	VOLTAGE=2.73696
TIME=0.0	SENSORID=421	TEMP=23.7418	HUM=30.5717	LIGHT=507.84	VOLTAGE=2.73696
TIME=0.0	SENSORID=422	TEMP=23.8104	HUM=30.5363	LIGHT=507.84	VOLTAGE=2.73696
TIME=0.0	SENSORID=423	TEMP=23.8496	HUM=30.5363	LIGHT=456.32	VOLTAGE=2.73696
TIME=0.0	SENSORID=424	TEMP=23.9084	HUM=30.4655	LIGHT=478.4	VOLTAGE=2.73696
TIME=0.0	SENSORID=425	TEMP=23.9182	HUM=30.4655	LIGHT=478.4	VOLTAGE=2.73696
TIME=0.0	SENSORID=426	TEMP=23.9084	HUM=30.4301	LIGHT=478.4	VOLTAGE=2.73696
TIME=0.0	SENSORID=427	TEMP=23.9182	HUM=30.3947	LIGHT=478.4	VOLTAGE=2.73696
TIME=0.0	SENSORID=428	TEMP=23.9378	HUM=30.3947	LIGHT=478.4	VOLTAGE=2.73696
TIME=0.0	SENSORID=429	TEMP=23.9574	HUM=30.3947	LIGHT=478.4	VOLTAGE=2.73696
TIME=0.0	SENSORID=430	TEMP=23.9672	HUM=30.3947	LIGHT=478.4	VOLTAGE=2.7244
TIME=0.0	SENSORID=431	TEMP=23.9868	HUM=30.3947	LIGHT=456.32	VOLTAGE=2.73696
TIME=0.0	SENSORID=432	TEMP=24.0064	HUM=30.3947	LIGHT=478.4	VOLTAGE=2.73696
TIME=0.0	SENSORID=433	TEMP=24.0162	HUM=30.3238	LIGHT=507.84	VOLTAGE=2.73696
TIME=0.0	SENSORID=434	TEMP=24.1142	HUM=30.2529	LIGHT=507.84	VOLTAGE=2.73696
TIME=0.0	SENSORID=435	TEMP=24.1436	HUM=30.2529	LIGHT=507.84	VOLTAGE=2.73696
TIME=0.0	SENSORID=436	TEMP=24.1828	HUM=30.1465	LIGHT=507.84	VOLTAGE=2.74963
TIME=0.0	SENSORID=437	TEMP=24.1828	HUM=30.182	LIGHT=507.84	VOLTAGE=2.73696
TIME=0.0	SENSORID=438	TEMP=24.0848	HUM=30.3238	LIGHT=507.84	VOLTAGE=2.73696
TIME=0.0	SENSORID=439	TEMP=24.2122	HUM=30.2529	LIGHT=507.84	VOLTAGE=2.73696
TIME=0.0	SENSORID=440	TEMP=24.2808	HUM=30.1111	LIGHT=507.84	VOLTAGE=2.73696
TIME=0.0	SENSORID=441	TEMP=24.3984	HUM=29.8981	LIGHT=507.84	VOLTAGE=2.73696
TIME=0.0	SENSORID=442	TEMP=24.32	HUM=30.0401	LIGHT=507.84	VOLTAGE=2.74963
TIME=0.0	SENSORID=443	TEMP=24.3004	HUM=30.1111	LIGHT=507.84	VOLTAGE=2.74963
TIME=0.0	SENSORID=444	TEMP=24.3102	HUM=30.1111	LIGHT=507.84	VOLTAGE=2.73696
TIME=0.0	SENSORID=445	TEMP=24.3984	HUM=30.2175	LIGHT=478.4	VOLTAGE=2.73696
TIME=0.0	SENSORID=446	TEMP=24.4572	HUM=30.1111	LIGHT=507.84	VOLTAGE=2.74963
TIME=0.0	SENSORID=447	TEMP=24.4866	HUM=30.0401	LIGHT=478.4	VOLTAGE=2.73696
TIME=0.0	SENSORID=448	TEMP=24.4376	HUM=30.0401	LIGHT=478.4	VOLTAGE=2.73696
TIME=0.0	SENSORID=449	TEMP=24.3984	HUM=30.0046	LIGHT=478.4	VOLTAGE=2.73696
TIME=0.0	SENSORID=450	TEMP=24.3886	HUM=30.0046	LIGHT=478.4	VOLTAGE=2.74963
TIME=0.0	SENSORID=451	TEMP=24.4082	HUM=30.0401	LIGHT=478.4	VOLTAGE=2.73696
TIME=0.0	SENSORID=452	TEMP=24.3984	HUM=30.182	LIGHT=478.4	VOLTAGE=2.74963
TIME=0.0	SENSORID=453	TEMP=24.418	HUM=30.0401	LIGHT=478.4	VOLTAGE=2.73696
TIME=0.0	SENSORID=454	TEMP=24.2612	HUM=30.3238	LIGHT=507.84	VOLTAGE=2.74963
TIME=0.0	SENSORID=455	TEMP=24.3494	HUM=30.2884	LIGHT=478.4	VOLTAGE=2.74963
TIME=0.0	SENSORID=456	TEMP=24.5062	HUM=30.0401	LIGHT=507.84	VOLTAGE=2.73696
TIME=0.0	SENSORID=457	TEMP=24.5356	HUM=30.0401	LIGHT=507.84	VOLTAGE=2.74963
TIME=0.0	SENSORID=458	TEMP=24.516	HUM=29.9691	LIGHT=507.84	VOLTAGE=2.74963
TIME=0.0	SENSORID=459	TEMP=24.5552	HUM=29.9691	LIGHT=507.84	VOLTAGE=2.74963
TIME=0.0	SENSORID=460	TEMP=24.5552	HUM=29.8981	LIGHT=507.84	VOLTAGE=2.74963
TIME=0.0	SENSORID=461	TEMP=24.565	HUM=29.9691	LIGHT=478.4	VOLTAGE=2.73696
TIME=0.0	SENSORID=462	TEMP=24.5748	HUM=30.0046	LIGHT=478.4	VOLTAGE=2.73696
TIME=0.0	SENSORID=463	TEMP=24.5552	HUM=30.0401	LIGHT=456.32	VOLTAGE=2.73696
TIME=0.0	SENSORID=464	TEMP=24.4376	HUM=30.2884	LIGHT=478.4	VOLTAGE=2.74963
TIME=0.0	SENSORID=465	TEMP=24.4474	HUM=30.3238	LIGHT=478.4	VOLTAGE=2.73696
TIME=0.0	SENSORID=466	TEMP=24.4572	HUM=30.2175	LIGHT=507.84	VOLTAGE=2.73696
TIME=0.0	SENSORID=467	TEMP=24.4474	HUM=30.3592	LIGHT=478.4	VOLTAGE=2.74963
TIME=0.0	SENSORID=468	TEMP=24.4572	HUM=30.2529	LIGHT=478.4	VOLTAGE=2.73696
TIME=0.0	SENSORID=469	TEMP=24.3886	HUM=30.6071	LIGHT=478.4	VOLTAGE=2.73696
TIME=0.0	SENSORID=470	TEMP=24.3494	HUM=30.4655	LIGHT=507.84	VOLTAGE=2.74963
TIME=0.0	SENSORID=471	TEMP=24.3004	HUM=30.5363	LIGHT=478.4	VOLTAGE=2.74963
TIME=0.0	SENSORID=472	TEMP=24.3102	HUM=30.5009	LIGHT=456.32	VOLTAGE=2.73696
TIME=0.0	SENSORID=473	TEMP=24.2808	HUM=30.6071	LIGHT=478.4	VOLTAGE=2.74963
TIME=0.0	SENSORID=474	TEMP=24.2024	HUM=30.6779	LIGHT=478.4	VOLTAGE=2.74963
TIME=0.0	SENSORID=475	TEMP=24.222	HUM=30.8194	LIGHT=478.4	VOLTAGE=2.74963
TIME=0.0	SENSORID=476	TEMP=24.2808	HUM=30.6779	LIGHT=507.84	VOLTAGE=2.74963
TIME=0.0	SENSORID=477	TEMP=24.2416	HUM=30.7486	LIGHT=507.84	VOLTAGE=2.73696
TIME=0.0	SENSORID=478	TEMP=24.3102	HUM=30.6071	LIGHT=478.4	VOLTAGE=2.73696
TIME=0.0	SENSORID=479	TEMP=24.3494	HUM=30.6071	LIGHT=456.32	VOLTAGE=2.74963
TIME=0.0	SENSORID=480	TEMP=24.3298	HUM=30.6779	LIGHT=456.32	VOLTAGE=2.73696
TIME=0.0	SENSORID=481	TEMP=24.3788	HUM=30.5363	LIGHT=456.32	VOLTAGE=2.73696
TIME=0.0	SENSORID=482	TEMP=24.3592	HUM=30.5717	LIGHT=441.6	VOLTAGE=2.74963
TIME=0.0	SENSORID=483	TEMP=24.3788	HUM=30.6071	LIGHT=456.32	VOLTAGE=2.74963
TIME=0.0	SENSORID=484	TEMP=24.3886	HUM=30.6071	LIGHT=478.4	VOLTAGE=2.74963
TIME=0.0	SENSORID=485	TEMP=24.3788	HUM=30.6779	LIGHT=478.4	VOLTAGE=2.74963
TIME=0.0	SENSORID=486	TEMP=24.3984	HUM=30.6071	LIGHT=478.4	VOLTAGE=2.74963
TIME=0.0	SENSORID=487	TEMP=24.3984	HUM=30.6779	LIGHT=478.4	VOLTAGE=2.74963
TIME=0.0	SENSORID=488	TEMP=24.3886	HUM=30.6071	LIGHT=478.4	VOLTAGE=2.74963
TIME=0.0	SENSORID=489	TEMP=24.418	HUM=30.5363	LIGHT=456.32	VOLTAGE=2.73696
TIME=0.0	SENSORID=490	TEMP=24.4376	HUM=30.5363	LIGHT=478.4	VOLTAGE=2.74963
TIME=0.0	SENSORID=491	TEMP=24.5258	HUM=30.4655	LIGHT=478.4	VOLTAGE=2.74963
TIME=0.0	SENSORID=492	TEMP=24.5258	HUM=30.5363	LIGHT=478.4	VOLTAGE=2.74963
TIME=0.0	SENSORID=493	TEMP=24.5944	HUM=30.3238	LIGHT=478.4	VOLTAGE=2.74963
TIME=0.0	SENSORID=494	TEMP=24.614	HUM=30.2529	LIGHT=478.4	VOLTAGE=2.74963
TIME=0.0	SENSORID=495	TEMP=24.614	HUM=30.2529	LIGHT=456.32	VOLTAGE=2.74963
TIME=0.0	SENSORID=496	TEMP=24.6434	HUM=30.182	LIGHT=478.4	VOLTAGE=2.74963
TIME=0.0	SENSORID=497	TEMP=24.663	HUM=30.182	LIGHT=456.32	VOLTAGE=2.74963
TIME=0.0	SENSORID=498	TEMP=24.6532	HUM=30.182	LIGHT=441.6	VOLTAGE=2.74963
TIME=0.0	SENSORID=499	TEMP=24.6532	HUM=30.182	LIGHT=456.32	VOLTAGE=2.74963
TIME=0.0	SENSORID=500	TEMP=24.614	HUM=30.2529	LIGHT=441.6	VOLTAGE=2.74963
TIME=0.0	SENSORID=501	TEMP=24.6336	HUM=30.2529	LIGHT=456.32	VOLTAGE=2.74963
TIME=0.0	SENSORID=502	TEMP=24.614	HUM=30.2529	LIGHT=456.32	VOLTAGE=2.74963
TIME=0.0	SENSORID=503	TEMP=24.6238	HUM=30.2175	LIGHT=456.32	VOLTAGE=2.74963
TIME=0.0	SENSORID=504	TEMP=24.6042	HUM=30.3947	LIGHT=456.32	VOLTAGE=2.73696
TIME=0.0	SENSORID=505	TEMP=24.5748	HUM=30.3947	LIGHT=441.6	VOLTAGE=2.74963
TIME=0.0	SENSORID=506	TEMP=24.565	HUM=30.3947	LIGHT=456.32	VOLTAGE=2.74963
TIME=0.0	SENSORID=507	TEMP=24.5356	HUM=30.5009	LIGHT=456.32	VOLTAGE=2.73696
TIME=0.0	SENSORID=508	TEMP=24.5258	HUM=30.4655	LIGHT=441.6	VOLTAGE=2.74963
TIME=0.0	SENSORID=509	TEMP=24.5552	HUM=30.4655	LIGHT=426.88	VOLTAGE=2.74963
TIME=0.0	SENSORID=510	TEMP=24.4572	HUM=30.6779	LIGHT=412.16	VOLTAGE=2.74963
TIME=0.0	SENSORID=511	TEMP=24.4964	HUM=30.5363	LIGHT=412.16	VOLTAGE=2.74963
TIME=0.0	SENSORID=512	TEMP=24.5454	HUM=30.4655	LIGHT=426.88	VOLTAGE=2.74963
TIME=0.0	SENSORID=513	TEMP=24.5748	HUM=30.4301	LIGHT=412.16	VOLTAGE=2.73696
TIME=0.0	SENSORID=514	TEMP=24.5944	HUM=30.4655	LIGHT=426.88	VOLTAGE=2.73696
TIME=0.0	SENSORID=515	TEMP=24.614	HUM=30.3947	LIGHT=412.16	VOLTAGE=2.73696
TIME=0.0	SENSORID=516	TEMP=24.6042	HUM=30.5363	LIGHT=426.88	VOLTAGE=2.74963
TIME=0.0	SENSORID=517	TEMP=24.6434	HUM=30.3947	LIGHT=441.6	VOLTAGE=2.74963
TIME=0.0	SENSORID=518	TEMP=24.6336	HUM=30.3238	LIGHT=441.6	VOLTAGE=2.73696
TIME=0.0	SENSORID=519	TEMP=24.6532	HUM=30.3238	LIGHT=456.32	VOLTAGE=2.74963
TIME=0.0	SENSORID=520	TEMP=24.663	HUM=30.2529	LIGHT=456.32	VOLTAGE=2.74963
TIME=0.0	SENSORID=521	TEMP=24.7414	HUM=30.182	LIGHT=426.88	VOLTAGE=2.74963
TIME=0.0	SENSORID=522	TEMP=24.6826	HUM=30.3238	LIGHT=441.6	VOLTAGE=2.74963
TIME=0.0	SENSORID=523	TEMP=24.712	HUM=30.2529	LIGHT=441.6	VOLTAGE=2.74963
TIME=0.0	SENSORID=524	TEMP=24.6728	HUM=30.2529	LIGHT=441.6	VOLTAGE=2.73696
TIME=0.0	SENSORID=525	TEMP=24.663	HUM=30.2529	LIGHT=456.32	VOLTAGE=2.74963
TIME=0.0	SENSORID=526	TEMP=24.5944	HUM=30.3238	LIGHT=456.32	VOLTAGE=2.74963
TIME=0.0	SENSORID=527	TEMP=24.5552	HUM=30.5363	LIGHT=441.6	VOLTAGE=2.74963
TIME=0.0	SENSORID=528	TEMP=24.565	HUM=30.5363	LIGHT=441.6	VOLTAGE=2.74963
TIME=0.0	SENSORID=529	TEMP=24.5552	HUM=30.4655	LIGHT=441.6	VOLTAGE=2.74963
TIME=0.0	SENSORID=530	TEMP=24.565	HUM=30.5363	LIGHT=441.6	VOLTAGE=2.74963
TIME=0.0	SENSORID=531	TEMP=24.5944	HUM=30.5363	LIGHT=441.6	VOLTAGE=2.74963
TIME=0.0	SENSORID=532	TEMP=24.6336	HUM=30.5363	LIGHT=441.6	VOLTAGE=2.73696
TIME=0.0	SENSORID=533	TEMP=24.6728	HUM=30.4655	LIGHT=426.88	VOLTAGE=2.74963
TIME=0.0	SENSORID=534	TEMP=24.7022	HUM=30.4655	LIGHT=426.88	VOLTAGE=2.74963
TIME=0.0	SENSORID=535	TEMP=24.712	HUM=30.4655	LIGHT=426.88	VOLTAGE=2.74963
TIME=0.0	SENSORID=536	TEMP=24.7022	HUM=30.5009	LIGHT=426.88	VOLTAGE=2.74963
TIME=0.0	SENSORID=537	TEMP=24.761	HUM=30.3947	LIGHT=426.88	VOLTAGE=2.74963
TIME=0.0	SENSORID=538	TEMP=24.7904	HUM=30.3947	LIGHT=426.88	VOLTAGE=2.74963
TIME=0.0	SENSORID=539	TEMP=24.7806	HUM=30.3238	LIGHT=426.88	VOLTAGE=2.74963
TIME=0.0	SENSORID=540	TEMP=24.7904	HUM=30.3238	LIGHT=412.16	VOLTAGE=2.74963
TIME=0.0	SENSORID=541	TEMP=24.81	HUM=30.3238	LIGHT=426.88	VOLTAGE=2.73696
TIME=0.0	SENSORID=542	TEMP=24.7806	HUM=30.3947	LIGHT=426.88	VOLTAGE=2.74963
TIME=0.0	SENSORID=543	TEMP=24.712	HUM=30.5363	LIGHT=426.88	VOLTAGE=2.74963
TIME=0.0	SENSORID=544	TEMP=24.7512	HUM=30.5363	LIGHT=441.6	VOLTAGE=2.74963
TIME=0.0	SENSORID=545	TEMP=24.7512	HUM=30.5009	LIGHT=441.6	VOLTAGE=2.74963
TIME=0.0	SENSORID=546	TEMP=24.7708	HUM=30.5363	LIGHT=441.6	VOLTAGE=2.74963
TIME=0.0	SENSORID=547	TEMP=24.7904	HUM=30.4655	LIGHT=441.6	VOLTAGE=2.74963
TIME=0.0	SENSORID=548	TEMP=24.7708	HUM=30.4655	LIGHT=412.16	VOLTAGE=2.74963
TIME=0.0	SENSORID=549	TEMP=24.663	HUM=30.7486	LIGHT=426.88	VOLTAGE=2.73696
TIME=0.0	SENSORID=550	TEMP=24.6826	HUM=30.5363	LIGHT=426.88	VOLTAGE=2.74963
TIME=0.0	SENSORID=551	TEMP=24.6728	HUM=30.6071	LIGHT=426.88	VOLTAGE=2.74963
TIME=0.0	SENSORID=552	TEMP=24.6434	HUM=30.5717	LIGHT=426.88	VOLTAGE=2.74963
TIME=0.0	SENSORID=553	TEMP=24.6238	HUM=30.6779	LIGHT=426.88	VOLTAGE=2.74963
TIME=0.0	SENSORID=554	TEMP=24.614	HUM=30.784	LIGHT=426.88	VOLTAGE=2.74963
TIME=0.0	SENSORID=555	TEMP=24.6532	HUM=30.7133	LIGHT=426.88	VOLTAGE=2.74963
TIME=0.0	SENSORID=556	TEMP=24.6728	HUM=30.6071	LIGHT=426.88	VOLTAGE=2.74963
TIME=0.0	SENSORID=557	TEMP=24.712	HUM=30.5009	LIGHT=426.88	VOLTAGE=2.74963
TIME=0.0	SENSORID=558	TEMP=24.7512	HUM=30.4655	LIGHT=426.88	VOLTAGE=2.74963
TIME=0.0	SENSORID=559	TEMP=24.7512	HUM=30.6779	LIGHT=412.16	VOLTAGE=2.74963
TIME=0.0	SENSORID=560	TEMP=24.7316	HUM=30.5363	LIGHT=412.16	VOLTAGE=2.74963
TIME=0.0	SENSORID=561	TEMP=24.7316	HUM=30.5363	LIGHT=426.88	VOLTAGE=2.74963
TIME=0.0	SENSORID=562	TEMP=24.7218	HUM=30.784	LIGHT=441.6	VOLTAGE=2.74963
TIME=0.0	SENSORID=563	TEMP=24.7316	HUM=30.8194	LIGHT=441.6	VOLTAGE=2.74963
TIME=0.0	SENSORID=564	TEMP=24.7218	HUM=30.6779	LIGHT=441.6	VOLTAGE=2.73696
TIME=0.0	SENSORID=565	TEMP=24.7414	HUM=30.6425	LIGHT=441.6	VOLTAGE=2.74963
TIME=0.0	SENSORID=566	TEMP=24.7904	HUM=30.5363	LIGHT=441.6	VOLTAGE=2.74963
TIME=0.0	SENSORID=567	TEMP=24.7512	HUM=30.5363	LIGHT=397.44	VOLTAGE=2.74963
TIME=0.0	SENSORID=568	TEMP=24.81	HUM=30.5363	LIGHT=412.16	VOLTAGE=2.74963
TIME=0.0	SENSORID=569	TEMP=24.7512	HUM=30.5363	LIGHT=397.44	VOLTAGE=2.74963
TIME=0.0	SENSORID=570	TEMP=24.7806	HUM=30.4655	LIGHT=397.44	VOLTAGE=2.74963
TIME=0.0	SENSORID=571	TEMP=24.859	HUM=30.5363	LIGHT=412.16	VOLTAGE=2.74963
TIME=0.0	SENSORID=572	TEMP=24.859	HUM=30.4655	LIGHT=412.16	VOLTAGE=2.74963
TIME=0.0	SENSORID=573	TEMP=24.8492	HUM=30.4301	LIGHT=412.16	VOLTAGE=2.76242
TIME=0.0	SENSORID=574	TEMP=24.8296	HUM=30.5363	LIGHT=412.16	VOLTAGE=2.74963
TIME=0.0	SENSORID=575	TEMP=24.7512	HUM=30.5363	LIGHT=412.16	VOLTAGE=2.74963
TIME=0.0	SENSORID=576	TEMP=24.7316	HUM=30.6779	LIGHT=412.16	VOLTAGE=2.74963
TIME=0.0	SENSORID=577	TEMP=24.7316	HUM=30.6425	LIGHT=412.16	VOLTAGE=2.74963
TIME=0.0	SENSORID=578	TEMP=24.6924	HUM=30.6779	LIGHT=412.16	VOLTAGE=2.73696
TIME=0.0	SENSORID=579	TEMP=24.712	HUM=30.6779	LIGHT=412.16	VOLTAGE=2.76242
TIME=0.0	SENSORID=580	TEMP=24.7022	HUM=30.6071	LIGHT=412.16	VOLTAGE=2.74963
TIME=0.0	SENSORID=581	TEMP=24.6924	HUM=30.6071	LIGHT=397.44	VOLTAGE=2.74963
TIME=0.0	SENSORID=582	TEMP=24.712	HUM=30.6779	LIGHT=397.44	VOLTAGE=2.74963
TIME=0.0	SENSORID=583	TEMP=24.7414	HUM=30.5363	LIGHT=397.44	VOLTAGE=2.73696
TIME=0.0	SENSORID=584	TEMP=24.8786	HUM=30.3947	LIGHT=382.72	VOLTAGE=2.74963
TIME=0.0	SENSORID=585	TEMP=24.8982	HUM=30.3238	LIGHT=382.72	VOLTAGE=2.74963
TIME=0.0	SENSORID=586	TEMP=24.8786	HUM=30.3947	LIGHT=323.84	VOLTAGE=2.74963
TIME=0.0	SENSORID=587	TEMP=24.8786	HUM=30.3947	LIGHT=309.12	VOLTAGE=2.74963
TIME=0.0	SENSORID=588	TEMP=24.8884	HUM=30.3592	LIGHT=353.28	VOLTAGE=2.74963
TIME=0.0	SENSORID=589	TEMP=24.8982	HUM=30.3238	LIGHT=397.44	VOLTAGE=2.74963
TIME=0.0	SENSORID=590	TEMP=24.9864	HUM=30.182	LIGHT=368.0	VOLTAGE=2.74963
TIME=0.0	SENSORID=591	TEMP=24.9864	HUM=30.1465	LIGHT=397.44	VOLTAGE=2.74963
TIME=0.0	SENSORID=592	TEMP=24.9276	HUM=30.3947	LIGHT=412.16	VOLTAGE=2.74963
TIME=0.0	SENSORID=593	TEMP=24.8492	HUM=30.3947	LIGHT=368.0	VOLTAGE=2.74963
TIME=0.0	SENSORID=594	TEMP=24.8296	HUM=30.4655	LIGHT=368.0	VOLTAGE=2.74963
TIME=0.0	SENSORID=595	TEMP=24.8002	HUM=30.6779	LIGHT=368.0	VOLTAGE=2.74963
TIME=0.0	SENSORID=596	TEMP=24.712	HUM=30.6779	LIGHT=338.56	VOLTAGE=2.74963
TIME=0.0	SENSORID=597	TEMP=24.712	HUM=30.6779	LIGHT=338.56	VOLTAGE=2.73696
TIME=0.0	SENSORID=598	TEMP=24.7218	HUM=30.7133	LIGHT=397.44	VOLTAGE=2.74963
TIME=0.0	SENSORID=599	TEMP=24.7414	HUM=30.6071	LIGHT=397.44	VOLTAGE=2.74963
TIME=0.0	SENSORID=600	TEMP=24.7904	HUM=30.6071	LIGHT=412.16	VOLTAGE=2.74963
TIME=0.0	SENSORID=601	TEMP=24.81	HUM=30.5009	LIGHT=412.16	VOLTAGE=2.74963
TIME=0.0	SENSORID=602	TEMP=24.8394	HUM=30.4655	LIGHT=397.44	VOLTAGE=2.74963
TIME=0.0	SENSORID=603	TEMP=24.8296	HUM=30.6071	LIGHT=397.44	VOLTAGE=2.74963
TIME=0.0	SENSORID=604	TEMP=24.761	HUM=30.8901	LIGHT=397.44	VOLTAGE=2.74963
TIME=0.0	SENSORID=605	TEMP=24.81	HUM=30.5363	LIGHT=382.72	VOLTAGE=2.74963
TIME=0.0	SENSORID=606	TEMP=24.9178	HUM=30.3238	LIGHT=382.72	VOLTAGE=2.74963
TIME=0.0	SENSORID=607	TEMP=24.8198	HUM=30.5363	LIGHT=382.72	VOLTAGE=2.74963
TIME=0.0	SENSORID=608	TEMP=24.712	HUM=30.784	LIGHT=382.72	VOLTAGE=2.74963
TIME=0.0	SENSORID=609	TEMP=24.6728	HUM=30.8901	LIGHT=382.72	VOLTAGE=2.74963
TIME=0.0	SENSORID=610	TEMP=24.6532	HUM=30.9608	LIGHT=368.0	VOLTAGE=2.74963
TIME=0.0	SENSORID=611	TEMP=24.7414	HUM=30.7486	LIGHT=368.0	VOLTAGE=2.74963
TIME=0.0	SENSORID=612	TEMP=24.7708	HUM=30.6071	LIGHT=368.0	VOLTAGE=2.74963
TIME=0.0	SENSORID=613	TEMP=24.7806	HUM=30.8194	LIGHT=368.0	VOLTAGE=2.74963
TIME=0.0	SENSORID=614	TEMP=24.9374	HUM=30.4301	LIGHT=382.72	VOLTAGE=2.74963
TIME=0.0	SENSORID=615	TEMP=24.9766	HUM=30.3947	LIGHT=382.72	VOLTAGE=2.74963
TIME=0.0	SENSORID=616	TEMP=24.9766	HUM=30.2529	LIGHT=353.28	VOLTAGE=2.74963
TIME=0.0	SENSORID=617	TEMP=24.9864	HUM=30.2529	LIGHT=353.28	VOLTAGE=2.74963
TIME=0.0	SENSORID=618	TEMP=24.9668	HUM=30.2529	LIGHT=338.56	VOLTAGE=2.74963
TIME=0.0	SENSORID=619	TEMP=24.8688	HUM=30.5363	LIGHT=323.84	VOLTAGE=2.74963
TIME=0.0	SENSORID=620	TEMP=24.6728	HUM=30.8901	LIGHT=323.84	VOLTAGE=2.74963
TIME=0.0	SENSORID=621	TEMP=24.5356	HUM=31.5959	LIGHT=323.84	VOLTAGE=2.74963
TIME=0.0	SENSORID=622	TEMP=24.5258	HUM=30.9961	LIGHT=323.84	VOLTAGE=2.74963
TIME=0.0	SENSORID=623	TEMP=24.5356	HUM=31.1021	LIGHT=323.84	VOLTAGE=2.74963
TIME=0.0	SENSORID=624	TEMP=24.4572	HUM=31.1727	LIGHT=309.12	VOLTAGE=2.74963
TIME=0.0	SENSORID=625	TEMP=24.4376	HUM=31.3139	LIGHT=309.12	VOLTAGE=2.74963
TIME=0.0	SENSORID=626	TEMP=24.2612	HUM=31.5607	LIGHT=279.68	VOLTAGE=2.74963
TIME=0.0	SENSORID=627	TEMP=24.1926	HUM=31.7368	LIGHT=279.68	VOLTAGE=2.74963
TIME=0.0	SENSORID=628	TEMP=24.075	HUM=31.948	LIGHT=264.96	VOLTAGE=2.73696
TIME=0.0	SENSORID=629	TEMP=24.0456	HUM=31.8072	LIGHT=279.68	VOLTAGE=2.73696
TIME=0.0	SENSORID=630	TEMP=24.0456	HUM=31.8424	LIGHT=309.12	VOLTAGE=2.74963
TIME=0.0	SENSORID=631	TEMP=24.0358	HUM=31.8072	LIGHT=323.84	VOLTAGE=2.74963
TIME=0.0	SENSORID=632	TEMP=24.0162	HUM=31.948	LIGHT=338.56	VOLTAGE=2.74963
TIME=0.0	SENSORID=633	TEMP=23.9868	HUM=32.0183	LIGHT=338.56	VOLTAGE=2.73696
TIME=0.0	SENSORID=634	TEMP=23.9084	HUM=32.2293	LIGHT=323.84	VOLTAGE=2.74963
TIME=0.0	SENSORID=635	TEMP=23.8202	HUM=32.2995	LIGHT=294.4	VOLTAGE=2.73696
TIME=0.0	SENSORID=636	TEMP=23.83	HUM=32.1238	LIGHT=294.4	VOLTAGE=2.73696
TIME=0.0	SENSORID=637	TEMP=23.9084	HUM=31.948	LIGHT=279.68	VOLTAGE=2.74963
TIME=0.0	SENSORID=638	TEMP=23.8986	HUM=31.948	LIGHT=279.68	VOLTAGE=2.74963
TIME=0.0	SENSORID=639	TEMP=23.928	HUM=31.8424	LIGHT=279.68	VOLTAGE=2.73696
TIME=0.0	SENSORID=640	TEMP=23.8692	HUM=32.2293	LIGHT=279.68	VOLTAGE=2.73696
TIME=0.0	SENSORID=641	TEMP=23.7908	HUM=32.5102	LIGHT=279.68	VOLTAGE=2.73696
TIME=0.0	SENSORID=642	TEMP=23.7222	HUM=32.3698	LIGHT=294.4	VOLTAGE=2.73696
TIME=0.0	SENSORID=643	TEMP=23.7516	HUM=32.0887	LIGHT=309.12	VOLTAGE=2.73696
TIME=0.0	SENSORID=644	TEMP=23.7712	HUM=31.948	LIGHT=294.4	VOLTAGE=2.74963
TIME=0.0	SENSORID=645	TEMP=23.8006	HUM=31.948	LIGHT=294.4	VOLTAGE=2.73696
TIME=0.0	SENSORID=646	TEMP=23.8104	HUM=32.0183	LIGHT=294.4	VOLTAGE=2.74963
TIME=0.0	SENSORID=647	TEMP=23.7908	HUM=32.2644	LIGHT=309.12	VOLTAGE=2.73696
TIME=0.0	SENSORID=648	TEMP=23.7614	HUM=32.2293	LIGHT=309.12	VOLTAGE=2.73696
TIME=0.0	SENSORID=649	TEMP=23.7614	HUM=32.2995	LIGHT=309.12	VOLTAGE=2.74963
TIME=0.0	SENSORID=650	TEMP=23.7712	HUM=32.1941	LIGHT=294.4	VOLTAGE=2.73696
TIME=0.0	SENSORID=651	TEMP=23.7614	HUM=32.159	LIGHT=309.12	VOLTAGE=2.73696
TIME=0.0	SENSORID=652	TEMP=23.7516	HUM=32.2293	LIGHT=294.4	VOLTAGE=2.73696
TIME=0.0	SENSORID=653	TEMP=23.732	HUM=32.159	LIGHT=309.12	VOLTAGE=2.74963
TIME=0.0	SENSORID=654	TEMP=23.732	HUM=32.2293	LIGHT=294.4	VOLTAGE=2.73696
TIME=0.0	SENSORID=655	TEMP=23.6928	HUM=32.44	LIGHT=309.12	VOLTAGE=2.73696
TIME=0.0	SENSORID=656	TEMP=23.6634	HUM=32.5452	LIGHT=294.4	VOLTAGE=2.73696
TIME=0.0	SENSORID=657	TEMP=23.6536	HUM=32.6505	LIGHT=294.4	VOLTAGE=2.73696
TIME=0.0	SENSORID=658	TEMP=23.6144	HUM=32.5102	LIGHT=309.12	VOLTAGE=2.73696
TIME=0.0	SENSORID=659	TEMP=23.7026	HUM=32.2293	LIGHT=309.12	VOLTAGE=2.73696
TIME=0.0	SENSORID=660	TEMP=23.7614	HUM=32.5102	LIGHT=309.12	VOLTAGE=2.73696
TIME=0.0	SENSORID=661	TEMP=23.7712	HUM=32.5102	LIGHT=309.12	VOLTAGE=2.73696
TIME=0.0	SENSORID=662	TEMP=23.7614	HUM=32.159	LIGHT=294.4	VOLTAGE=2.74963
TIME=0.0	SENSORID=663	TEMP=23.7712	HUM=32.1238	LIGHT=294.4	VOLTAGE=2.73696
TIME=0.0	SENSORID=664	TEMP=23.781	HUM=32.1941	LIGHT=279.68	VOLTAGE=2.73696
TIME=0.0	SENSORID=665	TEMP=23.7124	HUM=32.3346	LIGHT=294.4	VOLTAGE=2.73696
TIME=0.0	SENSORID=666	TEMP=23.6928	HUM=32.5803	LIGHT=279.68	VOLTAGE=2.73696
TIME=0.0	SENSORID=667	TEMP=23.683	HUM=32.5102	LIGHT=279.68	VOLTAGE=2.73696
TIME=0.0	SENSORID=668	TEMP=23.7124	HUM=32.2293	LIGHT=279.68	VOLTAGE=2.73696
TIME=0.0	SENSORID=669	TEMP=23.732	HUM=32.0887	LIGHT=264.96	VOLTAGE=2.73696
TIME=0.0	SENSORID=670	TEMP=23.7516	HUM=32.1941	LIGHT=264.96	VOLTAGE=2.73696
TIME=0.0	SENSORID=671	TEMP=23.7712	HUM=32.0887	LIGHT=264.96	VOLTAGE=2.73696
TIME=0.0	SENSORID=672	TEMP=23.7712	HUM=32.1238	LIGHT=264.96	VOLTAGE=2.73696
TIME=0.0	SENSORID=673	TEMP=23.7026	HUM=32.44	LIGHT=264.96	VOLTAGE=2.73696
TIME=0.0	SENSORID=674	TEMP=23.683	HUM=32.5803	LIGHT=264.96	VOLTAGE=2.73696
TIME=0.0	SENSORID=675	TEMP=23.634	HUM=32.5803	LIGHT=264.96	VOLTAGE=2.7244
TIME=0.0	SENSORID=676	TEMP=23.6242	HUM=32.6855	LIGHT=250.24	VOLTAGE=2.73696
TIME=0.0	SENSORID=677	TEMP=23.634	HUM=32.3698	LIGHT=250.24	VOLTAGE=2.73696
TIME=0.0	SENSORID=678	TEMP=23.6732	HUM=32.3698	LIGHT=250.24	VOLTAGE=2.73696
TIME=0.0	SENSORID=679	TEMP=23.683	HUM=32.2995	LIGHT=250.24	VOLTAGE=2.73696
TIME=0.0	SENSORID=680	TEMP=23.6732	HUM=32.2995	LIGHT=250.24	VOLTAGE=2.73696
TIME=0.0	SENSORID=681	TEMP=23.6732	HUM=32.4049	LIGHT=250.24	VOLTAGE=2.73696
TIME=0.0	SENSORID=682	TEMP=23.6046	HUM=32.5452	LIGHT=250.24	VOLTAGE=2.73696
TIME=0.0	SENSORID=683	TEMP=23.5948	HUM=32.6154	LIGHT=235.52	VOLTAGE=2.73696
TIME=0.0	SENSORID=684	TEMP=23.6144	HUM=32.5102	LIGHT=235.52	VOLTAGE=2.74963
TIME=0.0	SENSORID=685	TEMP=23.6438	HUM=32.4049	LIGHT=217.12	VOLTAGE=2.73696
TIME=0.0	SENSORID=686	TEMP=23.6634	HUM=32.2995	LIGHT=224.48	VOLTAGE=2.73696
TIME=0.0	SENSORID=687	TEMP=23.6732	HUM=32.3698	LIGHT=217.12	VOLTAGE=2.74963
TIME=0.0	SENSORID=688	TEMP=23.6928	HUM=32.3698	LIGHT=217.12	VOLTAGE=2.74963
TIME=0.0	SENSORID=689	TEMP=23.6634	HUM=32.44	LIGHT=217.12	VOLTAGE=2.73696
TIME=0.0	SENSORID=690	TEMP=23.6536	HUM=32.44	LIGHT=224.48	VOLTAGE=2.73696
TIME=0.0	SENSORID=691	TEMP=23.6144	HUM=32.5803	LIGHT=224.48	VOLTAGE=2.73696
TIME=0.0	SENSORID=692	TEMP=23.5164	HUM=32.7907	LIGHT=235.52	VOLTAGE=2.73696
TIME=0.0	SENSORID=693	TEMP=23.4968	HUM=32.7907	LIGHT=235.52	VOLTAGE=2.73696
TIME=0.0	SENSORID=694	TEMP=23.4674	HUM=32.7907	LIGHT=235.52	VOLTAGE=2.7244
TIME=0.0	SENSORID=695	TEMP=23.438	HUM=32.7907	LIGHT=250.24	VOLTAGE=2.73696
TIME=0.0	SENSORID=696	TEMP=23.438	HUM=32.8257	LIGHT=250.24	VOLTAGE=2.74963
TIME=0.0	SENSORID=697	TEMP=23.438	HUM=32.7557	LIGHT=250.24	VOLTAGE=2.73696
TIME=0.0	SENSORID=698	TEMP=23.4478	HUM=32.7206	LIGHT=235.52	VOLTAGE=2.73696
TIME=0.0	SENSORID=699	TEMP=23.438	HUM=32.5803	LIGHT=235.52	VOLTAGE=2.73696
TIME=0.0	SENSORID=700	TEMP=23.4576	HUM=32.5803	LIGHT=235.52	VOLTAGE=2.73696
TIME=0.0	SENSORID=701	TEMP=23.4576	HUM=32.6505	LIGHT=235.52	VOLTAGE=2.73696
TIME=0.0	SENSORID=702	TEMP=23.3694	HUM=32.8608	LIGHT=250.24	VOLTAGE=2.7244
TIME=0.0	SENSORID=703	TEMP=23.3596	HUM=32.8608	LIGHT=250.24	VOLTAGE=2.73696
TIME=0.0	SENSORID=704	TEMP=23.3596	HUM=32.7206	LIGHT=235.52	VOLTAGE=2.73696
TIME=0.0	SENSORID=705	TEMP=23.3596	HUM=32.7907	LIGHT=235.52	VOLTAGE=2.73696
TIME=0.0	SENSORID=706	TEMP=23.34	HUM=32.7907	LIGHT=235.52	VOLTAGE=2.73696
TIME=0.0	SENSORID=707	TEMP=23.3106	HUM=32.7907	LIGHT=235.52	VOLTAGE=2.73696
TIME=0.0	SENSORID=708	TEMP=23.3302	HUM=32.9308	LIGHT=224.48	VOLTAGE=2.7244
TIME=0.0	SENSORID=709	TEMP=23.3204	HUM=32.9308	LIGHT=224.48	VOLTAGE=2.73696
TIME=0.0	SENSORID=710	TEMP=23.291	HUM=32.9308	LIGHT=217.12	VOLTAGE=2.73696
TIME=0.0	SENSORID=711	TEMP=23.2812	HUM=33.0009	LIGHT=209.76	VOLTAGE=2.73696
TIME=0.0	SENSORID=712	TEMP=23.2812	HUM=32.9659	LIGHT=209.76	VOLTAGE=2.73696
TIME=0.0	SENSORID=713	TEMP=23.2714	HUM=33.0009	LIGHT=202.4	VOLTAGE=2.7244
TIME=0.0	SENSORID=714	TEMP=23.2616	HUM=32.8958	LIGHT=209.76	VOLTAGE=2.73696
TIME=0.0	SENSORID=715	TEMP=23.242	HUM=32.8608	LIGHT=209.76	VOLTAGE=2.73696
TIME=0.0	SENSORID=716	TEMP=23.2224	HUM=32.8958	LIGHT=202.4	VOLTAGE=2.73696
TIME=0.0	SENSORID=717	TEMP=23.2224	HUM=32.8608	LIGHT=195.04	VOLTAGE=2.7244
TIME=0.0	SENSORID=718	TEMP=23.2224	HUM=32.7907	LIGHT=195.04	VOLTAGE=2.7244
TIME=0.0	SENSORID=719	TEMP=23.2028	HUM=32.8608	LIGHT=187.68	VOLTAGE=2.7244
TIME=0.0	SENSORID=720	TEMP=23.1832	HUM=32.8608	LIGHT=180.32	VOLTAGE=2.7244
TIME=0.0	SENSORID=721	TEMP=23.1636	HUM=32.9659	LIGHT=195.04	VOLTAGE=2.73696
TIME=0.0	SENSORID=722	TEMP=23.1538	HUM=33.1409	LIGHT=195.04	VOLTAGE=2.73696
TIME=0.0	SENSORID=723	TEMP=23.1342	HUM=33.0709	LIGHT=202.4	VOLTAGE=2.73696
TIME=0.0	SENSORID=724	TEMP=23.1244	HUM=33.1409	LIGHT=202.4	VOLTAGE=2.73696
TIME=0.0	SENSORID=725	TEMP=23.0754	HUM=33.2458	LIGHT=195.04	VOLTAGE=2.7244
TIME=0.0	SENSORID=726	TEMP=23.0656	HUM=33.1409	LIGHT=187.68	VOLTAGE=2.73696
TIME=0.0	SENSORID=727	TEMP=23.046	HUM=33.1409	LIGHT=180.32	VOLTAGE=2.73696
TIME=0.0	SENSORID=728	TEMP=23.0264	HUM=33.2108	LIGHT=172.96	VOLTAGE=2.73696
TIME=0.0	SENSORID=729	TEMP=23.0166	HUM=33.2458	LIGHT=172.96	VOLTAGE=2.73696
TIME=0.0	SENSORID=730	TEMP=23.0068	HUM=33.2808	LIGHT=180.32	VOLTAGE=2.73696
TIME=0.0	SENSORID=731	TEMP=22.9676	HUM=33.2108	LIGHT=180.32	VOLTAGE=2.7244
TIME=0.0	SENSORID=732	TEMP=22.9382	HUM=33.2808	LIGHT=180.32	VOLTAGE=2.73696
TIME=0.0	SENSORID=733	TEMP=22.899	HUM=33.2808	LIGHT=172.96	VOLTAGE=2.7244
TIME=0.0	SENSORID=734	TEMP=22.85	HUM=33.3507	LIGHT=172.96	VOLTAGE=2.73696
TIME=0.0	SENSORID=735	TEMP=22.8402	HUM=33.4905	LIGHT=172.96	VOLTAGE=2.7244
TIME=0.0	SENSORID=736	TEMP=22.8402	HUM=33.4905	LIGHT=172.96	VOLTAGE=2.73696
TIME=0.0	SENSORID=737	TEMP=22.85	HUM=33.4905	LIGHT=172.96	VOLTAGE=2.73696
TIME=0.0	SENSORID=738	TEMP=22.8402	HUM=33.5254	LIGHT=172.96	VOLTAGE=2.74963
TIME=0.0	SENSORID=739	TEMP=22.8402	HUM=33.5254	LIGHT=180.32	VOLTAGE=2.73696
TIME=0.0	SENSORID=740	TEMP=22.8304	HUM=33.5604	LIGHT=180.32	VOLTAGE=2.7244
TIME=0.0	SENSORID=741	TEMP=22.8304	HUM=33.4905	LIGHT=180.32	VOLTAGE=2.73696
TIME=0.0	SENSORID=742	TEMP=22.8402	HUM=33.5254	LIGHT=180.32	VOLTAGE=2.7244
TIME=0.0	SENSORID=743	TEMP=22.8304	HUM=33.4206	LIGHT=180.32	VOLTAGE=2.7244
TIME=0.0	SENSORID=744	TEMP=22.8206	HUM=33.4905	LIGHT=180.32	VOLTAGE=2.73696
TIME=0.0	SENSORID=745	TEMP=22.7716	HUM=33.5953	LIGHT=180.32	VOLTAGE=2.73696
TIME=0.0	SENSORID=746	TEMP=22.7716	HUM=33.6302	LIGHT=172.96	VOLTAGE=2.7244
TIME=0.0	SENSORID=747	TEMP=22.752	HUM=33.5604	LIGHT=172.96	VOLTAGE=2.7244
TIME=0.0	SENSORID=748	TEMP=22.7324	HUM=33.5604	LIGHT=165.6	VOLTAGE=2.73696
TIME=0.0	SENSORID=749	TEMP=22.6932	HUM=33.5953	LIGHT=172.96	VOLTAGE=2.73696
TIME=0.0	SENSORID=750	TEMP=22.6736	HUM=33.7	LIGHT=180.32	VOLTAGE=2.73696
TIME=0.0	SENSORID=751	TEMP=22.6736	HUM=33.7	LIGHT=172.96	VOLTAGE=2.73696
TIME=0.0	SENSORID=752	TEMP=22.6638	HUM=33.7	LIGHT=180.32	VOLTAGE=2.73696
TIME=0.0	SENSORID=753	TEMP=22.654	HUM=33.7	LIGHT=180.32	VOLTAGE=2.73696
TIME=0.0	SENSORID=754	TEMP=22.6344	HUM=33.7698	LIGHT=172.96	VOLTAGE=2.7244
TIME=0.0	SENSORID=755	TEMP=22.6246	HUM=33.8396	LIGHT=172.96	VOLTAGE=2.7244
TIME=0.0	SENSORID=756	TEMP=22.6148	HUM=33.8396	LIGHT=172.96	VOLTAGE=2.7244
TIME=0.0	SENSORID=757	TEMP=22.5854	HUM=33.9093	LIGHT=172.96	VOLTAGE=2.7244
TIME=0.0	SENSORID=758	TEMP=22.5168	HUM=33.979	LIGHT=165.6	VOLTAGE=2.7244
TIME=0.0	SENSORID=759	TEMP=22.5364	HUM=33.979	LIGHT=165.6	VOLTAGE=2.7244
TIME=0.0	SENSORID=760	TEMP=22.5462	HUM=33.979	LIGHT=165.6	VOLTAGE=2.7244
TIME=0.0	SENSORID=761	TEMP=22.5364	HUM=33.979	LIGHT=158.24	VOLTAGE=2.73696
TIME=0.0	SENSORID=762	TEMP=22.5266	HUM=33.979	LIGHT=158.24	VOLTAGE=2.73696
TIME=0.0	SENSORID=763	TEMP=22.5168	HUM=34.0139	LIGHT=158.24	VOLTAGE=2.7244
TIME=0.0	SENSORID=764	TEMP=22.5266	HUM=34.0487	LIGHT=150.88	VOLTAGE=2.73696
TIME=0.0	SENSORID=765	TEMP=22.5168	HUM=34.0487	LIGHT=150.88	VOLTAGE=2.7244
TIME=0.0	SENSORID=766	TEMP=22.5168	HUM=34.0139	LIGHT=150.88	VOLTAGE=2.7244
TIME=0.0	SENSORID=767	TEMP=22.4972	HUM=34.0487	LIGHT=150.88	VOLTAGE=2.7244
TIME=0.0	SENSORID=768	TEMP=22.4776	HUM=34.0139	LIGHT=150.88	VOLTAGE=2.7244
TIME=0.0	SENSORID=769	TEMP=22.458	HUM=34.0487	LIGHT=150.88	VOLTAGE=2.7244
TIME=0.0	SENSORID=770	TEMP=22.458	HUM=34.0836	LIGHT=150.88	VOLTAGE=2.7244
TIME=0.0	SENSORID=771	TEMP=22.458	HUM=34.1184	LIGHT=150.88	VOLTAGE=2.7244
TIME=0.0	SENSORID=772	TEMP=22.409	HUM=34.188	LIGHT=150.88	VOLTAGE=2.7244
TIME=0.0	SENSORID=773	TEMP=22.3992	HUM=34.188	LIGHT=150.88	VOLTAGE=2.7244
TIME=0.0	SENSORID=774	TEMP=22.3796	HUM=34.2577	LIGHT=150.88	VOLTAGE=2.7244
TIME=0.0	SENSORID=775	TEMP=22.36	HUM=34.2229	LIGHT=150.88	VOLTAGE=2.7244
TIME=0.0	SENSORID=776	TEMP=22.3404	HUM=34.2577	LIGHT=150.88	VOLTAGE=2.7244
TIME=0.0	SENSORID=777	TEMP=22.3404	HUM=34.2577	LIGHT=150.88	VOLTAGE=2.7244
TIME=0.0	SENSORID=778	TEMP=22.3208	HUM=34.3273	LIGHT=150.88	VOLTAGE=2.7244
TIME=0.0	SENSORID=779	TEMP=22.3012	HUM=34.3273	LIGHT=143.52	VOLTAGE=2.7244
TIME=0.0	SENSORID=780	TEMP=22.2816	HUM=34.3969	LIGHT=143.52	VOLTAGE=2.7244
TIME=0.0	SENSORID=781	TEMP=22.262	HUM=34.5012	LIGHT=136.16	VOLTAGE=2.7244
TIME=0.0	SENSORID=782	TEMP=22.2424	HUM=34.536	LIGHT=128.8	VOLTAGE=2.7244
TIME=0.0	SENSORID=783	TEMP=22.2228	HUM=34.536	LIGHT=128.8	VOLTAGE=2.71196
TIME=0.0	SENSORID=784	TEMP=22.2228	HUM=34.536	LIGHT=128.8	VOLTAGE=2.7244
TIME=0.0	SENSORID=785	TEMP=22.213	HUM=34.536	LIGHT=128.8	VOLTAGE=2.7244
TIME=0.0	SENSORID=786	TEMP=22.2228	HUM=34.536	LIGHT=128.8	VOLTAGE=2.7244
TIME=0.0	SENSORID=787	TEMP=22.2032	HUM=34.536	LIGHT=128.8	VOLTAGE=2.7244
TIME=0.0	SENSORID=788	TEMP=22.1934	HUM=34.536	LIGHT=128.8	VOLTAGE=2.7244
TIME=0.0	SENSORID=789	TEMP=22.1836	HUM=34.536	LIGHT=121.44	VOLTAGE=2.7244
TIME=0.0	SENSORID=790	TEMP=22.164	HUM=34.536	LIGHT=121.44	VOLTAGE=2.73696
TIME=0.0	SENSORID=791	TEMP=22.164	HUM=34.536	LIGHT=128.8	VOLTAGE=2.7244
TIME=0.0	SENSORID=792	TEMP=22.1052	HUM=34.675	LIGHT=121.44	VOLTAGE=2.7244
TIME=0.0	SENSORID=793	TEMP=22.1052	HUM=34.675	LIGHT=128.8	VOLTAGE=2.71196
TIME=0.0	SENSORID=794	TEMP=22.066	HUM=34.7445	LIGHT=128.8	VOLTAGE=2.7244
TIME=0.0	SENSORID=795	TEMP=22.066	HUM=34.7445	LIGHT=121.44	VOLTAGE=2.7244
TIME=0.0	SENSORID=796	TEMP=22.0366	HUM=34.7792	LIGHT=121.44	VOLTAGE=2.7244
TIME=0.0	SENSORID=797	TEMP=22.0268	HUM=34.8487	LIGHT=121.44	VOLTAGE=2.7244
TIME=0.0	SENSORID=798	TEMP=22.0072	HUM=34.8834	LIGHT=121.44	VOLTAGE=2.7244
TIME=0.0	SENSORID=799	TEMP=21.9974	HUM=34.9181	LIGHT=121.44	VOLTAGE=2.7244
TIME=0.0	SENSORID=800	TEMP=21.9778	HUM=34.8834	LIGHT=121.44	VOLTAGE=2.71196
TIME=0.0	SENSORID=801	TEMP=21.9778	HUM=34.9181	LIGHT=121.44	VOLTAGE=2.7244
TIME=0.0	SENSORID=802	TEMP=21.9876	HUM=34.9181	LIGHT=114.08	VOLTAGE=2.73696
TIME=0.0	SENSORID=803	TEMP=21.9778	HUM=34.9181	LIGHT=114.08	VOLTAGE=2.7244
TIME=0.0	SENSORID=804	TEMP=21.9974	HUM=34.8834	LIGHT=114.08	VOLTAGE=2.7244
TIME=0.0	SENSORID=805	TEMP=21.9876	HUM=34.9181	LIGHT=114.08	VOLTAGE=2.7244
TIME=0.0	SENSORID=806	TEMP=21.968	HUM=34.9528	LIGHT=114.08	VOLTAGE=2.71196
TIME=0.0	SENSORID=807	TEMP=21.8994	HUM=35.0222	LIGHT=114.08	VOLTAGE=2.71196
TIME=0.0	SENSORID=808	TEMP=21.8896	HUM=35.0915	LIGHT=114.08	VOLTAGE=2.7244
TIME=0.0	SENSORID=809	TEMP=21.8504	HUM=35.2995	LIGHT=114.08	VOLTAGE=2.7244
TIME=0.0	SENSORID=810	TEMP=21.8308	HUM=35.5072	LIGHT=114.08	VOLTAGE=2.7244
TIME=0.0	SENSORID=811	TEMP=21.8602	HUM=35.4034	LIGHT=114.08	VOLTAGE=2.71196
TIME=0.0	SENSORID=812	TEMP=21.8308	HUM=35.5072	LIGHT=108.56	VOLTAGE=2.7244
TIME=0.0	SENSORID=813	TEMP=21.821	HUM=35.438	LIGHT=104.88	VOLTAGE=2.7244
TIME=0.0	SENSORID=814	TEMP=21.8112	HUM=35.4726	LIGHT=101.2	VOLTAGE=2.7244
TIME=0.0	SENSORID=815	TEMP=21.8112	HUM=35.5072	LIGHT=97.52	VOLTAGE=2.7244
TIME=0.0	SENSORID=816	TEMP=21.8112	HUM=35.438	LIGHT=97.52	VOLTAGE=2.71196
TIME=0.0	SENSORID=817	TEMP=21.8112	HUM=35.5072	LIGHT=97.52	VOLTAGE=2.7244
TIME=0.0	SENSORID=818	TEMP=21.8112	HUM=35.5072	LIGHT=93.84	VOLTAGE=2.7244
TIME=0.0	SENSORID=819	TEMP=21.8112	HUM=35.4726	LIGHT=93.84	VOLTAGE=2.7244
TIME=0.0	SENSORID=820	TEMP=21.821	HUM=35.438	LIGHT=93.84	VOLTAGE=2.7244
TIME=0.0	SENSORID=821	TEMP=21.821	HUM=35.438	LIGHT=93.84	VOLTAGE=2.7244
TIME=0.0	SENSORID=822	TEMP=21.8112	HUM=35.438	LIGHT=90.16	VOLTAGE=2.7244
TIME=0.0	SENSORID=823	TEMP=21.8308	HUM=35.438	LIGHT=90.16	VOLTAGE=2.71196
TIME=0.0	SENSORID=824	TEMP=21.8112	HUM=35.438	LIGHT=90.16	VOLTAGE=2.71196
TIME=0.0	SENSORID=825	TEMP=21.8112	HUM=35.438	LIGHT=86.48	VOLTAGE=2.71196
TIME=0.0	SENSORID=826	TEMP=21.8112	HUM=35.438	LIGHT=86.48	VOLTAGE=2.71196
TIME=0.0	SENSORID=827	TEMP=21.8112	HUM=35.438	LIGHT=86.48	VOLTAGE=2.7244
TIME=0.0	SENSORID=828	TEMP=21.7524	HUM=35.5072	LIGHT=82.8	VOLTAGE=2.7244
TIME=0.0	SENSORID=829	TEMP=21.7328	HUM=35.5072	LIGHT=82.8	VOLTAGE=2.7244
TIME=0.0	SENSORID=830	TEMP=21.7132	HUM=35.5764	LIGHT=79.12	VOLTAGE=2.7244
TIME=0.0	SENSORID=831	TEMP=21.723	HUM=35.5764	LIGHT=79.12	VOLTAGE=2.7244
TIME=0.0	SENSORID=832	TEMP=21.7132	HUM=35.5764	LIGHT=79.12	VOLTAGE=2.71196
TIME=0.0	SENSORID=833	TEMP=21.7132	HUM=35.6456	LIGHT=79.12	VOLTAGE=2.71196
TIME=0.0	SENSORID=834	TEMP=21.7132	HUM=35.6456	LIGHT=79.12	VOLTAGE=2.7244
TIME=0.0	SENSORID=835	TEMP=21.6936	HUM=35.6456	LIGHT=79.12	VOLTAGE=2.7244
TIME=0.0	SENSORID=836	TEMP=21.674	HUM=35.7148	LIGHT=79.12	VOLTAGE=2.7244
TIME=0.0	SENSORID=837	TEMP=21.6054	HUM=35.7839	LIGHT=75.44	VOLTAGE=2.71196
TIME=0.0	SENSORID=838	TEMP=21.6054	HUM=35.853	LIGHT=75.44	VOLTAGE=2.7244
TIME=0.0	SENSORID=839	TEMP=21.5368	HUM=35.9221	LIGHT=75.44	VOLTAGE=2.71196
TIME=0.0	SENSORID=840	TEMP=21.5368	HUM=35.8876	LIGHT=75.44	VOLTAGE=2.7244
TIME=0.0	SENSORID=841	TEMP=21.478	HUM=35.9221	LIGHT=75.44	VOLTAGE=2.7244
TIME=0.0	SENSORID=842	TEMP=21.4584	HUM=35.9912	LIGHT=75.44	VOLTAGE=2.71196
TIME=0.0	SENSORID=843	TEMP=21.4584	HUM=35.9567	LIGHT=71.76	VOLTAGE=2.71196
TIME=0.0	SENSORID=844	TEMP=21.429	HUM=35.9912	LIGHT=71.76	VOLTAGE=2.7244
TIME=0.0	SENSORID=845	TEMP=21.4094	HUM=36.0603	LIGHT=71.76	VOLTAGE=2.7244
TIME=0.0	SENSORID=846	TEMP=21.4192	HUM=36.0603	LIGHT=71.76	VOLTAGE=2.71196
TIME=0.0	SENSORID=847	TEMP=21.3996	HUM=36.0603	LIGHT=71.76	VOLTAGE=2.7244
TIME=0.0	SENSORID=848	TEMP=21.38	HUM=36.0948	LIGHT=71.76	VOLTAGE=2.7244
TIME=0.0	SENSORID=849	TEMP=21.331	HUM=36.1638	LIGHT=71.76	VOLTAGE=2.71196
TIME=0.0	SENSORID=850	TEMP=21.3212	HUM=36.1983	LIGHT=71.76	VOLTAGE=2.7244
TIME=0.0	SENSORID=851	TEMP=21.282	HUM=36.1983	LIGHT=68.08	VOLTAGE=2.71196
TIME=0.0	SENSORID=852	TEMP=21.2722	HUM=36.1983	LIGHT=68.08	VOLTAGE=2.71196
TIME=0.0	SENSORID=853	TEMP=21.2918	HUM=36.1983	LIGHT=64.4	VOLTAGE=2.71196
TIME=0.0	SENSORID=854	TEMP=21.2918	HUM=36.1983	LIGHT=64.4	VOLTAGE=2.7244
TIME=0.0	SENSORID=855	TEMP=21.282	HUM=36.1983	LIGHT=60.72	VOLTAGE=2.71196
TIME=0.0	SENSORID=856	TEMP=21.2722	HUM=36.2328	LIGHT=60.72	VOLTAGE=2.71196
TIME=0.0	SENSORID=857	TEMP=21.2722	HUM=36.2673	LIGHT=60.72	VOLTAGE=2.7244
TIME=0.0	SENSORID=858	TEMP=21.184	HUM=36.5085	LIGHT=57.04	VOLTAGE=2.7244
TIME=0.0	SENSORID=859	TEMP=21.2134	HUM=36.6807	LIGHT=57.04	VOLTAGE=2.71196
TIME=0.0	SENSORID=860	TEMP=21.2036	HUM=36.6118	LIGHT=57.04	VOLTAGE=2.71196
TIME=0.0	SENSORID=861	TEMP=21.2036	HUM=36.4741	LIGHT=57.04	VOLTAGE=2.71196
TIME=0.0	SENSORID=862	TEMP=21.2036	HUM=36.4052	LIGHT=57.04	VOLTAGE=2.71196
TIME=0.0	SENSORID=863	TEMP=21.1938	HUM=36.3707	LIGHT=57.04	VOLTAGE=2.71196
TIME=0.0	SENSORID=864	TEMP=21.1742	HUM=36.4741	LIGHT=53.36	VOLTAGE=2.71196
TIME=0.0	SENSORID=865	TEMP=21.1644	HUM=36.5085	LIGHT=53.36	VOLTAGE=2.71196
TIME=0.0	SENSORID=866	TEMP=21.1546	HUM=36.4741	LIGHT=53.36	VOLTAGE=2.71196
TIME=0.0	SENSORID=867	TEMP=21.135	HUM=36.5085	LIGHT=53.36	VOLTAGE=2.7244
TIME=0.0	SENSORID=868	TEMP=21.1154	HUM=36.6118	LIGHT=57.04	VOLTAGE=2.71196
TIME=0.0	SENSORID=869	TEMP=21.1056	HUM=36.5774	LIGHT=53.36	VOLTAGE=2.71196
TIME=0.0	SENSORID=870	TEMP=21.1252	HUM=36.543	LIGHT=53.36	VOLTAGE=2.71196
TIME=0.0	SENSORID=871	TEMP=21.1252	HUM=36.6118	LIGHT=50.6	VOLTAGE=2.71196
TIME=0.0	SENSORID=872	TEMP=21.1056	HUM=36.543	LIGHT=48.76	VOLTAGE=2.71196
TIME=0.0	SENSORID=873	TEMP=21.0762	HUM=36.543	LIGHT=48.76	VOLTAGE=2.71196
TIME=0.0	SENSORID=874	TEMP=21.086	HUM=36.543	LIGHT=48.76	VOLTAGE=2.71196
TIME=0.0	SENSORID=875	TEMP=21.086	HUM=36.543	LIGHT=48.76	VOLTAGE=2.71196
TIME=0.0	SENSORID=876	TEMP=21.086	HUM=36.6118	LIGHT=48.76	VOLTAGE=2.69964
TIME=0.0	SENSORID=877	TEMP=21.086	HUM=36.6118	LIGHT=48.76	VOLTAGE=2.71196
TIME=0.0	SENSORID=878	TEMP=21.086	HUM=36.6807	LIGHT=48.76	VOLTAGE=2.69964
TIME=0.0	SENSORID=879	TEMP=21.086	HUM=36.543	LIGHT=46.92	VOLTAGE=2.69964
TIME=0.0	SENSORID=880	TEMP=21.0762	HUM=36.5774	LIGHT=46.92	VOLTAGE=2.71196
TIME=0.0	SENSORID=881	TEMP=21.0664	HUM=36.6118	LIGHT=46.92	VOLTAGE=2.69964
TIME=0.0	SENSORID=882	TEMP=21.0566	HUM=36.8183	LIGHT=46.92	VOLTAGE=2.71196
TIME=0.0	SENSORID=883	TEMP=21.0664	HUM=36.6807	LIGHT=46.92	VOLTAGE=2.71196
TIME=0.0	SENSORID=884	TEMP=21.0664	HUM=36.8183	LIGHT=46.92	VOLTAGE=2.71196
TIME=0.0	SENSORID=885	TEMP=21.0566	HUM=36.7839	LIGHT=45.08	VOLTAGE=2.71196
TIME=0.0	SENSORID=886	TEMP=21.0468	HUM=36.7495	LIGHT=45.08	VOLTAGE=2.71196
TIME=0.0	SENSORID=887	TEMP=21.0468	HUM=36.6463	LIGHT=45.08	VOLTAGE=2.69964
TIME=0.0	SENSORID=888	TEMP=21.0468	HUM=36.6463	LIGHT=45.08	VOLTAGE=2.69964
TIME=0.0	SENSORID=889	TEMP=21.0468	HUM=36.6807	LIGHT=45.08	VOLTAGE=2.7244
TIME=0.0	SENSORID=890	TEMP=21.037	HUM=36.7495	LIGHT=45.08	VOLTAGE=2.71196
TIME=0.0	SENSORID=891	TEMP=21.0076	HUM=36.8183	LIGHT=43.24	VOLTAGE=2.71196
TIME=0.0	SENSORID=892	TEMP=21.0076	HUM=36.8183	LIGHT=43.24	VOLTAGE=2.71196
TIME=0.0	SENSORID=893	TEMP=20.9978	HUM=36.8871	LIGHT=43.24	VOLTAGE=2.71196
TIME=0.0	SENSORID=894	TEMP=20.9978	HUM=36.8527	LIGHT=43.24	VOLTAGE=2.71196
TIME=0.0	SENSORID=895	TEMP=20.9978	HUM=36.8183	LIGHT=43.24	VOLTAGE=2.71196
TIME=0.0	SENSORID=896	TEMP=20.9782	HUM=36.8183	LIGHT=43.24	VOLTAGE=2.69964
TIME=0.0	SENSORID=897	TEMP=20.9782	HUM=36.8183	LIGHT=43.24	VOLTAGE=2.69964
TIME=0.0	SENSORID=898	TEMP=20.988	HUM=36.7495	LIGHT=43.24	VOLTAGE=2.71196
TIME=0.0	SENSORID=899	TEMP=20.9684	HUM=36.7839	LIGHT=43.24	VOLTAGE=2.71196
TIME=0.0	SENSORID=900	TEMP=20.9586	HUM=36.8183	LIGHT=43.24	VOLTAGE=2.69964
TIME=0.0	SENSORID=901	TEMP=20.9586	HUM=36.8183	LIGHT=43.24	VOLTAGE=2.71196
TIME=0.0	SENSORID=902	TEMP=20.9684	HUM=36.8183	LIGHT=43.24	VOLTAGE=2.71196
TIME=0.0	SENSORID=903	TEMP=20.9488	HUM=36.8183	LIGHT=43.24	VOLTAGE=2.71196
TIME=0.0	SENSORID=904	TEMP=20.9488	HUM=36.8183	LIGHT=43.24	VOLTAGE=2.69964
TIME=0.0	SENSORID=905	TEMP=20.939	HUM=36.8871	LIGHT=43.24	VOLTAGE=2.71196
TIME=0.0	SENSORID=906	TEMP=20.9194	HUM=36.7839	LIGHT=43.24	VOLTAGE=2.69964
TIME=0.0	SENSORID=907	TEMP=20.89	HUM=36.9559	LIGHT=43.24	VOLTAGE=2.69964
TIME=0.0	SENSORID=908	TEMP=20.89	HUM=36.9559	LIGHT=43.24	VOLTAGE=2.71196
TIME=0.0	SENSORID=909	TEMP=20.89	HUM=36.9559	LIGHT=43.24	VOLTAGE=2.71196
TIME=0.0	SENSORID=910	TEMP=20.89	HUM=36.9902	LIGHT=43.24	VOLTAGE=2.69964
TIME=0.0	SENSORID=911	TEMP=20.89	HUM=37.0246	LIGHT=43.24	VOLTAGE=2.71196
TIME=0.0	SENSORID=912	TEMP=20.8704	HUM=37.0933	LIGHT=43.24	VOLTAGE=2.71196
TIME=0.0	SENSORID=913	TEMP=20.8508	HUM=37.0933	LIGHT=43.24	VOLTAGE=2.71196
TIME=0.0	SENSORID=914	TEMP=20.8508	HUM=37.0933	LIGHT=43.24	VOLTAGE=2.71196
TIME=0.0	SENSORID=915	TEMP=20.841	HUM=37.1277	LIGHT=43.24	VOLTAGE=2.71196
TIME=0.0	SENSORID=916	TEMP=20.8312	HUM=37.0246	LIGHT=43.24	VOLTAGE=2.69964
TIME=0.0	SENSORID=917	TEMP=20.8312	HUM=37.1963	LIGHT=43.24	VOLTAGE=2.71196
TIME=0.0	SENSORID=918	TEMP=20.8214	HUM=37.162	LIGHT=43.24	VOLTAGE=2.71196
TIME=0.0	SENSORID=919	TEMP=20.792	HUM=37.162	LIGHT=43.24	VOLTAGE=2.71196
TIME=0.0	SENSORID=920	TEMP=20.8018	HUM=37.1963	LIGHT=43.24	VOLTAGE=2.69964
TIME=0.0	SENSORID=921	TEMP=20.8018	HUM=37.2307	LIGHT=43.24	VOLTAGE=2.71196
TIME=0.0	SENSORID=922	TEMP=20.8018	HUM=37.2307	LIGHT=43.24	VOLTAGE=2.71196
TIME=0.0	SENSORID=923	TEMP=20.792	HUM=37.2307	LIGHT=43.24	VOLTAGE=2.71196
TIME=0.0	SENSORID=924	TEMP=20.792	HUM=37.162	LIGHT=43.24	VOLTAGE=2.71196
TIME=0.0	SENSORID=925	TEMP=20.7724	HUM=37.162	LIGHT=43.24	VOLTAGE=2.69964
TIME=0.0	SENSORID=926	TEMP=20.7724	HUM=37.0933	LIGHT=43.24	VOLTAGE=2.71196
TIME=0.0	SENSORID=927	TEMP=20.7528	HUM=37.162	LIGHT=43.24	VOLTAGE=2.71196
TIME=0.0	SENSORID=928	TEMP=20.7528	HUM=37.0933	LIGHT=43.24	VOLTAGE=2.71196
TIME=0.0	SENSORID=929	TEMP=20.7528	HUM=37.1277	LIGHT=43.24	VOLTAGE=2.71196
TIME=0.0	SENSORID=930	TEMP=20.7528	HUM=37.162	LIGHT=43.24	VOLTAGE=2.71196
TIME=0.0	SENSORID=931	TEMP=20.743	HUM=37.162	LIGHT=43.24	VOLTAGE=2.71196
TIME=0.0	SENSORID=932	TEMP=20.743	HUM=37.162	LIGHT=43.24	VOLTAGE=2.71196
TIME=0.0	SENSORID=933	TEMP=20.7332	HUM=37.162	LIGHT=43.24	VOLTAGE=2.69964
TIME=0.0	SENSORID=934	TEMP=20.7332	HUM=37.2307	LIGHT=43.24	VOLTAGE=2.69964
TIME=0.0	SENSORID=935	TEMP=20.7332	HUM=37.2993	LIGHT=43.24	VOLTAGE=2.71196
TIME=0.0	SENSORID=936	TEMP=20.7234	HUM=37.2307	LIGHT=43.24	VOLTAGE=2.71196
TIME=0.0	SENSORID=937	TEMP=20.7038	HUM=37.2307	LIGHT=43.24	VOLTAGE=2.69964
TIME=0.0	SENSORID=938	TEMP=20.7136	HUM=37.2993	LIGHT=43.24	VOLTAGE=2.69964
TIME=0.0	SENSORID=939	TEMP=20.7136	HUM=37.3679	LIGHT=43.24	VOLTAGE=2.69964
TIME=0.0	SENSORID=940	TEMP=20.694	HUM=37.3679	LIGHT=43.24	VOLTAGE=2.71196
TIME=0.0	SENSORID=941	TEMP=20.7038	HUM=37.3679	LIGHT=43.24	VOLTAGE=2.69964
TIME=0.0	SENSORID=942	TEMP=20.7038	HUM=37.3679	LIGHT=43.24	VOLTAGE=2.69964
TIME=0.0	SENSORID=943	TEMP=20.694	HUM=37.3336	LIGHT=43.24	VOLTAGE=2.69964
TIME=0.0	SENSORID=944	TEMP=20.694	HUM=37.2993	LIGHT=43.24	VOLTAGE=2.69964
TIME=0.0	SENSORID=945	TEMP=20.6744	HUM=37.3679	LIGHT=43.24	VOLTAGE=2.69964
TIME=0.0	SENSORID=946	TEMP=20.6842	HUM=37.2993	LIGHT=43.24	VOLTAGE=2.69964
TIME=0.0	SENSORID=947	TEMP=20.6646	HUM=37.4365	LIGHT=43.24	VOLTAGE=2.69964
TIME=0.0	SENSORID=948	TEMP=20.6548	HUM=37.4365	LIGHT=43.24	VOLTAGE=2.69964
TIME=0.0	SENSORID=949	TEMP=20.6548	HUM=37.3679	LIGHT=43.24	VOLTAGE=2.69964
TIME=0.0	SENSORID=950	TEMP=20.6548	HUM=37.3679	LIGHT=43.24	VOLTAGE=2.71196
TIME=0.0	SENSORID=951	TEMP=20.6646	HUM=37.3679	LIGHT=43.24	VOLTAGE=2.71196
TIME=0.0	SENSORID=952	TEMP=20.6352	HUM=37.4022	LIGHT=43.24	VOLTAGE=2.71196
TIME=0.0	SENSORID=953	TEMP=20.6352	HUM=37.3679	LIGHT=43.24	VOLTAGE=2.69964
TIME=0.0	SENSORID=954	TEMP=20.6254	HUM=37.4365	LIGHT=43.24	VOLTAGE=2.69964
TIME=0.0	SENSORID=955	TEMP=20.6254	HUM=37.3679	LIGHT=43.24	VOLTAGE=2.69964
TIME=0.0	SENSORID=956	TEMP=20.6058	HUM=37.3679	LIGHT=43.24	VOLTAGE=2.69964
TIME=0.0	SENSORID=957	TEMP=20.596	HUM=37.3679	LIGHT=43.24	VOLTAGE=2.71196
TIME=0.0	SENSORID=958	TEMP=20.596	HUM=37.3679	LIGHT=43.24	VOLTAGE=2.71196
TIME=0.0	SENSORID=959	TEMP=20.596	HUM=37.3679	LIGHT=43.24	VOLTAGE=2.69964
TIME=0.0	SENSORID=960	TEMP=20.596	HUM=37.3679	LIGHT=43.24	VOLTAGE=2.71196
TIME=0.0	SENSORID=961	TEMP=20.5862	HUM=37.3679	LIGHT=43.24	VOLTAGE=2.69964
TIME=0.0	SENSORID=962	TEMP=20.5764	HUM=37.4365	LIGHT=43.24	VOLTAGE=2.69964
TIME=0.0	SENSORID=963	TEMP=20.5764	HUM=37.4365	LIGHT=43.24	VOLTAGE=2.71196
TIME=0.0	SENSORID=964	TEMP=20.5764	HUM=37.4708	LIGHT=43.24	VOLTAGE=2.69964
TIME=0.0	SENSORID=965	TEMP=20.5764	HUM=37.5051	LIGHT=43.24	VOLTAGE=2.69964
TIME=0.0	SENSORID=966	TEMP=20.5764	HUM=37.5051	LIGHT=43.24	VOLTAGE=2.69964
TIME=0.0	SENSORID=967	TEMP=20.5568	HUM=37.5737	LIGHT=43.24	VOLTAGE=2.71196
TIME=0.0	SENSORID=968	TEMP=20.5568	HUM=37.5737	LIGHT=43.24	VOLTAGE=2.69964
TIME=0.0	SENSORID=969	TEMP=20.5372	HUM=37.6079	LIGHT=43.24	VOLTAGE=2.69964
TIME=0.0	SENSORID=970	TEMP=20.5372	HUM=37.5737	LIGHT=43.24	VOLTAGE=2.69964
TIME=0.0	SENSORID=971	TEMP=20.547	HUM=37.5737	LIGHT=43.24	VOLTAGE=2.69964
TIME=0.0	SENSORID=972	TEMP=20.5372	HUM=37.6079	LIGHT=43.24	VOLTAGE=2.69964
TIME=0.0	SENSORID=973	TEMP=20.5372	HUM=37.6422	LIGHT=43.24	VOLTAGE=2.69964
TIME=0.0	SENSORID=974	TEMP=20.5274	HUM=37.5737	LIGHT=43.24	VOLTAGE=2.71196
TIME=0.0	SENSORID=975	TEMP=20.5176	HUM=37.5737	LIGHT=43.24	VOLTAGE=2.69964
TIME=0.0	SENSORID=976	TEMP=20.5176	HUM=37.6422	LIGHT=43.24	VOLTAGE=2.69964
TIME=0.0	SENSORID=977	TEMP=20.5078	HUM=37.6765	LIGHT=43.24	VOLTAGE=2.69964
TIME=0.0	SENSORID=978	TEMP=20.498	HUM=37.5737	LIGHT=43.24	VOLTAGE=2.69964
TIME=0.0	SENSORID=979	TEMP=20.498	HUM=37.6765	LIGHT=43.24	VOLTAGE=2.71196
TIME=0.0	SENSORID=980	TEMP=20.4784	HUM=37.5737	LIGHT=43.24	VOLTAGE=2.69964
TIME=0.0	SENSORID=981	TEMP=20.4784	HUM=37.6422	LIGHT=43.24	VOLTAGE=2.69964
TIME=0.0	SENSORID=982	TEMP=20.4784	HUM=37.6765	LIGHT=43.24	VOLTAGE=2.69964
TIME=0.0	SENSORID=983	TEMP=20.4784	HUM=37.6422	LIGHT=43.24	VOLTAGE=2.69964
TIME=0.0	SENSORID=984	TEMP=20.4686	HUM=37.6422	LIGHT=43.24	VOLTAGE=2.69964
TIME=0.0	SENSORID=985	TEMP=20.4588	HUM=37.6422	LIGHT=43.24	VOLTAGE=2.69964
TIME=0.0	SENSORID=986	TEMP=20.4588	HUM=37.6079	LIGHT=43.24	VOLTAGE=2.69964
TIME=0.0	SENSORID=987	TEMP=20.4784	HUM=37.5737	LIGHT=43.24	VOLTAGE=2.71196
TIME=0.0	SENSORID=988	TEMP=20.4686	HUM=37.5737	LIGHT=43.24	VOLTAGE=2.69964
TIME=0.0	SENSORID=989	TEMP=20.4588	HUM=37.6422	LIGHT=43.24	VOLTAGE=2.69964
TIME=0.0	SENSORID=990	TEMP=20.4392	HUM=37.8477	LIGHT=43.24	VOLTAGE=2.71196
TIME=0.0	SENSORID=991	TEMP=20.4294	HUM=37.8477	LIGHT=43.24	VOLTAGE=2.69964
TIME=0.0	SENSORID=992	TEMP=20.4392	HUM=37.8477	LIGHT=43.24	VOLTAGE=2.69964
TIME=0.0	SENSORID=993	TEMP=20.4294	HUM=37.8134	LIGHT=45.08	VOLTAGE=2.69964
TIME=0.0	SENSORID=994	TEMP=20.4392	HUM=37.8477	LIGHT=45.08	VOLTAGE=2.71196
TIME=0.0	SENSORID=995	TEMP=20.4196	HUM=37.8134	LIGHT=43.24	VOLTAGE=2.69964
TIME=0.0	SENSORID=996	TEMP=20.4098	HUM=37.8477	LIGHT=45.08	VOLTAGE=2.69964
TIME=0.0	SENSORID=997	TEMP=20.4098	HUM=37.9161	LIGHT=45.08	VOLTAGE=2.69964
TIME=0.0	SENSORID=998	TEMP=20.4	HUM=37.9161	LIGHT=45.08	VOLTAGE=2.69964
TIME=0.0	SENSORID=999	TEMP=20.3902	HUM=37.9161	LIGHT=45.08	VOLTAGE=2.69964
TIME=0.0	SENSORID=1000	TEMP=20.3902	HUM=37.8477	LIGHT=45.08	VOLTAGE=2.69964
TIME=0.0	SENSORID=1001	TEMP=20.4	HUM=37.8477	LIGHT=45.08	VOLTAGE=2.69964
TIME=0.0	SENSORID=1002	TEMP=20.4	HUM=37.8819	LIGHT=45.08	VOLTAGE=2.71196
TIME=0.0	SENSORID=1003	TEMP=20.4	HUM=37.9161	LIGHT=45.08	VOLTAGE=2.69964
TIME=0.0	SENSORID=1004	TEMP=20.3902	HUM=37.9161	LIGHT=45.08	VOLTAGE=2.69964
TIME=0.0	SENSORID=1005	TEMP=20.3902	HUM=37.9161	LIGHT=45.08	VOLTAGE=2.69964
TIME=0.0	SENSORID=1006	TEMP=20.3902	HUM=37.9161	LIGHT=45.08	VOLTAGE=2.69964
TIME=0.0	SENSORID=1007	TEMP=20.3804	HUM=37.9161	LIGHT=45.08	VOLTAGE=2.69964
TIME=0.0	SENSORID=1008	TEMP=20.3804	HUM=37.9503	LIGHT=45.08	VOLTAGE=2.69964
TIME=0.0	SENSORID=1009	TEMP=20.3804	HUM=37.9161	LIGHT=45.08	VOLTAGE=2.69964
TIME=0.0	SENSORID=1010	TEMP=20.3706	HUM=37.8819	LIGHT=45.08	VOLTAGE=2.69964
TIME=0.0	SENSORID=1011	TEMP=20.3804	HUM=37.8477	LIGHT=45.08	VOLTAGE=2.71196
TIME=0.0	SENSORID=1012	TEMP=20.3902	HUM=37.8477	LIGHT=45.08	VOLTAGE=2.69964
TIME=0.0	SENSORID=1013	TEMP=20.3706	HUM=37.8819	LIGHT=45.08	VOLTAGE=2.69964
TIME=0.0	SENSORID=1014	TEMP=20.3706	HUM=37.9161	LIGHT=45.08	VOLTAGE=2.69964
TIME=0.0	SENSORID=1015	TEMP=20.3706	HUM=37.9161	LIGHT=45.08	VOLTAGE=2.69964
TIME=0.0	SENSORID=1016	TEMP=20.3804	HUM=37.9503	LIGHT=45.08	VOLTAGE=2.69964
TIME=0.0	SENSORID=1017	TEMP=20.3804	HUM=37.9845	LIGHT=45.08	VOLTAGE=2.69964
TIME=0.0	SENSORID=1018	TEMP=20.3804	HUM=37.9845	LIGHT=45.08	VOLTAGE=2.69964
TIME=0.0	SENSORID=1019	TEMP=20.3804	HUM=37.9845	LIGHT=45.08	VOLTAGE=2.69964
TIME=0.0	SENSORID=1020	TEMP=20.3608	HUM=38.0187	LIGHT=45.08	VOLTAGE=2.71196
TIME=0.0	SENSORID=1021	TEMP=20.351	HUM=38.0529	LIGHT=45.08	VOLTAGE=2.69964
TIME=0.0	SENSORID=1022	TEMP=20.3412	HUM=38.1213	LIGHT=45.08	VOLTAGE=2.69964
TIME=0.0	SENSORID=1023	TEMP=20.3412	HUM=38.0871	LIGHT=45.08	VOLTAGE=2.69964
TIME=0.0	SENSORID=1024	TEMP=20.3412	HUM=38.1213	LIGHT=45.08	VOLTAGE=2.69964

Server Not Started
Server Started
updateDatabase
Database Updated
Server Not Started
Server Started
insertData
Server Not Started
Server Started
hostAvailabilityCheck
Server Not Started
Server Started
toString
]]></system-out>
  <system-err><![CDATA[]]></system-err>
</testsuite>
