<?xml version="1.0" encoding="UTF-8" ?>
<testsuite errors="1" failures="0" hostname="ethanrae" name="source.Excel_ExporterTest" skipped="0" tests="1" time="8.089" timestamp="2014-05-12T05:00:07">
  <properties>
    <property name="libs.jsp-compiler.javadoc" value="" />
    <property name="netbeans.autoupdate.country" value="US" />
    <property name="libs.SimpleStringEncrypt.src" value="" />
    <property name="nb.wait.for.caches" value="true" />
    <property name="javac.test.classpath" value="lib/activation.jar:lib/derby.jar:lib/derbyclient.jar:lib/derbynet.jar:lib/javax.mail.jar:lib/jxl-2.6.jar:build/classes:lib/junit.jar" />
    <property name="libs.jsf20.maven-pom" value="" />
    <property name="libs.SimpleStringEncrypt.maven-pom" value="" />
    <property name="libs.junit.javadoc" value="/Applications/NetBeans/NetBeans 7.4.app/Contents/Resources/NetBeans/java/docs/junit-3.8.2-api.zip" />
    <property name="ant.core.lib" value="/Applications/NetBeans/NetBeans 7.4.app/Contents/Resources/NetBeans/extide/ant/lib/ant.jar" />
    <property name="javadoc.windowtitle" value="" />
    <property name="libs.jsp-compilation.javadoc" value="" />
    <property name="user.dir" value="/Users/E/Dropbox/comp350/Re_Team2/early_warning_fire_system" />
    <property name="com.apple.mrj.application.apple.menu.about.name" value="NetBeans" />
    <property name="libs.javaee-api-7.0.src" value="" />
    <property name="libs.hibernate-persistence.javadoc" value="" />
    <property name="java.vm.version" value="25.5-b02" />
    <property name="libs.MyLibrary.src" value="" />
    <property name="libs.MySQLDriver.classpath" value="/Applications/NetBeans/NetBeans 7.4.app/Contents/Resources/NetBeans/ide/modules/ext/mysql-connector-java-5.1.23-bin.jar" />
    <property name="libs.eclipselinkmodelgen.src" value="" />
    <property name="file.reference.joda-time-2.3.jar" value="lib/joda-time-2.3.jar" />
    <property name="javadoc.notree" value="false" />
    <property name="netbeans.autoupdate.version" value="1.23" />
    <property name="libs.EclipseLink-GlassFish-v3.classpath" value="/Applications/NetBeans/glassfish-4.0/glassfish/modules/org.eclipse.persistence.antlr.jar:/Applications/NetBeans/glassfish-4.0/glassfish/modules/org.eclipse.persistence.asm.jar:/Applications/NetBeans/glassfish-4.0/glassfish/modules/org.eclipse.persistence.core.jar:/Applications/NetBeans/glassfish-4.0/glassfish/modules/org.eclipse.persistence.dbws.jar:/Applications/NetBeans/glassfish-4.0/glassfish/modules/org.eclipse.persistence.jpa.jar:/Applications/NetBeans/glassfish-4.0/glassfish/modules/org.eclipse.persistence.jpa.jpql.jar:/Applications/NetBeans/glassfish-4.0/glassfish/modules/org.eclipse.persistence.jpa.modelgen.processor.jar:/Applications/NetBeans/glassfish-4.0/glassfish/modules/org.eclipse.persistence.moxy.jar:/Applications/NetBeans/glassfish-4.0/glassfish/modules/org.eclipse.persistence.oracle.jar:/Applications/NetBeans/glassfish-4.0/glassfish/modules/javax.persistence.jar" />
    <property name="libs.javaee-web-api-6.0.classpath" value="/Applications/NetBeans/NetBeans 7.4.app/Contents/Resources/NetBeans/enterprise/modules/ext/javaee-web-api-6.0.jar" />
    <property name="libs.hibernate-support.maven-pom" value="" />
    <property name="libs.hibernate-support.javadoc" value="" />
    <property name="libs.Java-EE-GlassFish-v3-Prelude.javadoc" value="/Applications/NetBeans/NetBeans 7.4.app/Contents/Resources/NetBeans/enterprise/docs/javaee-doc-api.jar" />
    <property name="javac.profile.cmd.line.arg" value="" />
    <property name="jdk.home" value="/Library/Java/JavaVirtualMachines/jdk1.8.0_05.jdk/Contents/Home" />
    <property name="libs.javac-api.src" value="" />
    <property name="javadoc.noindex" value="false" />
    <property name="sun.os.patch.level" value="unknown" />
    <property name="libs.Java-EE-GlassFish-v3-Prelude.src" value="" />
    <property name="do.archive+manifest.available" value="true" />
    <property name="java.vm.specification.name" value="Java Virtual Machine Specification" />
    <property name="nb.show.statistics.ui" value="usageStatisticsEnabled" />
    <property name="netbeans.autoupdate.variant" value="" />
    <property name="have.tests" value="true" />
    <property name="org.xml.sax.driver" value="com.sun.org.apache.xerces.internal.jaxp.SAXParserImpl$JAXPSAXParser" />
    <property name="libs.javac-api.javadoc" value="" />
    <property name="os.name" value="Mac OS X" />
    <property name="libs.beans-binding.classpath" value="/Applications/NetBeans/NetBeans 7.4.app/Contents/Resources/NetBeans/java/modules/ext/beansbinding-1.2.1.jar" />
    <property name="libs.javaee-endorsed-api-7.0.maven-pom" value="" />
    <property name="ap.proc.none.internal" value="" />
    <property name="libs.restapi.javadoc" value="" />
    <property name="libs.JWSAntTasks.maven-pom" value="" />
    <property name="libs.jstl.classpath" value="/Applications/NetBeans/NetBeans 7.4.app/Contents/Resources/NetBeans/enterprise/modules/ext/jstl-impl.jar:/Applications/NetBeans/NetBeans 7.4.app/Contents/Resources/NetBeans/enterprise/modules/ext/jstl-api.jar" />
    <property name="libs.testng.src" value="" />
    <property name="libs.spring-webmvc3.0.src" value="" />
    <property name="libs.restapi.classpath" value="/Applications/NetBeans/NetBeans 7.4.app/Contents/Resources/NetBeans/enterprise/modules/ext/jaxrs-2.0/javax.ws.rs-api-2.0.jar" />
    <property name="java.vendor.url.bug" value="http://bugreport.sun.com/bugreport/" />
    <property name="libs.jaxb.maven-pom" value="" />
    <property name="os.arch" value="x86_64" />
    <property name="libs.eclipselink.src" value="" />
    <property name="user.name" value="E" />
    <property name="libs.jsf12.javadoc" value="/Applications/NetBeans/NetBeans 7.4.app/Contents/Resources/NetBeans/enterprise/docs/javaee-doc-api.jar" />
    <property name="libs.Comet-GlassFish-v3.javadoc" value="" />
    <property name="copylibs.rebase" value="true" />
    <property name="libs.spring-webmvc3.0.maven-pom" value="" />
    <property name="libs.swing-layout.maven-pom" value="" />
    <property name="sun.java.command" value="org.apache.tools.ant.taskdefs.optional.junit.JUnitTestRunner source.Excel_ExporterTest filtertrace=true haltOnError=false haltOnFailure=false showoutput=true outputtoformatters=true logfailedtests=true logtestlistenerevents=true formatter=org.apache.tools.ant.taskdefs.optional.junit.BriefJUnitResultFormatter formatter=org.apache.tools.ant.taskdefs.optional.junit.XMLJUnitResultFormatter,/Users/E/Dropbox/comp350/Re_Team2/early_warning_fire_system/build/test/results/TEST-source.Excel_ExporterTest.xml crashfile=/Users/E/Dropbox/comp350/Re_Team2/early_warning_fire_system/build/junitvmwatcher1257024714822217975.properties propsfile=/Users/E/Dropbox/comp350/Re_Team2/early_warning_fire_system/build/junit5737484071094303906.properties" />
    <property name="build.classes.dir" value="build/classes" />
    <property name="netbeans.accept_license_class" value="org.netbeans.license.AcceptLicense" />
    <property name="build.sysclasspath" value="ignore" />
    <property name="ap.supported.internal" value="true" />
    <property name="libs.javaee-endorsed-api-7.0.javadoc" value="/Applications/NetBeans/NetBeans 7.4.app/Contents/Resources/NetBeans/enterprise/docs/javaee-doc-api.jar" />
    <property name="libs.jaxws21.javadoc" value="/Applications/NetBeans/NetBeans 7.4.app/Contents/Resources/NetBeans/java/docs/jaxws-api-doc.zip" />
    <property name="includes" value="**" />
    <property name="ant.file.type.early_warning_fire_system-impl" value="file" />
    <property name="user.country" value="US" />
    <property name="manifest.file" value="manifest.mf" />
    <property name="javadoc.encoding" value="UTF-8" />
    <property name="javac.classpath" value="lib/activation.jar:lib/derby.jar:lib/derbyclient.jar:lib/derbynet.jar:lib/javax.mail.jar:lib/jxl-2.6.jar" />
    <property name="libs.jsp-compilation-syscp.src" value="" />
    <property name="libs.JAVADB_DRIVER_LABEL.src" value="" />
    <property name="file.reference.jasypt-1.9.2.jar" value="lib/jasypt-1.9.2.jar" />
    <property name="debug-transport" value="dt_socket" />
    <property name="netbeans.home" value="/Applications/NetBeans/NetBeans 7.4.app/Contents/Resources/NetBeans/platform" />
    <property name="build.compiler.emacs" value="true" />
    <property name="libs.javaee-web-api-6.0.src" value="" />
    <property name="libs.ejb3-persistence.src" value="" />
    <property name="libs.jsp-compilation-syscp.classpath" value="/Applications/NetBeans/NetBeans 7.4.app/Contents/Resources/NetBeans/extide/ant/lib/ant.jar:/Applications/NetBeans/NetBeans 7.4.app/Contents/Resources/NetBeans/enterprise/modules/ext/servlet3.1-jsp2.3-api.jar:/Applications/NetBeans/NetBeans 7.4.app/Contents/Resources/NetBeans/enterprise/modules/ext/glassfish-jspparser-4.0.jar:/Applications/NetBeans/NetBeans 7.4.app/Contents/Resources/NetBeans/enterprise/modules/ext/jstl-impl.jar:/Applications/NetBeans/NetBeans 7.4.app/Contents/Resources/NetBeans/enterprise/modules/ext/jsf-2_2/javax.faces.jar" />
    <property name="java.endorsed.dirs" value="/Library/Java/JavaVirtualMachines/jdk1.8.0_05.jdk/Contents/Home/jre/lib/endorsed" />
    <property name="ant.file.early_warning_fire_system" value="/Users/E/Dropbox/comp350/Re_Team2/early_warning_fire_system/build.xml" />
    <property name="libs.hibernate-persistencemodelgen.classpath" value="/Applications/NetBeans/NetBeans 7.4.app/Contents/Resources/NetBeans/java/modules/ext/hibernate/hibernate-jpamodelgen-1.1.1.Final.jar" />
    <property name="libs.Comet-GlassFish-v3.maven-pom" value="" />
    <property name="netbeans.dynamic.classpath" value="/Applications/NetBeans/NetBeans 7.4.app/Contents/Resources/NetBeans/platform/core/core.jar:/Applications/NetBeans/NetBeans 7.4.app/Contents/Resources/NetBeans/platform/core/org-openide-filesystems.jar:/Applications/NetBeans/NetBeans 7.4.app/Contents/Resources/NetBeans/platform/core/locale/core_ja.jar:/Applications/NetBeans/NetBeans 7.4.app/Contents/Resources/NetBeans/platform/core/locale/core_pt_BR.jar:/Applications/NetBeans/NetBeans 7.4.app/Contents/Resources/NetBeans/platform/core/locale/core_ru.jar:/Applications/NetBeans/NetBeans 7.4.app/Contents/Resources/NetBeans/platform/core/locale/core_zh_CN.jar:/Applications/NetBeans/NetBeans 7.4.app/Contents/Resources/NetBeans/platform/core/locale/org-openide-filesystems_ja.jar:/Applications/NetBeans/NetBeans 7.4.app/Contents/Resources/NetBeans/platform/core/locale/org-openide-filesystems_pt_BR.jar:/Applications/NetBeans/NetBeans 7.4.app/Contents/Resources/NetBeans/platform/core/locale/org-openide-filesystems_ru.jar:/Applications/NetBeans/NetBeans 7.4.app/Contents/Resources/NetBeans/platform/core/locale/org-openide-filesystems_zh_CN.jar:/Applications/NetBeans/NetBeans 7.4.app/Contents/Resources/NetBeans/nb/core/org-netbeans-upgrader.jar:/Applications/NetBeans/NetBeans 7.4.app/Contents/Resources/NetBeans/nb/core/locale/core_nb.jar:/Applications/NetBeans/NetBeans 7.4.app/Contents/Resources/NetBeans/nb/core/locale/core_nb_ja.jar:/Applications/NetBeans/NetBeans 7.4.app/Contents/Resources/NetBeans/nb/core/locale/core_nb_pt_BR.jar:/Applications/NetBeans/NetBeans 7.4.app/Contents/Resources/NetBeans/nb/core/locale/core_nb_ru.jar:/Applications/NetBeans/NetBeans 7.4.app/Contents/Resources/NetBeans/nb/core/locale/core_nb_zh_CN.jar:/Applications/NetBeans/NetBeans 7.4.app/Contents/Resources/NetBeans/nb/core/locale/org-netbeans-upgrader_ja.jar:/Applications/NetBeans/NetBeans 7.4.app/Contents/Resources/NetBeans/nb/core/locale/org-netbeans-upgrader_pt_BR.jar:/Applications/NetBeans/NetBeans 7.4.app/Contents/Resources/NetBeans/nb/core/locale/org-netbeans-upgrader_ru.jar:/Applications/NetBeans/NetBeans 7.4.app/Contents/Resources/NetBeans/nb/core/locale/org-netbeans-upgrader_zh_CN.jar" />
    <property name="java.vm.specification.version" value="1.8" />
    <property name="libs.primefaces.classpath" value="/Applications/NetBeans/NetBeans 7.4.app/Contents/Resources/NetBeans/enterprise/modules/ext/primefaces/primefaces-3.5.jar:/Applications/NetBeans/NetBeans 7.4.app/Contents/Resources/NetBeans/enterprise/modules/ext/commons-fileupload-1.3.jar" />
    <property name="libs.javaee-api-6.0.classpath" value="/Applications/NetBeans/NetBeans 7.4.app/Contents/Resources/NetBeans/enterprise/modules/ext/javaee-api-6.0.jar" />
    <property name="ftp.nonProxyHosts" value="local|*.local|169.254/16|*.169.254/16" />
    <property name="netbeans.productversion" value="NetBeans IDE 7.4 (Build 201310111528)" />
    <property name="libs.hibernate-persistence.classpath" value="/Applications/NetBeans/NetBeans 7.4.app/Contents/Resources/NetBeans/java/modules/ext/hibernate/antlr-2.7.6.jar:/Applications/NetBeans/NetBeans 7.4.app/Contents/Resources/NetBeans/java/modules/ext/hibernate/cglib-2.2.jar:/Applications/NetBeans/NetBeans 7.4.app/Contents/Resources/NetBeans/java/modules/ext/hibernate/commons-collections-3.1.jar:/Applications/NetBeans/NetBeans 7.4.app/Contents/Resources/NetBeans/java/modules/ext/hibernate/dom4j-1.6.1.jar:/Applications/NetBeans/NetBeans 7.4.app/Contents/Resources/NetBeans/java/modules/ext/hibernate/jta-1.1.jar:/Applications/NetBeans/NetBeans 7.4.app/Contents/Resources/NetBeans/java/modules/ext/hibernate/hibernate-core-3.6.10.Final.jar:/Applications/NetBeans/NetBeans 7.4.app/Contents/Resources/NetBeans/java/modules/ext/hibernate/hibernate-commons-annotations-3.2.0.Final.jar:/Applications/NetBeans/NetBeans 7.4.app/Contents/Resources/NetBeans/java/modules/ext/hibernate/hibernate-entitymanager-3.6.10.Final.jar:/Applications/NetBeans/NetBeans 7.4.app/Contents/Resources/NetBeans/java/modules/ext/hibernate/hibernate-tools-3.6.0.CR1.jar:/Applications/NetBeans/NetBeans 7.4.app/Contents/Resources/NetBeans/java/modules/ext/hibernate/javassist-3.12.0.GA.jar:/Applications/NetBeans/NetBeans 7.4.app/Contents/Resources/NetBeans/java/modules/ext/hibernate/c3p0-0.9.1.jar:/Applications/NetBeans/NetBeans 7.4.app/Contents/Resources/NetBeans/java/modules/ext/hibernate/oscache-2.1.jar:/Applications/NetBeans/NetBeans 7.4.app/Contents/Resources/NetBeans/java/modules/ext/hibernate/slf4j-api-1.6.1.jar:/Applications/NetBeans/NetBeans 7.4.app/Contents/Resources/NetBeans/java/modules/ext/hibernate/slf4j-simple-1.6.1.jar:/Applications/NetBeans/NetBeans 7.4.app/Contents/Resources/NetBeans/java/modules/ext/hibernate/hibernate-jpa-2.0-api-1.0.1.Final.jar" />
    <property name="libs.jaxws21.src" value="" />
    <property name="application.title" value="early_warning_fire_system" />
    <property name="do.archive" value="true" />
    <property name="netbeans.autoupdate.language" value="en" />
    <property name="java.vendor" value="Oracle Corporation" />
    <property name="libs.javaee-api-6.0.javadoc" value="/Applications/NetBeans/NetBeans 7.4.app/Contents/Resources/NetBeans/enterprise/docs/javaee-doc-api.jar" />
    <property name="sun.font.fontmanager" value="sun.font.CFontManager" />
    <property name="jar.index.metainf" value="false" />
    <property name="javac.debug" value="true" />
    <property name="javadoc.splitindex" value="true" />
    <property name="file.separator" value="/" />
    <property name="libs.Java-EE-GlassFish-v3-Prelude.maven-pom" value="" />
    <property name="libs.junit_4.maven-pom" value="" />
    <property name="mkdist.disabled" value="false" />
    <property name="javac.test.processorpath" value="lib/activation.jar:lib/derby.jar:lib/derbyclient.jar:lib/derbynet.jar:lib/javax.mail.jar:lib/jxl-2.6.jar:build/classes:lib/junit.jar" />
    <property name="netbeans.buildnumber" value="201310111528" />
    <property name="libs.JWSAntTasks.javadoc" value="" />
    <property name="build.generated.sources.dir" value="build/generated-sources" />
    <property name="libs.eclipselinkmodelgen.classpath" value="/Applications/NetBeans/NetBeans 7.4.app/Contents/Resources/NetBeans/java/modules/ext/eclipselink/org.eclipse.persistence.jpa.modelgen_2.5.1.v20130918-f2b9fc5.jar" />
    <property name="libs.javaee-endorsed-api-7.0.src" value="" />
    <property name="sun.java.launcher" value="SUN_STANDARD" />
    <property name="libs.junit.classpath" value="/Applications/NetBeans/NetBeans 7.4.app/Contents/Resources/NetBeans/java/modules/ext/junit-3.8.2.jar" />
    <property name="libs.jaxb.javadoc" value="/Applications/NetBeans/NetBeans 7.4.app/Contents/Resources/NetBeans/ide/docs/jaxb-api-doc.zip" />
    <property name="libs.struts.classpath" value="/Applications/NetBeans/NetBeans 7.4.app/Contents/Resources/NetBeans/enterprise/modules/ext/struts/antlr-2.7.2.jar:/Applications/NetBeans/NetBeans 7.4.app/Contents/Resources/NetBeans/enterprise/modules/ext/struts/bsf-2.3.0.jar:/Applications/NetBeans/NetBeans 7.4.app/Contents/Resources/NetBeans/enterprise/modules/ext/struts/commons-beanutils-1.8.0.jar:/Applications/NetBeans/NetBeans 7.4.app/Contents/Resources/NetBeans/enterprise/modules/ext/struts/commons-chain-1.2.jar:/Applications/NetBeans/NetBeans 7.4.app/Contents/Resources/NetBeans/enterprise/modules/ext/struts/commons-digester-1.8.jar:/Applications/NetBeans/NetBeans 7.4.app/Contents/Resources/NetBeans/enterprise/modules/ext/struts/commons-fileupload-1.1.1.jar:/Applications/NetBeans/NetBeans 7.4.app/Contents/Resources/NetBeans/enterprise/modules/ext/struts/commons-io-1.1.jar:/Applications/NetBeans/NetBeans 7.4.app/Contents/Resources/NetBeans/enterprise/modules/ext/struts/commons-logging-1.0.4.jar:/Applications/NetBeans/NetBeans 7.4.app/Contents/Resources/NetBeans/enterprise/modules/ext/struts/commons-validator-1.3.1.jar:/Applications/NetBeans/NetBeans 7.4.app/Contents/Resources/NetBeans/enterprise/modules/ext/struts/jstl-1.0.2.jar:/Applications/NetBeans/NetBeans 7.4.app/Contents/Resources/NetBeans/enterprise/modules/ext/struts/oro-2.0.8.jar:/Applications/NetBeans/NetBeans 7.4.app/Contents/Resources/NetBeans/enterprise/modules/ext/struts/standard-1.0.6.jar:/Applications/NetBeans/NetBeans 7.4.app/Contents/Resources/NetBeans/enterprise/modules/ext/struts/struts-core-1.3.10.jar:/Applications/NetBeans/NetBeans 7.4.app/Contents/Resources/NetBeans/enterprise/modules/ext/struts/struts-el-1.3.10.jar:/Applications/NetBeans/NetBeans 7.4.app/Contents/Resources/NetBeans/enterprise/modules/ext/struts/struts-extras-1.3.10.jar:/Applications/NetBeans/NetBeans 7.4.app/Contents/Resources/NetBeans/enterprise/modules/ext/struts/struts-faces-1.3.10.jar:/Applications/NetBeans/NetBeans 7.4.app/Contents/Resources/NetBeans/enterprise/modules/ext/struts/struts-mailreader-dao-1.3.10.jar:/Applications/NetBeans/NetBeans 7.4.app/Contents/Resources/NetBeans/enterprise/modules/ext/struts/struts-scripting-1.3.10.jar:/Applications/NetBeans/NetBeans 7.4.app/Contents/Resources/NetBeans/enterprise/modules/ext/struts/struts-taglib-1.3.10.jar:/Applications/NetBeans/NetBeans 7.4.app/Contents/Resources/NetBeans/enterprise/modules/ext/struts/struts-tiles-1.3.10.jar" />
    <property name="ant.home" value="/Applications/NetBeans/NetBeans 7.4.app/Contents/Resources/NetBeans/extide/ant" />
    <property name="libs.junit_4.src" value="/Applications/NetBeans/NetBeans 7.4.app/Contents/Resources/NetBeans/java/docs/junit-4.10-sources.jar" />
    <property name="libs.testng.classpath" value="/Applications/NetBeans/NetBeans 7.4.app/Contents/Resources/NetBeans/platform/modules/ext/testng-6.8.1-dist.jar" />
    <property name="libs.absolutelayout.maven-pom" value="" />
    <property name="ant.java.version" value="1.8" />
    <property name="java.library.path" value="/Applications/NetBeans/NetBeans 7.4.app/Contents/Resources/NetBeans/webcommon/bin::/Users/E/Library/Java/Extensions:/Library/Java/Extensions:/Network/Library/Java/Extensions:/System/Library/Java/Extensions:/usr/lib/java:." />
    <property name="javadoc.author" value="false" />
    <property name="libs.metro.maven-pom" value="" />
    <property name="libs.EclipseLink-GlassFish-v3.src" value="" />
    <property name="java.util.logging.config.class" value="org.netbeans.core.startup.TopLogging" />
    <property name="libs.PostgreSQLDriver.src" value="" />
    <property name="sun.arch.data.model" value="64" />
    <property name="basedir" value="/Users/E/Dropbox/comp350/Re_Team2/early_warning_fire_system" />
    <property name="libs.jpa20-persistence.maven-pom" value="" />
    <property name="jar.compress" value="false" />
    <property name="libs.javaee-web-api-7.0.classpath" value="/Applications/NetBeans/NetBeans 7.4.app/Contents/Resources/NetBeans/enterprise/modules/ext/javaee-web-api-7.0.jar" />
    <property name="path.separator" value=":" />
    <property name="libs.javaee-web-api-6.0.javadoc" value="/Applications/NetBeans/NetBeans 7.4.app/Contents/Resources/NetBeans/enterprise/docs/javaee-doc-api.jar" />
    <property name="ant.junit.enabletestlistenerevents" value="true" />
    <property name="sun.io.unicode.encoding" value="UnicodeBig" />
    <property name="libs.jaxws21.classpath" value="/Applications/NetBeans/NetBeans 7.4.app/Contents/Resources/NetBeans/ide/modules/ext/jaxb/jaxb-impl.jar:/Applications/NetBeans/NetBeans 7.4.app/Contents/Resources/NetBeans/ide/modules/ext/jaxb/jaxb-xjc.jar:/Applications/NetBeans/NetBeans 7.4.app/Contents/Resources/NetBeans/java/modules/ext/jaxws22/FastInfoset.jar:/Applications/NetBeans/NetBeans 7.4.app/Contents/Resources/NetBeans/java/modules/ext/jaxws22/gmbal-api-only.jar:/Applications/NetBeans/NetBeans 7.4.app/Contents/Resources/NetBeans/java/modules/ext/jaxws22/ha-api.jar:/Applications/NetBeans/NetBeans 7.4.app/Contents/Resources/NetBeans/java/modules/ext/jaxws22/javax.mail_1.4.jar:/Applications/NetBeans/NetBeans 7.4.app/Contents/Resources/NetBeans/java/modules/ext/jaxws22/jaxws-rt.jar:/Applications/NetBeans/NetBeans 7.4.app/Contents/Resources/NetBeans/java/modules/ext/jaxws22/jaxws-tools.jar:/Applications/NetBeans/NetBeans 7.4.app/Contents/Resources/NetBeans/java/modules/ext/jaxws22/management-api.jar:/Applications/NetBeans/NetBeans 7.4.app/Contents/Resources/NetBeans/java/modules/ext/jaxws22/mimepull.jar:/Applications/NetBeans/NetBeans 7.4.app/Contents/Resources/NetBeans/java/modules/ext/jaxws22/policy.jar:/Applications/NetBeans/NetBeans 7.4.app/Contents/Resources/NetBeans/java/modules/ext/jaxws22/saaj-impl.jar:/Applications/NetBeans/NetBeans 7.4.app/Contents/Resources/NetBeans/java/modules/ext/jaxws22/stax-ex.jar:/Applications/NetBeans/NetBeans 7.4.app/Contents/Resources/NetBeans/java/modules/ext/jaxws22/stax2-api.jar:/Applications/NetBeans/NetBeans 7.4.app/Contents/Resources/NetBeans/java/modules/ext/jaxws22/streambuffer.jar:/Applications/NetBeans/NetBeans 7.4.app/Contents/Resources/NetBeans/java/modules/ext/jaxws22/woodstox-core-asl.jar:/Applications/NetBeans/NetBeans 7.4.app/Contents/Resources/NetBeans/java/modules/ext/jaxws22/api/jaxws-api.jar:/Applications/NetBeans/NetBeans 7.4.app/Contents/Resources/NetBeans/java/modules/ext/jaxws22/api/jsr181-api.jar:/Applications/NetBeans/NetBeans 7.4.app/Contents/Resources/NetBeans/java/modules/ext/jaxws22/api/javax.annotation.jar:/Applications/NetBeans/NetBeans 7.4.app/Contents/Resources/NetBeans/java/modules/ext/jaxws22/api/saaj-api.jar:/Applications/NetBeans/NetBeans 7.4.app/Contents/Resources/NetBeans/ide/modules/ext/jaxb/activation.jar:/Applications/NetBeans/NetBeans 7.4.app/Contents/Resources/NetBeans/ide/modules/ext/jaxb/api/jaxb-api.jar:/Applications/NetBeans/NetBeans 7.4.app/Contents/Resources/NetBeans/ide/modules/ext/jaxb/api/jsr173_1.0_api.jar" />
    <property name="libs.struts.src" value="" />
    <property name="compile.on.save" value="true" />
    <property name="apple.awt.graphics.UseQuartz" value="true" />
    <property name="user.language" value="en" />
    <property name="testng.mode" value="testng" />
    <property name="libs.JAXB-ENDORSED.maven-pom" value="" />
    <property name="libs.spring-framework.classpath" value="/Applications/NetBeans/NetBeans 7.4.app/Contents/Resources/NetBeans/ide/modules/org-apache-commons-logging.jar:/Applications/NetBeans/NetBeans 7.4.app/Contents/Resources/NetBeans/java/modules/ext/cglib-2.2.jar:/Applications/NetBeans/NetBeans 7.4.app/Contents/Resources/NetBeans/java/modules/ext/spring/spring-2.5.6.SEC03.jar" />
    <property name="libs.eclipselink.maven-pom" value="" />
    <property name="application.vendor" value="E" />
    <property name="test.binaryincludes" value="&lt;nothing&gt;" />
    <property name="manifest.available" value="true" />
    <property name="libs.primefaces.javadoc" value="" />
    <property name="libs.spring-framework300.maven-pom" value="" />
    <property name="run.test.classpath" value="lib/activation.jar:lib/derby.jar:lib/derbyclient.jar:lib/derbynet.jar:lib/javax.mail.jar:lib/jxl-2.6.jar:build/classes:lib/junit.jar:lib/activation.jar:lib/derby.jar:lib/derbyclient.jar:lib/derbynet.jar:lib/jasypt-1.9.2.jar:lib/javax.mail.jar:lib/joda-time-2.3.jar:lib/junit.jar:lib/jxl-2.6.jar:build/test/classes:lib/hamcrest-core-1.3.jar" />
    <property name="ant.project.invoked-targets" value="test" />
    <property name="test.binaryexcludes" value="" />
    <property name="libs.swing-layout.javadoc" value="/Applications/NetBeans/NetBeans 7.4.app/Contents/Resources/NetBeans/platform/docs/swing-layout-1.0.4-doc.zip" />
    <property name="sun.java2d.dpiaware" value="true" />
    <property name="libs.ejb3-persistence.maven-pom" value="" />
    <property name="file.reference.jxl-2.6.jar" value="lib/jxl-2.6.jar" />
    <property name="file.reference.junit.jar" value="lib/junit.jar" />
    <property name="gopherProxySet" value="false" />
    <property name="https.nonProxyHosts" value="localhost|127.0.0.1|ethanrae" />
    <property name="libs.PostgreSQLDriver.maven-pom" value="" />
    <property name="java.class.version" value="52.0" />
    <property name="libs.JAVADB_DRIVER_LABEL.classpath" value="/Applications/NetBeans/glassfish-4.0/javadb/lib/derby.jar:/Applications/NetBeans/glassfish-4.0/javadb/lib/derbyclient.jar:/Applications/NetBeans/glassfish-4.0/javadb/lib/derbynet.jar" />
    <property name="libs.javaee-endorsed-api-6.0.src" value="" />
    <property name="libs.eclipselink.javadoc" value="" />
    <property name="libs.jsp-compilation.maven-pom" value="" />
    <property name="user.properties.file" value="/Users/E/Library/Application Support/NetBeans/7.4/build.properties" />
    <property name="runtime.encoding" value="UTF-8" />
    <property name="libs.spring-framework.src" value="" />
    <property name="libs.javac-api.maven-pom" value="" />
    <property name="file.encoding.pkg" value="sun.io" />
    <property name="sun.cpu.endian" value="little" />
    <property name="libs.JAXB-ENDORSED.javadoc" value="" />
    <property name="src.EarlyWarningSRC.dir" value="EarlyWarningSRC" />
    <property name="libs.JWSAntTasks.classpath" value="/Applications/NetBeans/NetBeans 7.4.app/Contents/Resources/NetBeans/java/ant/extra/org-netbeans-modules-javawebstart-anttasks.jar" />
    <property name="libs.spring-framework300.src" value="" />
    <property name="file.reference.derbyclient.jar" value="lib/derbyclient.jar" />
    <property name="libs.jstl.src" value="" />
    <property name="empty.dir" value="/Users/E/Dropbox/comp350/Re_Team2/early_warning_fire_system/build/empty" />
    <property name="version-output" value="java version &quot;1.8" />
    <property name="test.binarytestincludes" value="" />
    <property name="javadoc.preview" value="true" />
    <property name="socksNonProxyHosts" value="local|*.local|169.254/16|*.169.254/16" />
    <property name="libs.jpa20-persistence.javadoc" value="" />
    <property name="nbplatform.default.harness.dir" value="/Applications/NetBeans/NetBeans 7.4.app/Contents/Resources/NetBeans/harness" />
    <property name="java.home" value="/Library/Java/JavaVirtualMachines/jdk1.8.0_05.jdk/Contents/Home/jre" />
    <property name="libs.jsp-compilation.src" value="" />
    <property name="libs.spring-webmvc.src" value="" />
    <property name="debug.test.classpath" value="lib/activation.jar:lib/derby.jar:lib/derbyclient.jar:lib/derbynet.jar:lib/javax.mail.jar:lib/jxl-2.6.jar:build/classes:lib/junit.jar:lib/activation.jar:lib/derby.jar:lib/derbyclient.jar:lib/derbynet.jar:lib/jasypt-1.9.2.jar:lib/javax.mail.jar:lib/joda-time-2.3.jar:lib/junit.jar:lib/jxl-2.6.jar:build/test/classes:lib/hamcrest-core-1.3.jar" />
    <property name="libs.javaee-endorsed-api-6.0.classpath" value="/Applications/NetBeans/NetBeans 7.4.app/Contents/Resources/NetBeans/enterprise/modules/ext/javaee6-endorsed/javax.annotation.jar:/Applications/NetBeans/NetBeans 7.4.app/Contents/Resources/NetBeans/enterprise/modules/ext/javaee6-endorsed/jaxb-api-osgi.jar:/Applications/NetBeans/NetBeans 7.4.app/Contents/Resources/NetBeans/enterprise/modules/ext/javaee6-endorsed/webservices-api-osgi.jar" />
    <property name="libs.javaee-api-6.0.src" value="" />
    <property name="netbeans.importclass" value="org.netbeans.upgrade.AutoUpgrade" />
    <property name="ant.project.default-target" value="default" />
    <property name="annotation.processing.run.all.processors" value="true" />
    <property name="libs.MyLibrary.classpath" value="/Users/E/Dropbox/HW6/lib/activation.jar:/Users/E/Dropbox/HW6/lib/derby.jar:/Users/E/Dropbox/HW6/lib/derbyclient.jar:/Users/E/Dropbox/HW6/lib/derbynet.jar:/Users/E/Dropbox/HW6/lib/jasypt-1.9.2.jar:/Users/E/Dropbox/HW6/lib/javax.mail.jar:/Users/E/Dropbox/HW6/lib/joda-time-2.3.jar:/Users/E/Dropbox/HW6/lib/jxl-2.6.jar" />
    <property name="libs.PostgreSQLDriver.javadoc" value="" />
    <property name="libs.restlib.classpath" value="/Applications/NetBeans/NetBeans 7.4.app/Contents/Resources/NetBeans/enterprise/modules/ext/jersey2/ext/asm-all-repackaged-2.1.88.jar:/Applications/NetBeans/NetBeans 7.4.app/Contents/Resources/NetBeans/enterprise/modules/ext/jersey2/ext/cglib-2.1.88.jar:/Applications/NetBeans/NetBeans 7.4.app/Contents/Resources/NetBeans/enterprise/modules/ext/jersey2/ext/guava-14.0.1.jar:/Applications/NetBeans/NetBeans 7.4.app/Contents/Resources/NetBeans/enterprise/modules/ext/jersey2/ext/hk2-api-2.1.88.jar:/Applications/NetBeans/NetBeans 7.4.app/Contents/Resources/NetBeans/enterprise/modules/ext/jersey2/ext/hk2-locator-2.1.88.jar:/Applications/NetBeans/NetBeans 7.4.app/Contents/Resources/NetBeans/enterprise/modules/ext/jersey2/ext/hk2-utils-2.1.88.jar:/Applications/NetBeans/NetBeans 7.4.app/Contents/Resources/NetBeans/enterprise/modules/ext/jersey2/ext/javax.annotation-api-1.2.jar:/Applications/NetBeans/NetBeans 7.4.app/Contents/Resources/NetBeans/enterprise/modules/ext/jersey2/ext/javax.inject-2.1.88.jar:/Applications/NetBeans/NetBeans 7.4.app/Contents/Resources/NetBeans/enterprise/modules/ext/jersey2/ext/javax.servlet-api-3.1.0.jar:/Applications/NetBeans/NetBeans 7.4.app/Contents/Resources/NetBeans/enterprise/modules/ext/jersey2/ext/jaxb-api-2.2.7.jar:/Applications/NetBeans/NetBeans 7.4.app/Contents/Resources/NetBeans/enterprise/modules/ext/jersey2/ext/org.osgi.core-4.2.0.jar:/Applications/NetBeans/NetBeans 7.4.app/Contents/Resources/NetBeans/enterprise/modules/ext/jersey2/ext/osgi-resource-locator-1.0.1.jar:/Applications/NetBeans/NetBeans 7.4.app/Contents/Resources/NetBeans/enterprise/modules/ext/jersey2/ext/persistence-api-1.0.jar:/Applications/NetBeans/NetBeans 7.4.app/Contents/Resources/NetBeans/enterprise/modules/ext/jersey2/ext/validation-api-1.1.0.jar:/Applications/NetBeans/NetBeans 7.4.app/Contents/Resources/NetBeans/enterprise/modules/ext/jersey2/jersey-client.jar:/Applications/NetBeans/NetBeans 7.4.app/Contents/Resources/NetBeans/enterprise/modules/ext/jersey2/jersey-common.jar:/Applications/NetBeans/NetBeans 7.4.app/Contents/Resources/NetBeans/enterprise/modules/ext/jersey2/jersey-container-servlet.jar:/Applications/NetBeans/NetBeans 7.4.app/Contents/Resources/NetBeans/enterprise/modules/ext/jersey2/jersey-container-servlet-core.jar:/Applications/NetBeans/NetBeans 7.4.app/Contents/Resources/NetBeans/enterprise/modules/ext/jersey2/jersey-server.jar:/Applications/NetBeans/NetBeans 7.4.app/Contents/Resources/NetBeans/enterprise/modules/ext/jersey2/extensions/jackson-core-asl-1.9.11.jar:/Applications/NetBeans/NetBeans 7.4.app/Contents/Resources/NetBeans/enterprise/modules/ext/jersey2/extensions/jackson-jaxrs-1.9.11.jar:/Applications/NetBeans/NetBeans 7.4.app/Contents/Resources/NetBeans/enterprise/modules/ext/jersey2/extensions/jackson-mapper-asl-1.9.11.jar:/Applications/NetBeans/NetBeans 7.4.app/Contents/Resources/NetBeans/enterprise/modules/ext/jersey2/extensions/jackson-xc-1.9.11.jar:/Applications/NetBeans/NetBeans 7.4.app/Contents/Resources/NetBeans/enterprise/modules/ext/jersey2/extensions/jersey-media-json-jackson-2.0.jar:/Applications/NetBeans/NetBeans 7.4.app/Contents/Resources/NetBeans/enterprise/modules/ext/jersey2/extensions/jersey-media-json-jettison-2.0.jar:/Applications/NetBeans/NetBeans 7.4.app/Contents/Resources/NetBeans/enterprise/modules/ext/jersey2/extensions/jettison-1.3.3.jar" />
    <property name="libs.MySQLDriver.maven-pom" value="" />
    <property name="http.nonProxyHosts" value="local|*.local|169.254/16|*.169.254/16" />
    <property name="libs.junit_4.javadoc" value="/Applications/NetBeans/NetBeans 7.4.app/Contents/Resources/NetBeans/java/docs/junit-4.10-javadoc.jar" />
    <property name="libs.spring-webmvc.javadoc" value="" />
    <property name="libs.EclipseLink-GlassFish-v3.maven-pom" value="" />
    <property name="libs.javaee-web-api-6.0.maven-pom" value="" />
    <property name="run.classpath" value="lib/activation.jar:lib/derby.jar:lib/derbyclient.jar:lib/derbynet.jar:lib/javax.mail.jar:lib/jxl-2.6.jar:build/classes" />
    <property name="libs.hibernate-support.src" value="" />
    <property name="jna.boot.library.name" value="jnidispatch-340" />
    <property name="libs.javaee-endorsed-api-6.0.javadoc" value="/Applications/NetBeans/NetBeans 7.4.app/Contents/Resources/NetBeans/enterprise/docs/javaee-doc-api.jar" />
    <property name="libs.javaee-api-7.0.classpath" value="/Applications/NetBeans/NetBeans 7.4.app/Contents/Resources/NetBeans/enterprise/modules/ext/javaee-api-7.0.jar" />
    <property name="sun.awt.datatransfer.timeout" value="1000" />
    <property name="libs.spring-webmvc3.0.javadoc" value="" />
    <property name="annotation.processing.enabled.in.editor" value="false" />
    <property name="nb.native.filechooser" value="false" />
    <property name="libs.restapi.src" value="" />
    <property name="sun.management.compiler" value="HotSpot 64-Bit Tiered Compilers" />
    <property name="javac.deprecation" value="false" />
    <property name="javadoc.use" value="true" />
    <property name="sun.java2d.noddraw" value="true" />
    <property name="libs.jsp-compiler.classpath" value="/Applications/NetBeans/NetBeans 7.4.app/Contents/Resources/NetBeans/enterprise/ant/extra/jspcompile.jar" />
    <property name="javac.processorpath" value="lib/activation.jar:lib/derby.jar:lib/derbyclient.jar:lib/derbynet.jar:lib/javax.mail.jar:lib/jxl-2.6.jar" />
    <property name="libs.spring-webmvc.classpath" value="/Applications/NetBeans/NetBeans 7.4.app/Contents/Resources/NetBeans/enterprise/modules/ext/spring/spring-webmvc-2.5.6.SEC03.jar" />
    <property name="javac.compilerargs" value="" />
    <property name="ant.file" value="/Users/E/Dropbox/comp350/Re_Team2/early_warning_fire_system/build.xml" />
    <property name="libs.beans-binding.maven-pom" value="" />
    <property name="libs.jsf12.classpath" value="/Applications/NetBeans/NetBeans 7.4.app/Contents/Resources/NetBeans/enterprise/modules/ext/jsf-1_2/commons-beanutils.jar:/Applications/NetBeans/NetBeans 7.4.app/Contents/Resources/NetBeans/enterprise/modules/ext/jsf-1_2/commons-collections.jar:/Applications/NetBeans/NetBeans 7.4.app/Contents/Resources/NetBeans/enterprise/modules/ext/jsf-1_2/commons-digester.jar:/Applications/NetBeans/NetBeans 7.4.app/Contents/Resources/NetBeans/enterprise/modules/ext/jsf-1_2/commons-logging.jar:/Applications/NetBeans/NetBeans 7.4.app/Contents/Resources/NetBeans/enterprise/modules/ext/jsf-1_2/jsf-api.jar:/Applications/NetBeans/NetBeans 7.4.app/Contents/Resources/NetBeans/enterprise/modules/ext/jsf-1_2/jsf-impl.jar" />
    <property name="ant.file.early_warning_fire_system-impl" value="/Users/E/Dropbox/comp350/Re_Team2/early_warning_fire_system/nbproject/build-impl.xml" />
    <property name="libs.Java-EE-GlassFish-v3-Prelude.classpath" value="/Applications/NetBeans/glassfish-4.0/glassfish/modules/endorsed/javax.annotation-api.jar:/Applications/NetBeans/glassfish-4.0/glassfish/modules/endorsed/jaxb-api-osgi.jar:/Applications/NetBeans/glassfish-4.0/glassfish/modules/endorsed/webservices-api-osgi.jar:/Applications/NetBeans/glassfish-4.0/glassfish/modules/bean-validator.jar:/Applications/NetBeans/glassfish-4.0/glassfish/modules/javax.batch-api.jar:/Applications/NetBeans/glassfish-4.0/glassfish/modules/javax.ejb-api.jar:/Applications/NetBeans/glassfish-4.0/glassfish/modules/javax.el.jar:/Applications/NetBeans/glassfish-4.0/glassfish/modules/javax.enterprise.concurrent-api.jar:/Applications/NetBeans/glassfish-4.0/glassfish/modules/javax.enterprise.concurrent.jar:/Applications/NetBeans/glassfish-4.0/glassfish/modules/javax.enterprise.deploy-api.jar:/Applications/NetBeans/glassfish-4.0/glassfish/modules/javax.faces.jar:/Applications/NetBeans/glassfish-4.0/glassfish/modules/javax.inject.jar:/Applications/NetBeans/glassfish-4.0/glassfish/modules/javax.interceptor-api.jar:/Applications/NetBeans/glassfish-4.0/glassfish/modules/javax.jms-api.jar:/Applications/NetBeans/glassfish-4.0/glassfish/modules/javax.json.jar:/Applications/NetBeans/glassfish-4.0/glassfish/modules/javax.mail.jar:/Applications/NetBeans/glassfish-4.0/glassfish/modules/javax.management.j2ee-api.jar:/Applications/NetBeans/glassfish-4.0/glassfish/modules/javax.persistence.jar:/Applications/NetBeans/glassfish-4.0/glassfish/modules/javax.resource-api.jar:/Applications/NetBeans/glassfish-4.0/glassfish/modules/javax.security.auth.message-api.jar:/Applications/NetBeans/glassfish-4.0/glassfish/modules/javax.security.jacc-api.jar:/Applications/NetBeans/glassfish-4.0/glassfish/modules/javax.servlet-api.jar:/Applications/NetBeans/glassfish-4.0/glassfish/modules/javax.servlet.jsp-api.jar:/Applications/NetBeans/glassfish-4.0/glassfish/modules/javax.servlet.jsp.jar:/Applications/NetBeans/glassfish-4.0/glassfish/modules/javax.servlet.jsp.jstl-api.jar:/Applications/NetBeans/glassfish-4.0/glassfish/modules/javax.servlet.jsp.jstl.jar:/Applications/NetBeans/glassfish-4.0/glassfish/modules/javax.transaction-api.jar:/Applications/NetBeans/glassfish-4.0/glassfish/modules/javax.websocket-api.jar:/Applications/NetBeans/glassfish-4.0/glassfish/modules/javax.ws.rs-api.jar:/Applications/NetBeans/glassfish-4.0/glassfish/modules/javax.xml.registry-api.jar:/Applications/NetBeans/glassfish-4.0/glassfish/modules/javax.xml.rpc-api.jar:/Applications/NetBeans/glassfish-4.0/glassfish/modules/jaxb-osgi.jar:/Applications/NetBeans/glassfish-4.0/glassfish/modules/webservices-osgi.jar:/Applications/NetBeans/glassfish-4.0/glassfish/modules/weld-osgi-bundle.jar:/Applications/NetBeans/glassfish-4.0/mq/lib/jaxm-api.jar" />
    <property name="libs.jstl.maven-pom" value="" />
    <property name="libs.restapi.maven-pom" value="" />
    <property name="libs.beans-binding.src" value="" />
    <property name="java.vm.specification.vendor" value="Oracle Corporation" />
    <property name="libs.swing-layout.src" value="/Applications/NetBeans/NetBeans 7.4.app/Contents/Resources/NetBeans/platform/docs/swing-layout-1.0.4-src.zip" />
    <property name="org.openide.major.version" value="IDE/1" />
    <property name="libs.SimpleStringEncrypt.javadoc" value="" />
    <property name="java.vm.name" value="Java HotSpot(TM) 64-Bit Server VM" />
    <property name="netbeans.user" value="/Users/E/Library/Application Support/NetBeans/7.4" />
    <property name="tests.failed" value="true" />
    <property name="javadoc.additionalparam" value="" />
    <property name="file.reference.javax.mail.jar" value="lib/javax.mail.jar" />
    <property name="java.io.tmpdir" value="/var/folders/qb/0tpt189560q9lhc3v1pr_bth0000gn/T/" />
    <property name="java.vendor.url" value="http://java.oracle.com/" />
    <property name="endorsed.classpath.cmd.line.arg" value="" />
    <property name="junit.available" value="true" />
    <property name="libs.jsp-compiler.src" value="" />
    <property name="org.openide.awt.ActionReference.completion" value="org.netbeans.modules.apisupport.project.layers.PathCompletions" />
    <property name="sun.boot.library.path" value="/Library/Java/JavaVirtualMachines/jdk1.8.0_05.jdk/Contents/Home/jre/lib" />
    <property name="have.sources" value="true" />
    <property name="debug.classpath" value="lib/activation.jar:lib/derby.jar:lib/derbyclient.jar:lib/derbynet.jar:lib/javax.mail.jar:lib/jxl-2.6.jar:build/classes" />
    <property name="javadoc.private" value="false" />
    <property name="file.reference.Re_Team2-EarlyAssessmentSRC" value="/Users/ethan.rae045/Dropbox/comp350/Re_Team2/EarlyWarningSRC" />
    <property name="test.src.dir" value="test" />
    <property name="libs.MyLibrary.javadoc" value="" />
    <property name="libs.SimpleStringEncrypt.classpath" value="/Users/E/Dropbox/comp350/HW1/lib/jasypt-1.9.2/lib" />
    <property name="libs.jsf20.classpath" value="/Applications/NetBeans/NetBeans 7.4.app/Contents/Resources/NetBeans/enterprise/modules/ext/jsf-2_2/javax.faces.jar" />
    <property name="ap.processors.internal" value="" />
    <property name="meta.inf.dir" value="${src.dir}/META-INF" />
    <property name="javadoc.encoding.used" value="UTF-8" />
    <property name="dist.jar" value="dist/early_warning_fire_system.jar" />
    <property name="java.runtime.name" value="Java(TM) SE Runtime Environment" />
    <property name="ant.project.name" value="early_warning_fire_system" />
    <property name="netbeans.hash.code" value="unique=NB_JAVA_WEBCOMMON_WEBEE_GFMOD025962615-959a-4e55-abc9-4e71dee6a825_bd73b122-86e5-4db3-adbb-98211dad9a94" />
    <property name="netbeans.default_userdir_root" value="/Users/E/Library/Application Support/NetBeans" />
    <property name="libs.jsp-compilation-syscp.maven-pom" value="" />
    <property name="sun.cpu.isalist" value="" />
    <property name="libs.CopyLibs.javadoc" value="" />
    <property name="libs.hibernate-persistencemodelgen.maven-pom" value="" />
    <property name="org.openide.specification.version" value="6.2" />
    <property name="libs.hibernate-support.classpath" value="/Applications/NetBeans/NetBeans 7.4.app/Contents/Resources/NetBeans/java/modules/ext/hibernate/dom4j-1.6.1.jar:/Applications/NetBeans/NetBeans 7.4.app/Contents/Resources/NetBeans/java/modules/ext/hibernate/antlr-2.7.6.jar:/Applications/NetBeans/NetBeans 7.4.app/Contents/Resources/NetBeans/java/modules/ext/hibernate/cglib-2.2.jar:/Applications/NetBeans/NetBeans 7.4.app/Contents/Resources/NetBeans/java/modules/ext/hibernate/commons-collections-3.1.jar:/Applications/NetBeans/NetBeans 7.4.app/Contents/Resources/NetBeans/java/modules/ext/hibernate/jta-1.1.jar:/Applications/NetBeans/NetBeans 7.4.app/Contents/Resources/NetBeans/java/modules/ext/hibernate/hibernate-core-3.6.10.Final.jar:/Applications/NetBeans/NetBeans 7.4.app/Contents/Resources/NetBeans/java/modules/ext/hibernate/hibernate-commons-annotations-3.2.0.Final.jar:/Applications/NetBeans/NetBeans 7.4.app/Contents/Resources/NetBeans/java/modules/ext/hibernate/hibernate-entitymanager-3.6.10.Final.jar:/Applications/NetBeans/NetBeans 7.4.app/Contents/Resources/NetBeans/java/modules/ext/hibernate/hibernate-tools-3.6.0.CR1.jar:/Applications/NetBeans/NetBeans 7.4.app/Contents/Resources/NetBeans/java/modules/ext/hibernate/javassist-3.12.0.GA.jar:/Applications/NetBeans/NetBeans 7.4.app/Contents/Resources/NetBeans/java/modules/ext/hibernate/c3p0-0.9.1.jar:/Applications/NetBeans/NetBeans 7.4.app/Contents/Resources/NetBeans/java/modules/ext/hibernate/oscache-2.1.jar:/Applications/NetBeans/NetBeans 7.4.app/Contents/Resources/NetBeans/java/modules/ext/hibernate/slf4j-api-1.6.1.jar:/Applications/NetBeans/NetBeans 7.4.app/Contents/Resources/NetBeans/java/modules/ext/hibernate/slf4j-simple-1.6.1.jar" />
    <property name="user.home" value="/Users/E" />
    <property name="annotation.processing.processors.list" value="" />
    <property name="libs.primefaces.maven-pom" value="" />
    <property name="debug-args-line" value="-Xdebug" />
    <property name="libs.javaee-api-6.0.maven-pom" value="" />
    <property name="libs.JWSAntTasks.src" value="" />
    <property name="jar.index" value="false" />
    <property name="libs.CopyLibs.maven-pom" value="" />
    <property name="libs.spring-framework300.javadoc" value="" />
    <property name="libs.hibernate-persistence.maven-pom" value="" />
    <property name="libs.absolutelayout.javadoc" value="" />
    <property name="java.specification.name" value="Java Platform API Specification" />
    <property name="do.archive+main.class.available" value="true" />
    <property name="java.specification.vendor" value="Oracle Corporation" />
    <property name="libs.javac-api.classpath" value="/Applications/NetBeans/NetBeans 7.4.app/Contents/Resources/NetBeans/java/modules/ext/nb-javac-api.jar" />
    <property name="java.version" value="1.8.0_05" />
    <property name="run.jvmargs.ide" value="" />
    <property name="javadoc.version" value="false" />
    <property name="libs.MySQLDriver.javadoc" value="" />
    <property name="org.openide.version" value="deprecated" />
    <property name="source.encoding" value="UTF-8" />
    <property name="platform.java" value="/Library/Java/JavaVirtualMachines/jdk1.8.0_05.jdk/Contents/Home/jre/bin/java" />
    <property name="ap.cmd.line.internal" value="" />
    <property name="libs.eclipselinkmodelgen.maven-pom" value="" />
    <property name="libs.jsp-compilation-syscp.javadoc" value="" />
    <property name="libs.junit.maven-pom" value="" />
    <property name="libs.eclipselinkmodelgen.javadoc" value="" />
    <property name="libs.javaee-endorsed-api-7.0.classpath" value="/Applications/NetBeans/NetBeans 7.4.app/Contents/Resources/NetBeans/enterprise/modules/ext/javaee7-endorsed/javax.annotation-api.jar:/Applications/NetBeans/NetBeans 7.4.app/Contents/Resources/NetBeans/enterprise/modules/ext/javaee7-endorsed/javax.xml.soap-api.jar:/Applications/NetBeans/NetBeans 7.4.app/Contents/Resources/NetBeans/enterprise/modules/ext/javaee7-endorsed/jaxb-api-osgi.jar:/Applications/NetBeans/NetBeans 7.4.app/Contents/Resources/NetBeans/enterprise/modules/ext/javaee7-endorsed/jaxws-api.jar:/Applications/NetBeans/NetBeans 7.4.app/Contents/Resources/NetBeans/enterprise/modules/ext/javaee7-endorsed/jsr181-api.jar" />
    <property name="libs.metro.javadoc" value="/Applications/NetBeans/NetBeans 7.4.app/Contents/Resources/NetBeans/enterprise/docs/metro-1.4-doc.zip" />
    <property name="file.reference.derbynet.jar" value="lib/derbynet.jar" />
    <property name="libs.struts.maven-pom" value="" />
    <property name="netbeans.home+have.tests" value="true" />
    <property name="annotation.processing.processor.options" value="" />
    <property name="libs.testng.maven-pom" value="" />
    <property name="libs.jaxb.src" value="" />
    <property name="work.dir" value="/Users/E/Dropbox/comp350/Re_Team2/early_warning_fire_system" />
    <property name="libs.jaxb.classpath" value="/Applications/NetBeans/NetBeans 7.4.app/Contents/Resources/NetBeans/ide/modules/ext/jaxb/jaxb-impl.jar:/Applications/NetBeans/NetBeans 7.4.app/Contents/Resources/NetBeans/ide/modules/ext/jaxb/jaxb-xjc.jar:/Applications/NetBeans/NetBeans 7.4.app/Contents/Resources/NetBeans/ide/modules/ext/jaxb/jaxb1-impl.jar:/Applications/NetBeans/NetBeans 7.4.app/Contents/Resources/NetBeans/ide/modules/ext/jaxb/activation.jar:/Applications/NetBeans/NetBeans 7.4.app/Contents/Resources/NetBeans/ide/modules/ext/jaxb/api/jaxb-api.jar:/Applications/NetBeans/NetBeans 7.4.app/Contents/Resources/NetBeans/ide/modules/ext/jaxb/api/jsr173_1.0_api.jar" />
    <property name="do.depend" value="false" />
    <property name="dist.javadoc.dir" value="dist/javadoc" />
    <property name="libs.spring-webmvc3.0.classpath" value="/Applications/NetBeans/NetBeans 7.4.app/Contents/Resources/NetBeans/java/modules/ext/spring-3.0/spring-webmvc-3.2.3.RELEASE.jar" />
    <property name="libs.swing-layout.classpath" value="/Applications/NetBeans/NetBeans 7.4.app/Contents/Resources/NetBeans/platform/modules/ext/swing-layout-1.0.4.jar" />
    <property name="libs.javaee-web-api-7.0.maven-pom" value="" />
    <property name="libs.restlib.src" value="" />
    <property name="javac.source" value="1.7" />
    <property name="build.generated.dir" value="build/generated" />
    <property name="libs.hibernate-persistence.src" value="" />
    <property name="line.separator" value="&#xa;" />
    <property name="java.specification.version" value="1.8" />
    <property name="java.vm.info" value="mixed mode" />
    <property name="libs.jaxws21.maven-pom" value="" />
    <property name="nb.junit.batch" value="true" />
    <property name="junit.forkmode" value="perTest" />
    <property name="file.reference.hamcrest-core-1.3.jar" value="lib/hamcrest-core-1.3.jar" />
    <property name="libs.spring-framework.maven-pom" value="" />
    <property name="sun.boot.class.path" value="/Library/Java/JavaVirtualMachines/jdk1.8.0_05.jdk/Contents/Home/jre/lib/resources.jar:/Library/Java/JavaVirtualMachines/jdk1.8.0_05.jdk/Contents/Home/jre/lib/rt.jar:/Library/Java/JavaVirtualMachines/jdk1.8.0_05.jdk/Contents/Home/jre/lib/sunrsasign.jar:/Library/Java/JavaVirtualMachines/jdk1.8.0_05.jdk/Contents/Home/jre/lib/jsse.jar:/Library/Java/JavaVirtualMachines/jdk1.8.0_05.jdk/Contents/Home/jre/lib/jce.jar:/Library/Java/JavaVirtualMachines/jdk1.8.0_05.jdk/Contents/Home/jre/lib/charsets.jar:/Library/Java/JavaVirtualMachines/jdk1.8.0_05.jdk/Contents/Home/jre/lib/jfr.jar:/Library/Java/JavaVirtualMachines/jdk1.8.0_05.jdk/Contents/Home/jre/classes" />
    <property name="file.reference.Re_Team2-EarlyWarningSRC" value="../EarlyWarningSRC" />
    <property name="javac.target" value="1.7" />
    <property name="built-jar.properties" value="/Users/E/Dropbox/comp350/Re_Team2/early_warning_fire_system/build/built-jar.properties" />
    <property name="build.test.classes.dir" value="build/test/classes" />
    <property name="annotation.processing.enabled" value="true" />
    <property name="libs.jsf20.src" value="" />
    <property name="libs.jpa20-persistence.src" value="" />
    <property name="libs.jsf12.src" value="" />
    <property name="libs.JAVADB_DRIVER_LABEL.maven-pom" value="" />
    <property name="nbplatform.default.netbeans.dest.dir" value="/Applications/NetBeans/NetBeans 7.4.app/Contents/Resources/NetBeans" />
    <property name="libs.struts.javadoc" value="/Applications/NetBeans/NetBeans 7.4.app/Contents/Resources/NetBeans/enterprise/docs/struts-1.3.10-javadoc.zip" />
    <property name="ignore.failing.tests" value="true" />
    <property name="libs.Comet-GlassFish-v3.classpath" value="" />
    <property name="libs.javaee-web-api-7.0.src" value="" />
    <property name="libs.primefaces.src" value="" />
    <property name="dist.dir" value="dist" />
    <property name="testng.debug.mode" value="" />
    <property name="javac.fork" value="false" />
    <property name="java.awt.printerjob" value="sun.lwawt.macosx.CPrinterJob" />
    <property name="default.javac.source" value="1.8" />
    <property name="debug-transport-by-os" value="dt_socket" />
    <property name="libs.MySQLDriver.src" value="" />
    <property name="sun.jnu.encoding" value="UTF-8" />
    <property name="file.reference.activation.jar" value="lib/activation.jar" />
    <property name="java.runtime.version" value="1.8.0_05-b13" />
    <property name="build.test.results.dir" value="build/test/results" />
    <property name="libs.ejb3-persistence.javadoc" value="" />
    <property name="jna.platform.library.path" value="/usr/lib:/usr/lib" />
    <property name="default.javac.target" value="1.8" />
    <property name="libs.junit_4.classpath" value="/Applications/NetBeans/NetBeans 7.4.app/Contents/Resources/NetBeans/platform/modules/ext/junit-4.10.jar" />
    <property name="user.timezone" value="America/Los_Angeles" />
    <property name="nb.junit.single" value="false" />
    <property name="do.jar" value="true" />
    <property name="libs.javaee-endorsed-api-6.0.maven-pom" value="" />
    <property name="libs.JAVADB_DRIVER_LABEL.javadoc" value="" />
    <property name="netbeans.dirs" value="/Applications/NetBeans/NetBeans 7.4.app/Contents/Resources/NetBeans/nb:/Applications/NetBeans/NetBeans 7.4.app/Contents/Resources/NetBeans/ergonomics:/Applications/NetBeans/NetBeans 7.4.app/Contents/Resources/NetBeans/ide:/Applications/NetBeans/NetBeans 7.4.app/Contents/Resources/NetBeans/extide:/Applications/NetBeans/NetBeans 7.4.app/Contents/Resources/NetBeans/java:/Applications/NetBeans/NetBeans 7.4.app/Contents/Resources/NetBeans/apisupport:/Applications/NetBeans/NetBeans 7.4.app/Contents/Resources/NetBeans/webcommon:/Applications/NetBeans/NetBeans 7.4.app/Contents/Resources/NetBeans/websvccommon:/Applications/NetBeans/NetBeans 7.4.app/Contents/Resources/NetBeans/enterprise:/Applications/NetBeans/NetBeans 7.4.app/Contents/Resources/NetBeans/mobility:/Applications/NetBeans/NetBeans 7.4.app/Contents/Resources/NetBeans/profiler:/Applications/NetBeans/NetBeans 7.4.app/Contents/Resources/NetBeans/python:/Applications/NetBeans/NetBeans 7.4.app/Contents/Resources/NetBeans/php:/Applications/NetBeans/NetBeans 7.4.app/Contents/Resources/NetBeans/identity:/Applications/NetBeans/NetBeans 7.4.app/Contents/Resources/NetBeans/harness:/Applications/NetBeans/NetBeans 7.4.app/Contents/Resources/NetBeans/cnd:/Applications/NetBeans/NetBeans 7.4.app/Contents/Resources/NetBeans/dlight:/Applications/NetBeans/NetBeans 7.4.app/Contents/Resources/NetBeans/groovy:/Applications/NetBeans/NetBeans 7.4.app/Contents/Resources/NetBeans/extra:/Applications/NetBeans/NetBeans 7.4.app/Contents/Resources/NetBeans/javacard:/Applications/NetBeans/NetBeans 7.4.app/Contents/Resources/NetBeans/javafx:" />
    <property name="libs.jsf20.javadoc" value="/Applications/NetBeans/NetBeans 7.4.app/Contents/Resources/NetBeans/enterprise/docs/javaee-doc-api.jar" />
    <property name="libs.jstl.javadoc" value="/Applications/NetBeans/NetBeans 7.4.app/Contents/Resources/NetBeans/enterprise/docs/javaee-doc-api.jar" />
    <property name="java.ext.dirs" value="/Users/E/Library/Java/Extensions:/Library/Java/JavaVirtualMachines/jdk1.8.0_05.jdk/Contents/Home/jre/lib/ext:/Library/Java/Extensions:/Network/Library/Java/Extensions:/System/Library/Java/Extensions:/usr/lib/java" />
    <property name="libs.MyLibrary.maven-pom" value="" />
    <property name="libs.metro.src" value="" />
    <property name="endorsed.classpath" value="" />
    <property name="libs.absolutelayout.classpath" value="/Applications/NetBeans/NetBeans 7.4.app/Contents/Resources/NetBeans/java/modules/ext/AbsoluteLayout.jar" />
    <property name="excludes" value="" />
    <property name="libs.metro.classpath" value="/Applications/NetBeans/NetBeans 7.4.app/Contents/Resources/NetBeans/ide/modules/ext/jaxb/activation.jar:/Applications/NetBeans/NetBeans 7.4.app/Contents/Resources/NetBeans/enterprise/modules/ext/metro/webservices-api.jar:/Applications/NetBeans/NetBeans 7.4.app/Contents/Resources/NetBeans/enterprise/modules/ext/metro/webservices-extra-api.jar:/Applications/NetBeans/NetBeans 7.4.app/Contents/Resources/NetBeans/enterprise/modules/ext/metro/webservices-extra.jar:/Applications/NetBeans/NetBeans 7.4.app/Contents/Resources/NetBeans/enterprise/modules/ext/metro/webservices-rt.jar:/Applications/NetBeans/NetBeans 7.4.app/Contents/Resources/NetBeans/enterprise/modules/ext/metro/webservices-tools.jar" />
    <property name="libs.restlib.maven-pom" value="" />
    <property name="java.class.path" value="/Users/E/Dropbox/comp350/Re_Team2/early_warning_fire_system/lib/activation.jar:/Users/E/Dropbox/comp350/Re_Team2/early_warning_fire_system/lib/derby.jar:/Users/E/Dropbox/comp350/Re_Team2/early_warning_fire_system/lib/derbyclient.jar:/Users/E/Dropbox/comp350/Re_Team2/early_warning_fire_system/lib/derbynet.jar:/Users/E/Dropbox/comp350/Re_Team2/early_warning_fire_system/lib/javax.mail.jar:/Users/E/Dropbox/comp350/Re_Team2/early_warning_fire_system/lib/jxl-2.6.jar:/Users/E/Dropbox/comp350/Re_Team2/early_warning_fire_system/build/classes:/Users/E/Dropbox/comp350/Re_Team2/early_warning_fire_system/lib/junit.jar:/Users/E/Dropbox/comp350/Re_Team2/early_warning_fire_system/lib/jasypt-1.9.2.jar:/Users/E/Dropbox/comp350/Re_Team2/early_warning_fire_system/lib/joda-time-2.3.jar:/Users/E/Dropbox/comp350/Re_Team2/early_warning_fire_system/build/test/classes:/Users/E/Dropbox/comp350/Re_Team2/early_warning_fire_system/lib/hamcrest-core-1.3.jar:/Applications/NetBeans/NetBeans 7.4.app/Contents/Resources/NetBeans/extide/ant/lib/ant-launcher.jar:/Applications/NetBeans/NetBeans 7.4.app/Contents/Resources/NetBeans/extide/ant/lib/ant.jar:/Applications/NetBeans/NetBeans 7.4.app/Contents/Resources/NetBeans/extide/ant/lib/ant-junit.jar:/Applications/NetBeans/NetBeans 7.4.app/Contents/Resources/NetBeans/extide/ant/lib/ant-junit4.jar" />
    <property name="apple.laf.useScreenMenuBar" value="true" />
    <property name="do.mkdist" value="true" />
    <property name="libs.absolutelayout.src" value="" />
    <property name="libs.jpa20-persistence.classpath" value="/Applications/NetBeans/NetBeans 7.4.app/Contents/Resources/NetBeans/java/modules/ext/eclipselink/javax.persistence_2.1.0.v201304241213.jar" />
    <property name="os.version" value="10.9.2" />
    <property name="libs.hibernate-persistencemodelgen.src" value="" />
    <property name="application.args" value="" />
    <property name="libs.EclipseLink-GlassFish-v3.javadoc" value="/Applications/NetBeans/NetBeans 7.4.app/Contents/Resources/NetBeans/enterprise/docs/javaee-doc-api.jar" />
    <property name="libs.javaee-api-7.0.maven-pom" value="" />
    <property name="main.class.available" value="true" />
    <property name="sun.awt.enableExtraMouseButtons" value="true" />
    <property name="libs.Comet-GlassFish-v3.src" value="" />
    <property name="libs.restlib.javadoc" value="" />
    <property name="libs.JAXB-ENDORSED.classpath" value="/Applications/NetBeans/NetBeans 7.4.app/Contents/Resources/NetBeans/ide/modules/ext/jaxb/api/jaxb-api.jar" />
    <property name="nb.internal.action.name" value="test" />
    <property name="libs.javaee-api-7.0.javadoc" value="/Applications/NetBeans/NetBeans 7.4.app/Contents/Resources/NetBeans/enterprise/docs/javaee-doc-api.jar" />
    <property name="libs.eclipselink.classpath" value="/Applications/NetBeans/NetBeans 7.4.app/Contents/Resources/NetBeans/java/modules/ext/eclipselink/eclipselink.jar:/Applications/NetBeans/NetBeans 7.4.app/Contents/Resources/NetBeans/java/modules/ext/eclipselink/javax.persistence_2.1.0.v201304241213.jar:/Applications/NetBeans/NetBeans 7.4.app/Contents/Resources/NetBeans/java/modules/ext/eclipselink/org.eclipse.persistence.jpa.jpql_2.5.1.v20130918-f2b9fc5.jar" />
    <property name="libs.beans-binding.javadoc" value="/Applications/NetBeans/NetBeans 7.4.app/Contents/Resources/NetBeans/java/docs/beansbinding-1.2.1-doc.zip" />
    <property name="java.awt.graphicsenv" value="sun.awt.CGraphicsEnvironment" />
    <property name="java.vm.vendor" value="Oracle Corporation" />
    <property name="libs.CopyLibs.classpath" value="/Applications/NetBeans/NetBeans 7.4.app/Contents/Resources/NetBeans/java/ant/extra/org-netbeans-modules-java-j2seproject-copylibstask.jar" />
    <property name="ant.file.type.early_warning_fire_system" value="file" />
    <property name="libs.spring-framework300.classpath" value="/Applications/NetBeans/NetBeans 7.4.app/Contents/Resources/NetBeans/ide/modules/org-apache-commons-logging.jar:/Applications/NetBeans/NetBeans 7.4.app/Contents/Resources/NetBeans/java/modules/ext/cglib-2.2.jar:/Applications/NetBeans/NetBeans 7.4.app/Contents/Resources/NetBeans/java/modules/ext/spring-3.0/spring-aop-3.2.3.RELEASE.jar:/Applications/NetBeans/NetBeans 7.4.app/Contents/Resources/NetBeans/java/modules/ext/spring-3.0/spring-aspects-3.2.3.RELEASE.jar:/Applications/NetBeans/NetBeans 7.4.app/Contents/Resources/NetBeans/java/modules/ext/spring-3.0/spring-beans-3.2.3.RELEASE.jar:/Applications/NetBeans/NetBeans 7.4.app/Contents/Resources/NetBeans/java/modules/ext/spring-3.0/spring-build-src-3.2.3.RELEASE.jar:/Applications/NetBeans/NetBeans 7.4.app/Contents/Resources/NetBeans/java/modules/ext/spring-3.0/spring-context-3.2.3.RELEASE.jar:/Applications/NetBeans/NetBeans 7.4.app/Contents/Resources/NetBeans/java/modules/ext/spring-3.0/spring-context-support-3.2.3.RELEASE.jar:/Applications/NetBeans/NetBeans 7.4.app/Contents/Resources/NetBeans/java/modules/ext/spring-3.0/spring-core-3.2.3.RELEASE.jar:/Applications/NetBeans/NetBeans 7.4.app/Contents/Resources/NetBeans/java/modules/ext/spring-3.0/spring-expression-3.2.3.RELEASE.jar:/Applications/NetBeans/NetBeans 7.4.app/Contents/Resources/NetBeans/java/modules/ext/spring-3.0/spring-instrument-3.2.3.RELEASE.jar:/Applications/NetBeans/NetBeans 7.4.app/Contents/Resources/NetBeans/java/modules/ext/spring-3.0/spring-instrument-tomcat-3.2.3.RELEASE.jar:/Applications/NetBeans/NetBeans 7.4.app/Contents/Resources/NetBeans/java/modules/ext/spring-3.0/spring-jdbc-3.2.3.RELEASE.jar:/Applications/NetBeans/NetBeans 7.4.app/Contents/Resources/NetBeans/java/modules/ext/spring-3.0/spring-jms-3.2.3.RELEASE.jar:/Applications/NetBeans/NetBeans 7.4.app/Contents/Resources/NetBeans/java/modules/ext/spring-3.0/spring-orm-3.2.3.RELEASE.jar:/Applications/NetBeans/NetBeans 7.4.app/Contents/Resources/NetBeans/java/modules/ext/spring-3.0/spring-oxm-3.2.3.RELEASE.jar:/Applications/NetBeans/NetBeans 7.4.app/Contents/Resources/NetBeans/java/modules/ext/spring-3.0/spring-struts-3.2.3.RELEASE.jar:/Applications/NetBeans/NetBeans 7.4.app/Contents/Resources/NetBeans/java/modules/ext/spring-3.0/spring-test-3.2.3.RELEASE.jar:/Applications/NetBeans/NetBeans 7.4.app/Contents/Resources/NetBeans/java/modules/ext/spring-3.0/spring-tx-3.2.3.RELEASE.jar:/Applications/NetBeans/NetBeans 7.4.app/Contents/Resources/NetBeans/java/modules/ext/spring-3.0/spring-web-3.2.3.RELEASE.jar:/Applications/NetBeans/NetBeans 7.4.app/Contents/Resources/NetBeans/java/modules/ext/spring-3.0/spring-webmvc-3.2.3.RELEASE.jar:/Applications/NetBeans/NetBeans 7.4.app/Contents/Resources/NetBeans/java/modules/ext/spring-3.0/spring-webmvc-portlet-3.2.3.RELEASE.jar" />
    <property name="libs.jsp-compiler.maven-pom" value="" />
    <property name="libs.spring-webmvc.maven-pom" value="" />
    <property name="run.jvmargs" value="" />
    <property name="libs.ejb3-persistence.classpath" value="/Applications/NetBeans/NetBeans 7.4.app/Contents/Resources/NetBeans/java/modules/ext/hibernate/hibernate-jpa-2.0-api-1.0.1.Final.jar" />
    <property name="libs.hibernate-persistencemodelgen.javadoc" value="" />
    <property name="libs.JAXB-ENDORSED.src" value="" />
    <property name="libs.spring-framework.javadoc" value="" />
    <property name="dist.archive.excludes" value="" />
    <property name="libs.testng.javadoc" value="/Applications/NetBeans/NetBeans 7.4.app/Contents/Resources/NetBeans/platform/docs/testng-6.8.1-javadoc.zip" />
    <property name="libs.PostgreSQLDriver.classpath" value="/Applications/NetBeans/NetBeans 7.4.app/Contents/Resources/NetBeans/ide/modules/ext/postgresql-9.2-1002.jdbc4.jar" />
    <property name="libs.jsf12.maven-pom" value="" />
    <property name="libs.junit.src" value="" />
    <property name="annotation.processing.source.output" value="build/generated-sources/ap-source-output" />
    <property name="main.class" value="source.Main" />
    <property name="build.dir" value="build" />
    <property name="libs.CopyLibs.src" value="" />
    <property name="libs.jsp-compilation.classpath" value="/Applications/NetBeans/NetBeans 7.4.app/Contents/Resources/NetBeans/extide/ant/lib/ant.jar:/Applications/NetBeans/NetBeans 7.4.app/Contents/Resources/NetBeans/enterprise/modules/ext/servlet3.1-jsp2.3-api.jar:/Applications/NetBeans/NetBeans 7.4.app/Contents/Resources/NetBeans/enterprise/modules/ext/glassfish-jspparser-4.0.jar:/Applications/NetBeans/NetBeans 7.4.app/Contents/Resources/NetBeans/enterprise/modules/ext/jsf-2_2/javax.faces.jar:/Applications/NetBeans/NetBeans 7.4.app/Contents/Resources/NetBeans/enterprise/modules/ext/jstl-api.jar:/Applications/NetBeans/NetBeans 7.4.app/Contents/Resources/NetBeans/extide/ant/lib/ant-launcher.jar" />
    <property name="ant.version" value="Apache Ant(TM) version 1.9.1 compiled on May 15 2013" />
    <property name="file.reference.derby.jar" value="lib/derby.jar" />
    <property name="file.encoding" value="UTF-8" />
    <property name="build.classes.excludes" value="**/*.java,**/*.form" />
    <property name="jdkBug6558476" value="false" />
    <property name="javadoc.nonavbar" value="false" />
    <property name="platform.active" value="default_platform" />
    <property name="awt.toolkit" value="sun.lwawt.macosx.LWCToolkit" />
    <property name="libs.javaee-web-api-7.0.javadoc" value="/Applications/NetBeans/NetBeans 7.4.app/Contents/Resources/NetBeans/enterprise/docs/javaee-doc-api.jar" />
  </properties>
  <testcase classname="source.Excel_ExporterTest" name="testFillData" time="0.08">
    <error type="java.lang.NullPointerException">java.lang.NullPointerException
	at source.Excel_Exporter.fillData(Excel_Exporter.java:17)
	at source.Excel_ExporterTest.testFillData(Excel_ExporterTest.java:41)
</error>
  </testcase>
  <system-out><![CDATA[Server Started
fillData
]]></system-out>
  <system-err><![CDATA[]]></system-err>
</testsuite>
